ARM GAS  C:\Users\Matty\AppData\Local\Temp\ccT2lCWN.s 			page 1


   1              		.cpu cortex-m0
   2              		.fpu softvfp
   3              		.eabi_attribute 20, 1
   4              		.eabi_attribute 21, 1
   5              		.eabi_attribute 23, 3
   6              		.eabi_attribute 24, 1
   7              		.eabi_attribute 25, 1
   8              		.eabi_attribute 26, 1
   9              		.eabi_attribute 30, 6
  10              		.eabi_attribute 34, 0
  11              		.eabi_attribute 18, 4
  12              		.code	16
  13              		.file	"cyfitter_cfg.c"
  14              		.text
  15              	.Ltext0:
  16              		.cfi_sections	.debug_frame
  17              		.section	.text.CYMEMZERO,"ax",%progbits
  18              		.align	2
  19              		.code	16
  20              		.thumb_func
  21              		.type	CYMEMZERO, %function
  22              	CYMEMZERO:
  23              	.LFB0:
  24              		.file 1 ".\\Generated_Source\\PSoC4\\cyfitter_cfg.c"
   1:.\Generated_Source\PSoC4/cyfitter_cfg.c **** /*******************************************************************************
   2:.\Generated_Source\PSoC4/cyfitter_cfg.c **** * FILENAME: cyfitter_cfg.c
   3:.\Generated_Source\PSoC4/cyfitter_cfg.c **** * PSoC Creator  3.1 SP1
   4:.\Generated_Source\PSoC4/cyfitter_cfg.c **** *
   5:.\Generated_Source\PSoC4/cyfitter_cfg.c **** * Description:
   6:.\Generated_Source\PSoC4/cyfitter_cfg.c **** * This file is automatically generated by PSoC Creator with device 
   7:.\Generated_Source\PSoC4/cyfitter_cfg.c **** * initialization code.  Except for the user defined sections in
   8:.\Generated_Source\PSoC4/cyfitter_cfg.c **** * CyClockStartupError(), this file should not be modified.
   9:.\Generated_Source\PSoC4/cyfitter_cfg.c **** *
  10:.\Generated_Source\PSoC4/cyfitter_cfg.c **** ********************************************************************************
  11:.\Generated_Source\PSoC4/cyfitter_cfg.c **** * Copyright 2013, Cypress Semiconductor Corporation.  All rights reserved.
  12:.\Generated_Source\PSoC4/cyfitter_cfg.c **** * You may use this file only in accordance with the license, terms, conditions, 
  13:.\Generated_Source\PSoC4/cyfitter_cfg.c **** * disclaimers, and limitations in the end user license agreement accompanying 
  14:.\Generated_Source\PSoC4/cyfitter_cfg.c **** * the software package with which this file was provided.
  15:.\Generated_Source\PSoC4/cyfitter_cfg.c **** ********************************************************************************/
  16:.\Generated_Source\PSoC4/cyfitter_cfg.c **** 
  17:.\Generated_Source\PSoC4/cyfitter_cfg.c **** #include <string.h>
  18:.\Generated_Source\PSoC4/cyfitter_cfg.c **** #include <cytypes.h>
  19:.\Generated_Source\PSoC4/cyfitter_cfg.c **** #include <cydevice_trm.h>
  20:.\Generated_Source\PSoC4/cyfitter_cfg.c **** #include <cyfitter.h>
  21:.\Generated_Source\PSoC4/cyfitter_cfg.c **** #include <CyLib.h>
  22:.\Generated_Source\PSoC4/cyfitter_cfg.c **** #include <cyfitter_cfg.h>
  23:.\Generated_Source\PSoC4/cyfitter_cfg.c **** 
  24:.\Generated_Source\PSoC4/cyfitter_cfg.c **** 
  25:.\Generated_Source\PSoC4/cyfitter_cfg.c **** #if defined(__GNUC__) || defined(__ARMCC_VERSION)
  26:.\Generated_Source\PSoC4/cyfitter_cfg.c ****     #define CYPACKED 
  27:.\Generated_Source\PSoC4/cyfitter_cfg.c ****     #define CYPACKED_ATTR __attribute__ ((packed))
  28:.\Generated_Source\PSoC4/cyfitter_cfg.c ****     #define CYALIGNED __attribute__ ((aligned))
  29:.\Generated_Source\PSoC4/cyfitter_cfg.c ****     #define CY_CFG_UNUSED __attribute__ ((unused))
  30:.\Generated_Source\PSoC4/cyfitter_cfg.c ****     #define CY_CFG_SECTION __attribute__ ((section(".psocinit")))
  31:.\Generated_Source\PSoC4/cyfitter_cfg.c ****     
  32:.\Generated_Source\PSoC4/cyfitter_cfg.c ****     #if defined(__ARMCC_VERSION)
  33:.\Generated_Source\PSoC4/cyfitter_cfg.c ****         #define CY_CFG_MEMORY_BARRIER() __memory_changed()
ARM GAS  C:\Users\Matty\AppData\Local\Temp\ccT2lCWN.s 			page 2


  34:.\Generated_Source\PSoC4/cyfitter_cfg.c ****     #else
  35:.\Generated_Source\PSoC4/cyfitter_cfg.c ****         #define CY_CFG_MEMORY_BARRIER() __sync_synchronize()
  36:.\Generated_Source\PSoC4/cyfitter_cfg.c ****     #endif
  37:.\Generated_Source\PSoC4/cyfitter_cfg.c ****     
  38:.\Generated_Source\PSoC4/cyfitter_cfg.c **** #elif defined(__ICCARM__)
  39:.\Generated_Source\PSoC4/cyfitter_cfg.c ****     #include <intrinsics.h>
  40:.\Generated_Source\PSoC4/cyfitter_cfg.c **** 
  41:.\Generated_Source\PSoC4/cyfitter_cfg.c ****     #define CYPACKED __packed
  42:.\Generated_Source\PSoC4/cyfitter_cfg.c ****     #define CYPACKED_ATTR 
  43:.\Generated_Source\PSoC4/cyfitter_cfg.c ****     #define CYALIGNED _Pragma("data_alignment=4")
  44:.\Generated_Source\PSoC4/cyfitter_cfg.c ****     #define CY_CFG_UNUSED _Pragma("diag_suppress=Pe177")
  45:.\Generated_Source\PSoC4/cyfitter_cfg.c ****     #define CY_CFG_SECTION _Pragma("location=\".psocinit\"")
  46:.\Generated_Source\PSoC4/cyfitter_cfg.c ****     
  47:.\Generated_Source\PSoC4/cyfitter_cfg.c ****     #define CY_CFG_MEMORY_BARRIER() __DMB()
  48:.\Generated_Source\PSoC4/cyfitter_cfg.c ****     
  49:.\Generated_Source\PSoC4/cyfitter_cfg.c **** #else
  50:.\Generated_Source\PSoC4/cyfitter_cfg.c ****     #error Unsupported toolchain
  51:.\Generated_Source\PSoC4/cyfitter_cfg.c **** #endif
  52:.\Generated_Source\PSoC4/cyfitter_cfg.c **** 
  53:.\Generated_Source\PSoC4/cyfitter_cfg.c **** 
  54:.\Generated_Source\PSoC4/cyfitter_cfg.c **** CY_CFG_UNUSED
  55:.\Generated_Source\PSoC4/cyfitter_cfg.c **** static void CYMEMZERO(void *s, size_t n);
  56:.\Generated_Source\PSoC4/cyfitter_cfg.c **** CY_CFG_UNUSED
  57:.\Generated_Source\PSoC4/cyfitter_cfg.c **** static void CYMEMZERO(void *s, size_t n)
  58:.\Generated_Source\PSoC4/cyfitter_cfg.c **** {
  25              		.loc 1 58 0
  26              		.cfi_startproc
  27 0000 80B5     		push	{r7, lr}
  28              		.cfi_def_cfa_offset 8
  29              		.cfi_offset 7, -8
  30              		.cfi_offset 14, -4
  31 0002 82B0     		sub	sp, sp, #8
  32              		.cfi_def_cfa_offset 16
  33 0004 00AF     		add	r7, sp, #0
  34              		.cfi_def_cfa_register 7
  35 0006 7860     		str	r0, [r7, #4]
  36 0008 3960     		str	r1, [r7]
  59:.\Generated_Source\PSoC4/cyfitter_cfg.c **** 	(void)memset(s, 0, n);
  37              		.loc 1 59 0
  38 000a 7A68     		ldr	r2, [r7, #4]
  39 000c 3B68     		ldr	r3, [r7]
  40 000e 101C     		mov	r0, r2
  41 0010 0021     		mov	r1, #0
  42 0012 1A1C     		mov	r2, r3
  43 0014 FFF7FEFF 		bl	memset
  60:.\Generated_Source\PSoC4/cyfitter_cfg.c **** }
  44              		.loc 1 60 0
  45 0018 BD46     		mov	sp, r7
  46 001a 02B0     		add	sp, sp, #8
  47              		@ sp needed
  48 001c 80BD     		pop	{r7, pc}
  49              		.cfi_endproc
  50              	.LFE0:
  51              		.size	CYMEMZERO, .-CYMEMZERO
  52 001e C046     		.section	.text.CYCONFIGCPY,"ax",%progbits
  53              		.align	2
  54              		.code	16
ARM GAS  C:\Users\Matty\AppData\Local\Temp\ccT2lCWN.s 			page 3


  55              		.thumb_func
  56              		.type	CYCONFIGCPY, %function
  57              	CYCONFIGCPY:
  58              	.LFB1:
  61:.\Generated_Source\PSoC4/cyfitter_cfg.c **** CY_CFG_UNUSED
  62:.\Generated_Source\PSoC4/cyfitter_cfg.c **** static void CYCONFIGCPY(void *dest, const void *src, size_t n);
  63:.\Generated_Source\PSoC4/cyfitter_cfg.c **** CY_CFG_UNUSED
  64:.\Generated_Source\PSoC4/cyfitter_cfg.c **** static void CYCONFIGCPY(void *dest, const void *src, size_t n)
  65:.\Generated_Source\PSoC4/cyfitter_cfg.c **** {
  59              		.loc 1 65 0
  60              		.cfi_startproc
  61 0000 80B5     		push	{r7, lr}
  62              		.cfi_def_cfa_offset 8
  63              		.cfi_offset 7, -8
  64              		.cfi_offset 14, -4
  65 0002 84B0     		sub	sp, sp, #16
  66              		.cfi_def_cfa_offset 24
  67 0004 00AF     		add	r7, sp, #0
  68              		.cfi_def_cfa_register 7
  69 0006 F860     		str	r0, [r7, #12]
  70 0008 B960     		str	r1, [r7, #8]
  71 000a 7A60     		str	r2, [r7, #4]
  66:.\Generated_Source\PSoC4/cyfitter_cfg.c **** 	(void)memcpy(dest, src, n);
  72              		.loc 1 66 0
  73 000c F968     		ldr	r1, [r7, #12]
  74 000e BA68     		ldr	r2, [r7, #8]
  75 0010 7B68     		ldr	r3, [r7, #4]
  76 0012 081C     		mov	r0, r1
  77 0014 111C     		mov	r1, r2
  78 0016 1A1C     		mov	r2, r3
  79 0018 FFF7FEFF 		bl	memcpy
  67:.\Generated_Source\PSoC4/cyfitter_cfg.c **** }
  80              		.loc 1 67 0
  81 001c BD46     		mov	sp, r7
  82 001e 04B0     		add	sp, sp, #16
  83              		@ sp needed
  84 0020 80BD     		pop	{r7, pc}
  85              		.cfi_endproc
  86              	.LFE1:
  87              		.size	CYCONFIGCPY, .-CYCONFIGCPY
  88 0022 C046     		.section	.text.CYCONFIGCPYCODE,"ax",%progbits
  89              		.align	2
  90              		.code	16
  91              		.thumb_func
  92              		.type	CYCONFIGCPYCODE, %function
  93              	CYCONFIGCPYCODE:
  94              	.LFB2:
  68:.\Generated_Source\PSoC4/cyfitter_cfg.c **** CY_CFG_UNUSED
  69:.\Generated_Source\PSoC4/cyfitter_cfg.c **** static void CYCONFIGCPYCODE(void *dest, const void *src, size_t n);
  70:.\Generated_Source\PSoC4/cyfitter_cfg.c **** CY_CFG_UNUSED
  71:.\Generated_Source\PSoC4/cyfitter_cfg.c **** static void CYCONFIGCPYCODE(void *dest, const void *src, size_t n)
  72:.\Generated_Source\PSoC4/cyfitter_cfg.c **** {
  95              		.loc 1 72 0
  96              		.cfi_startproc
  97 0000 80B5     		push	{r7, lr}
  98              		.cfi_def_cfa_offset 8
  99              		.cfi_offset 7, -8
ARM GAS  C:\Users\Matty\AppData\Local\Temp\ccT2lCWN.s 			page 4


 100              		.cfi_offset 14, -4
 101 0002 84B0     		sub	sp, sp, #16
 102              		.cfi_def_cfa_offset 24
 103 0004 00AF     		add	r7, sp, #0
 104              		.cfi_def_cfa_register 7
 105 0006 F860     		str	r0, [r7, #12]
 106 0008 B960     		str	r1, [r7, #8]
 107 000a 7A60     		str	r2, [r7, #4]
  73:.\Generated_Source\PSoC4/cyfitter_cfg.c **** 	(void)memcpy(dest, src, n);
 108              		.loc 1 73 0
 109 000c F968     		ldr	r1, [r7, #12]
 110 000e BA68     		ldr	r2, [r7, #8]
 111 0010 7B68     		ldr	r3, [r7, #4]
 112 0012 081C     		mov	r0, r1
 113 0014 111C     		mov	r1, r2
 114 0016 1A1C     		mov	r2, r3
 115 0018 FFF7FEFF 		bl	memcpy
  74:.\Generated_Source\PSoC4/cyfitter_cfg.c **** }
 116              		.loc 1 74 0
 117 001c BD46     		mov	sp, r7
 118 001e 04B0     		add	sp, sp, #16
 119              		@ sp needed
 120 0020 80BD     		pop	{r7, pc}
 121              		.cfi_endproc
 122              	.LFE2:
 123              		.size	CYCONFIGCPYCODE, .-CYCONFIGCPYCODE
 124 0022 C046     		.section	.psocinit,"ax",%progbits
 125              		.align	2
 126              		.code	16
 127              		.thumb_func
 128              		.type	SetIMOBGTrims, %function
 129              	SetIMOBGTrims:
 130              	.LFB3:
  75:.\Generated_Source\PSoC4/cyfitter_cfg.c **** 
  76:.\Generated_Source\PSoC4/cyfitter_cfg.c **** 
  77:.\Generated_Source\PSoC4/cyfitter_cfg.c **** 
  78:.\Generated_Source\PSoC4/cyfitter_cfg.c **** /* Clock startup error codes                                                   */
  79:.\Generated_Source\PSoC4/cyfitter_cfg.c **** #define CYCLOCKSTART_NO_ERROR    0u
  80:.\Generated_Source\PSoC4/cyfitter_cfg.c **** #define CYCLOCKSTART_XTAL_ERROR  1u
  81:.\Generated_Source\PSoC4/cyfitter_cfg.c **** #define CYCLOCKSTART_32KHZ_ERROR 2u
  82:.\Generated_Source\PSoC4/cyfitter_cfg.c **** #define CYCLOCKSTART_PLL_ERROR   3u
  83:.\Generated_Source\PSoC4/cyfitter_cfg.c **** 
  84:.\Generated_Source\PSoC4/cyfitter_cfg.c **** #ifdef CY_NEED_CYCLOCKSTARTUPERROR
  85:.\Generated_Source\PSoC4/cyfitter_cfg.c **** /*******************************************************************************
  86:.\Generated_Source\PSoC4/cyfitter_cfg.c **** * Function Name: CyClockStartupError
  87:.\Generated_Source\PSoC4/cyfitter_cfg.c **** ********************************************************************************
  88:.\Generated_Source\PSoC4/cyfitter_cfg.c **** * Summary:
  89:.\Generated_Source\PSoC4/cyfitter_cfg.c **** *  If an error is encountered during clock configuration (crystal startup error,
  90:.\Generated_Source\PSoC4/cyfitter_cfg.c **** *  PLL lock error, etc.), the system will end up here.  Unless reimplemented by
  91:.\Generated_Source\PSoC4/cyfitter_cfg.c **** *  the customer, this function will stop in an infinite loop.
  92:.\Generated_Source\PSoC4/cyfitter_cfg.c **** *
  93:.\Generated_Source\PSoC4/cyfitter_cfg.c **** * Parameters:
  94:.\Generated_Source\PSoC4/cyfitter_cfg.c **** *   void
  95:.\Generated_Source\PSoC4/cyfitter_cfg.c **** *
  96:.\Generated_Source\PSoC4/cyfitter_cfg.c **** * Return:
  97:.\Generated_Source\PSoC4/cyfitter_cfg.c **** *   void
  98:.\Generated_Source\PSoC4/cyfitter_cfg.c **** *
ARM GAS  C:\Users\Matty\AppData\Local\Temp\ccT2lCWN.s 			page 5


  99:.\Generated_Source\PSoC4/cyfitter_cfg.c **** *******************************************************************************/
 100:.\Generated_Source\PSoC4/cyfitter_cfg.c **** CY_CFG_UNUSED
 101:.\Generated_Source\PSoC4/cyfitter_cfg.c **** static void CyClockStartupError(uint8 errorCode);
 102:.\Generated_Source\PSoC4/cyfitter_cfg.c **** CY_CFG_UNUSED
 103:.\Generated_Source\PSoC4/cyfitter_cfg.c **** static void CyClockStartupError(uint8 errorCode)
 104:.\Generated_Source\PSoC4/cyfitter_cfg.c **** {
 105:.\Generated_Source\PSoC4/cyfitter_cfg.c ****     /* To remove the compiler warning if errorCode not used.                */
 106:.\Generated_Source\PSoC4/cyfitter_cfg.c ****     errorCode = errorCode;
 107:.\Generated_Source\PSoC4/cyfitter_cfg.c **** 
 108:.\Generated_Source\PSoC4/cyfitter_cfg.c ****     /* `#START CyClockStartupError` */
 109:.\Generated_Source\PSoC4/cyfitter_cfg.c **** 
 110:.\Generated_Source\PSoC4/cyfitter_cfg.c ****     /* If we have a clock startup error (bad MHz crystal, PLL lock, etc.),  */
 111:.\Generated_Source\PSoC4/cyfitter_cfg.c ****     /* we will end up here to allow the customer to implement something to  */
 112:.\Generated_Source\PSoC4/cyfitter_cfg.c ****     /* deal with the clock condition.                                       */
 113:.\Generated_Source\PSoC4/cyfitter_cfg.c **** 
 114:.\Generated_Source\PSoC4/cyfitter_cfg.c ****     /* `#END` */
 115:.\Generated_Source\PSoC4/cyfitter_cfg.c **** 
 116:.\Generated_Source\PSoC4/cyfitter_cfg.c ****     /* If nothing else, stop here since the clocks have not started         */
 117:.\Generated_Source\PSoC4/cyfitter_cfg.c ****     /* correctly.                                                           */
 118:.\Generated_Source\PSoC4/cyfitter_cfg.c ****     while(1) {}
 119:.\Generated_Source\PSoC4/cyfitter_cfg.c **** }
 120:.\Generated_Source\PSoC4/cyfitter_cfg.c **** #endif
 121:.\Generated_Source\PSoC4/cyfitter_cfg.c **** 
 122:.\Generated_Source\PSoC4/cyfitter_cfg.c **** 
 123:.\Generated_Source\PSoC4/cyfitter_cfg.c **** /*******************************************************************************
 124:.\Generated_Source\PSoC4/cyfitter_cfg.c **** * Function Name: SetIMOBGTrims
 125:.\Generated_Source\PSoC4/cyfitter_cfg.c **** ********************************************************************************
 126:.\Generated_Source\PSoC4/cyfitter_cfg.c **** *
 127:.\Generated_Source\PSoC4/cyfitter_cfg.c **** * Summary:
 128:.\Generated_Source\PSoC4/cyfitter_cfg.c **** *   Performs the configuration of the bandgap trim for the IMO based on the given
 129:.\Generated_Source\PSoC4/cyfitter_cfg.c **** *   expected frequency of the IMO. 
 130:.\Generated_Source\PSoC4/cyfitter_cfg.c **** *
 131:.\Generated_Source\PSoC4/cyfitter_cfg.c **** * Parameters:
 132:.\Generated_Source\PSoC4/cyfitter_cfg.c **** *   imoFreq: Frequency for operation of the IMO.
 133:.\Generated_Source\PSoC4/cyfitter_cfg.c **** *
 134:.\Generated_Source\PSoC4/cyfitter_cfg.c **** * Return:
 135:.\Generated_Source\PSoC4/cyfitter_cfg.c **** *   void
 136:.\Generated_Source\PSoC4/cyfitter_cfg.c **** *
 137:.\Generated_Source\PSoC4/cyfitter_cfg.c **** *******************************************************************************/
 138:.\Generated_Source\PSoC4/cyfitter_cfg.c **** static void SetIMOBGTrims(uint8 imoFreq);
 139:.\Generated_Source\PSoC4/cyfitter_cfg.c **** CY_CFG_SECTION
 140:.\Generated_Source\PSoC4/cyfitter_cfg.c **** static void SetIMOBGTrims(uint8 imoFreq)
 141:.\Generated_Source\PSoC4/cyfitter_cfg.c **** {
 131              		.loc 1 141 0
 132              		.cfi_startproc
 133 0000 80B5     		push	{r7, lr}
 134              		.cfi_def_cfa_offset 8
 135              		.cfi_offset 7, -8
 136              		.cfi_offset 14, -4
 137 0002 84B0     		sub	sp, sp, #16
 138              		.cfi_def_cfa_offset 24
 139 0004 00AF     		add	r7, sp, #0
 140              		.cfi_def_cfa_register 7
 141 0006 021C     		mov	r2, r0
 142 0008 FB1D     		add	r3, r7, #7
 143 000a 1A70     		strb	r2, [r3]
 142:.\Generated_Source\PSoC4/cyfitter_cfg.c **** 	CYPACKED typedef struct {
ARM GAS  C:\Users\Matty\AppData\Local\Temp\ccT2lCWN.s 			page 6


 143:.\Generated_Source\PSoC4/cyfitter_cfg.c **** 		uint8 freq;
 144:.\Generated_Source\PSoC4/cyfitter_cfg.c **** 		uint8 absolute;
 145:.\Generated_Source\PSoC4/cyfitter_cfg.c **** 		uint8 tmpco;
 146:.\Generated_Source\PSoC4/cyfitter_cfg.c **** 	} CYPACKED_ATTR imo_trim_entry_t;
 147:.\Generated_Source\PSoC4/cyfitter_cfg.c **** 
 148:.\Generated_Source\PSoC4/cyfitter_cfg.c **** 	CYPACKED typedef struct {
 149:.\Generated_Source\PSoC4/cyfitter_cfg.c **** 		imo_trim_entry_t entries[4];
 150:.\Generated_Source\PSoC4/cyfitter_cfg.c **** 	} CYPACKED_ATTR imo_trim_table_t;
 151:.\Generated_Source\PSoC4/cyfitter_cfg.c **** 
 152:.\Generated_Source\PSoC4/cyfitter_cfg.c **** 	static const imo_trim_table_t *imo_trim_table = (const imo_trim_table_t *)CYREG_SFLASH_IMO_MAXF0;
 153:.\Generated_Source\PSoC4/cyfitter_cfg.c **** 	static const uint32 IMO_TRIM_FREQ_TABLE_ENTRIES = sizeof(imo_trim_table->entries)/sizeof(imo_trim_
 154:.\Generated_Source\PSoC4/cyfitter_cfg.c **** 
 155:.\Generated_Source\PSoC4/cyfitter_cfg.c **** 	int32 imoTrimIndex;
 156:.\Generated_Source\PSoC4/cyfitter_cfg.c **** 	uint8 setAbs;
 157:.\Generated_Source\PSoC4/cyfitter_cfg.c **** 	uint8 setTmpCo;
 158:.\Generated_Source\PSoC4/cyfitter_cfg.c **** 
 159:.\Generated_Source\PSoC4/cyfitter_cfg.c **** 	/* Traverse the SFLASH IMO frequency-dependent bandgap trim table to
 160:.\Generated_Source\PSoC4/cyfitter_cfg.c **** 	 * locate the appropriate value to trim the IMO bandgap based on freq. */
 161:.\Generated_Source\PSoC4/cyfitter_cfg.c **** 	setAbs = CY_GET_REG8((const void *)CYREG_SFLASH_IMO_ABS4);
 144              		.loc 1 161 0
 145 000c 204A     		ldr	r2, .L8
 146 000e 3B1C     		mov	r3, r7
 147 0010 0B33     		add	r3, r3, #11
 148 0012 1278     		ldrb	r2, [r2]
 149 0014 1A70     		strb	r2, [r3]
 162:.\Generated_Source\PSoC4/cyfitter_cfg.c **** 	setTmpCo = CY_GET_REG8((const void *)CYREG_SFLASH_IMO_TMPCO4);
 150              		.loc 1 162 0
 151 0016 1F4A     		ldr	r2, .L8+4
 152 0018 3B1C     		mov	r3, r7
 153 001a 0A33     		add	r3, r3, #10
 154 001c 1278     		ldrb	r2, [r2]
 155 001e 1A70     		strb	r2, [r3]
 163:.\Generated_Source\PSoC4/cyfitter_cfg.c **** 	for (imoTrimIndex = ((int32)IMO_TRIM_FREQ_TABLE_ENTRIES)-1;
 156              		.loc 1 163 0
 157 0020 0423     		mov	r3, #4
 158 0022 013B     		sub	r3, r3, #1
 159 0024 FB60     		str	r3, [r7, #12]
 160 0026 18E0     		b	.L5
 161              	.L7:
 164:.\Generated_Source\PSoC4/cyfitter_cfg.c **** 	     (imoTrimIndex >= 0) && (imoFreq <= imo_trim_table->entries[imoTrimIndex].freq);
 165:.\Generated_Source\PSoC4/cyfitter_cfg.c **** 	     imoTrimIndex--)
 166:.\Generated_Source\PSoC4/cyfitter_cfg.c **** 	{
 167:.\Generated_Source\PSoC4/cyfitter_cfg.c **** 		setAbs = imo_trim_table->entries[imoTrimIndex].absolute;
 162              		.loc 1 167 0
 163 0028 1B4B     		ldr	r3, .L8+8
 164 002a 1868     		ldr	r0, [r3]
 165 002c 391C     		mov	r1, r7
 166 002e 0B31     		add	r1, r1, #11
 167 0030 FA68     		ldr	r2, [r7, #12]
 168 0032 131C     		mov	r3, r2
 169 0034 5B00     		lsl	r3, r3, #1
 170 0036 9B18     		add	r3, r3, r2
 171 0038 C318     		add	r3, r0, r3
 172 003a 5B78     		ldrb	r3, [r3, #1]
 173 003c 0B70     		strb	r3, [r1]
 168:.\Generated_Source\PSoC4/cyfitter_cfg.c **** 		setTmpCo = imo_trim_table->entries[imoTrimIndex].tmpco;
 174              		.loc 1 168 0
ARM GAS  C:\Users\Matty\AppData\Local\Temp\ccT2lCWN.s 			page 7


 175 003e 164B     		ldr	r3, .L8+8
 176 0040 1868     		ldr	r0, [r3]
 177 0042 391C     		mov	r1, r7
 178 0044 0A31     		add	r1, r1, #10
 179 0046 FA68     		ldr	r2, [r7, #12]
 180 0048 131C     		mov	r3, r2
 181 004a 5B00     		lsl	r3, r3, #1
 182 004c 9B18     		add	r3, r3, r2
 183 004e C318     		add	r3, r0, r3
 184 0050 9B78     		ldrb	r3, [r3, #2]
 185 0052 0B70     		strb	r3, [r1]
 165:.\Generated_Source\PSoC4/cyfitter_cfg.c **** 	     imoTrimIndex--)
 186              		.loc 1 165 0
 187 0054 FB68     		ldr	r3, [r7, #12]
 188 0056 013B     		sub	r3, r3, #1
 189 0058 FB60     		str	r3, [r7, #12]
 190              	.L5:
 163:.\Generated_Source\PSoC4/cyfitter_cfg.c **** 	for (imoTrimIndex = ((int32)IMO_TRIM_FREQ_TABLE_ENTRIES)-1;
 191              		.loc 1 163 0 discriminator 1
 192 005a FB68     		ldr	r3, [r7, #12]
 193 005c 002B     		cmp	r3, #0
 194 005e 0ADB     		blt	.L6
 164:.\Generated_Source\PSoC4/cyfitter_cfg.c **** 	     (imoTrimIndex >= 0) && (imoFreq <= imo_trim_table->entries[imoTrimIndex].freq);
 195              		.loc 1 164 0
 196 0060 0D4B     		ldr	r3, .L8+8
 197 0062 1968     		ldr	r1, [r3]
 198 0064 FA68     		ldr	r2, [r7, #12]
 199 0066 131C     		mov	r3, r2
 200 0068 5B00     		lsl	r3, r3, #1
 201 006a 9B18     		add	r3, r3, r2
 202 006c 5B5C     		ldrb	r3, [r3, r1]
 203 006e FA1D     		add	r2, r7, #7
 204 0070 1278     		ldrb	r2, [r2]
 205 0072 9A42     		cmp	r2, r3
 206 0074 D8D9     		bls	.L7
 207              	.L6:
 169:.\Generated_Source\PSoC4/cyfitter_cfg.c **** 	}
 170:.\Generated_Source\PSoC4/cyfitter_cfg.c **** 
 171:.\Generated_Source\PSoC4/cyfitter_cfg.c **** 	CY_SET_REG32((void *)CYREG_PWR_BG_TRIM4, setAbs);
 208              		.loc 1 171 0
 209 0076 094B     		ldr	r3, .L8+12
 210 0078 3A1C     		mov	r2, r7
 211 007a 0B32     		add	r2, r2, #11
 212 007c 1278     		ldrb	r2, [r2]
 213 007e 1A60     		str	r2, [r3]
 172:.\Generated_Source\PSoC4/cyfitter_cfg.c **** 	CY_SET_REG32((void *)CYREG_PWR_BG_TRIM5, setTmpCo);
 214              		.loc 1 172 0
 215 0080 074B     		ldr	r3, .L8+16
 216 0082 3A1C     		mov	r2, r7
 217 0084 0A32     		add	r2, r2, #10
 218 0086 1278     		ldrb	r2, [r2]
 219 0088 1A60     		str	r2, [r3]
 173:.\Generated_Source\PSoC4/cyfitter_cfg.c **** }
 220              		.loc 1 173 0
 221 008a BD46     		mov	sp, r7
 222 008c 04B0     		add	sp, sp, #16
 223              		@ sp needed
ARM GAS  C:\Users\Matty\AppData\Local\Temp\ccT2lCWN.s 			page 8


 224 008e 80BD     		pop	{r7, pc}
 225              	.L9:
 226              		.align	2
 227              	.L8:
 228 0090 CCF1FF0F 		.word	268431820
 229 0094 CDF1FF0F 		.word	268431821
 230 0098 00000000 		.word	imo_trim_table.4687
 231 009c 1CFF0B40 		.word	1074528028
 232 00a0 20FF0B40 		.word	1074528032
 233              		.cfi_endproc
 234              	.LFE3:
 235              		.size	SetIMOBGTrims, .-SetIMOBGTrims
 236              		.align	2
 237              		.code	16
 238              		.thumb_func
 239              		.type	ClockSetup, %function
 240              	ClockSetup:
 241              	.LFB4:
 174:.\Generated_Source\PSoC4/cyfitter_cfg.c **** 
 175:.\Generated_Source\PSoC4/cyfitter_cfg.c **** 
 176:.\Generated_Source\PSoC4/cyfitter_cfg.c **** 
 177:.\Generated_Source\PSoC4/cyfitter_cfg.c **** /*******************************************************************************
 178:.\Generated_Source\PSoC4/cyfitter_cfg.c **** * Function Name: ClockSetup
 179:.\Generated_Source\PSoC4/cyfitter_cfg.c **** ********************************************************************************
 180:.\Generated_Source\PSoC4/cyfitter_cfg.c **** *
 181:.\Generated_Source\PSoC4/cyfitter_cfg.c **** * Summary:
 182:.\Generated_Source\PSoC4/cyfitter_cfg.c **** *   Performs the initialization of all of the clocks in the device based on the
 183:.\Generated_Source\PSoC4/cyfitter_cfg.c **** *   settings in the Clock tab of the DWR.  This includes enabling the requested
 184:.\Generated_Source\PSoC4/cyfitter_cfg.c **** *   clocks and setting the necessary dividers to produce the desired frequency. 
 185:.\Generated_Source\PSoC4/cyfitter_cfg.c **** *
 186:.\Generated_Source\PSoC4/cyfitter_cfg.c **** * Parameters:
 187:.\Generated_Source\PSoC4/cyfitter_cfg.c **** *   void
 188:.\Generated_Source\PSoC4/cyfitter_cfg.c **** *
 189:.\Generated_Source\PSoC4/cyfitter_cfg.c **** * Return:
 190:.\Generated_Source\PSoC4/cyfitter_cfg.c **** *   void
 191:.\Generated_Source\PSoC4/cyfitter_cfg.c **** *
 192:.\Generated_Source\PSoC4/cyfitter_cfg.c **** *******************************************************************************/
 193:.\Generated_Source\PSoC4/cyfitter_cfg.c **** static void ClockSetup(void);
 194:.\Generated_Source\PSoC4/cyfitter_cfg.c **** CY_CFG_SECTION
 195:.\Generated_Source\PSoC4/cyfitter_cfg.c **** static void ClockSetup(void)
 196:.\Generated_Source\PSoC4/cyfitter_cfg.c **** {
 242              		.loc 1 196 0
 243              		.cfi_startproc
 244 00a4 80B5     		push	{r7, lr}
 245              		.cfi_def_cfa_offset 8
 246              		.cfi_offset 7, -8
 247              		.cfi_offset 14, -4
 248 00a6 00AF     		add	r7, sp, #0
 249              		.cfi_def_cfa_register 7
 197:.\Generated_Source\PSoC4/cyfitter_cfg.c **** 	/* Enable HALF_EN before trimming for the flash accelerator. */
 198:.\Generated_Source\PSoC4/cyfitter_cfg.c **** 	CY_SET_REG32((void CYXDATA *)(CYREG_CLK_SELECT), (CY_GET_REG32((void *)CYREG_CLK_SELECT) | 0x00040
 250              		.loc 1 198 0
 251 00a8 134B     		ldr	r3, .L11
 252 00aa 134A     		ldr	r2, .L11
 253 00ac 1268     		ldr	r2, [r2]
 254 00ae 8021     		mov	r1, #128
 255 00b0 C902     		lsl	r1, r1, #11
ARM GAS  C:\Users\Matty\AppData\Local\Temp\ccT2lCWN.s 			page 9


 256 00b2 0A43     		orr	r2, r1
 257 00b4 1A60     		str	r2, [r3]
 199:.\Generated_Source\PSoC4/cyfitter_cfg.c **** 
 200:.\Generated_Source\PSoC4/cyfitter_cfg.c **** 	/* Trim IMO BG based on desired frequency. */
 201:.\Generated_Source\PSoC4/cyfitter_cfg.c **** 	SetIMOBGTrims(24u);
 258              		.loc 1 201 0
 259 00b6 1820     		mov	r0, #24
 260 00b8 FFF7A2FF 		bl	SetIMOBGTrims
 202:.\Generated_Source\PSoC4/cyfitter_cfg.c **** 
 203:.\Generated_Source\PSoC4/cyfitter_cfg.c **** 	/* Going less than or equal to 24MHz, so update the clock speed then adjust trim value. */
 204:.\Generated_Source\PSoC4/cyfitter_cfg.c **** 	CY_SET_REG32((void CYXDATA *)(CYREG_CLK_IMO_TRIM2), (25u));
 261              		.loc 1 204 0
 262 00bc 0F4B     		ldr	r3, .L11+4
 263 00be 1922     		mov	r2, #25
 264 00c0 1A60     		str	r2, [r3]
 205:.\Generated_Source\PSoC4/cyfitter_cfg.c **** 	CyDelayCycles(5u);
 265              		.loc 1 205 0
 266 00c2 0520     		mov	r0, #5
 267 00c4 FFF7FEFF 		bl	CyDelayCycles
 206:.\Generated_Source\PSoC4/cyfitter_cfg.c **** 	CY_SET_REG32((void CYXDATA *)(CYREG_CLK_IMO_TRIM1), (CY_GET_REG8((void *)CYREG_SFLASH_IMO_TRIM21))
 268              		.loc 1 206 0
 269 00c8 0D4B     		ldr	r3, .L11+8
 270 00ca 0E4A     		ldr	r2, .L11+12
 271 00cc 1278     		ldrb	r2, [r2]
 272 00ce D2B2     		uxtb	r2, r2
 273 00d0 1A60     		str	r2, [r3]
 207:.\Generated_Source\PSoC4/cyfitter_cfg.c **** 	CyDelayUs(5u);
 274              		.loc 1 207 0
 275 00d2 0520     		mov	r0, #5
 276 00d4 FFF7FEFF 		bl	CyDelayUs
 208:.\Generated_Source\PSoC4/cyfitter_cfg.c **** 
 209:.\Generated_Source\PSoC4/cyfitter_cfg.c **** 	/* Disable HALF_EN since it is not required at this IMO frequency. */
 210:.\Generated_Source\PSoC4/cyfitter_cfg.c **** 	CY_SET_REG32((void CYXDATA *)(CYREG_CLK_SELECT), (CY_GET_REG32((void *)CYREG_CLK_SELECT) & 0xFFFBF
 277              		.loc 1 210 0
 278 00d8 074B     		ldr	r3, .L11
 279 00da 074A     		ldr	r2, .L11
 280 00dc 1168     		ldr	r1, [r2]
 281 00de 0A4A     		ldr	r2, .L11+16
 282 00e0 0A40     		and	r2, r1
 283 00e2 1A60     		str	r2, [r3]
 211:.\Generated_Source\PSoC4/cyfitter_cfg.c **** 	/* CYDEV_CLK_ILO_CONFIG Starting address: CYDEV_CLK_ILO_CONFIG */
 212:.\Generated_Source\PSoC4/cyfitter_cfg.c **** 	CY_SET_XTND_REG32((void CYFAR *)(CYREG_CLK_ILO_CONFIG), 0x80000006u);
 284              		.loc 1 212 0
 285 00e4 094B     		ldr	r3, .L11+20
 286 00e6 0A4A     		ldr	r2, .L11+24
 287 00e8 1A60     		str	r2, [r3]
 213:.\Generated_Source\PSoC4/cyfitter_cfg.c **** 
 214:.\Generated_Source\PSoC4/cyfitter_cfg.c **** 
 215:.\Generated_Source\PSoC4/cyfitter_cfg.c **** 	/* CYDEV_CLK_IMO_CONFIG Starting address: CYDEV_CLK_IMO_CONFIG */
 216:.\Generated_Source\PSoC4/cyfitter_cfg.c **** 	CY_SET_XTND_REG32((void CYFAR *)(CYREG_CLK_IMO_CONFIG), 0x80000000u);
 288              		.loc 1 216 0
 289 00ea 0A4B     		ldr	r3, .L11+28
 290 00ec 8022     		mov	r2, #128
 291 00ee 1206     		lsl	r2, r2, #24
 292 00f0 1A60     		str	r2, [r3]
 217:.\Generated_Source\PSoC4/cyfitter_cfg.c **** 
 218:.\Generated_Source\PSoC4/cyfitter_cfg.c **** }
ARM GAS  C:\Users\Matty\AppData\Local\Temp\ccT2lCWN.s 			page 10


 293              		.loc 1 218 0
 294 00f2 BD46     		mov	sp, r7
 295              		@ sp needed
 296 00f4 80BD     		pop	{r7, pc}
 297              	.L12:
 298 00f6 C046     		.align	2
 299              	.L11:
 300 00f8 00010B40 		.word	1074462976
 301 00fc 2CFF0B40 		.word	1074528044
 302 0100 28FF0B40 		.word	1074528040
 303 0104 E5F1FF0F 		.word	268431845
 304 0108 FFFFFBFF 		.word	-262145
 305 010c 04010B40 		.word	1074462980
 306 0110 06000080 		.word	-2147483642
 307 0114 08010B40 		.word	1074462984
 308              		.cfi_endproc
 309              	.LFE4:
 310              		.size	ClockSetup, .-ClockSetup
 311              		.section	.text.AnalogSetDefault,"ax",%progbits
 312              		.align	2
 313              		.code	16
 314              		.thumb_func
 315              		.type	AnalogSetDefault, %function
 316              	AnalogSetDefault:
 317              	.LFB5:
 219:.\Generated_Source\PSoC4/cyfitter_cfg.c **** 
 220:.\Generated_Source\PSoC4/cyfitter_cfg.c **** 
 221:.\Generated_Source\PSoC4/cyfitter_cfg.c **** /* Analog API Functions */
 222:.\Generated_Source\PSoC4/cyfitter_cfg.c **** 
 223:.\Generated_Source\PSoC4/cyfitter_cfg.c **** 
 224:.\Generated_Source\PSoC4/cyfitter_cfg.c **** /*******************************************************************************
 225:.\Generated_Source\PSoC4/cyfitter_cfg.c **** * Function Name: AnalogSetDefault
 226:.\Generated_Source\PSoC4/cyfitter_cfg.c **** ********************************************************************************
 227:.\Generated_Source\PSoC4/cyfitter_cfg.c **** *
 228:.\Generated_Source\PSoC4/cyfitter_cfg.c **** * Summary:
 229:.\Generated_Source\PSoC4/cyfitter_cfg.c **** *  Sets up the analog portions of the chip to default values based on chip
 230:.\Generated_Source\PSoC4/cyfitter_cfg.c **** *  configuration options from the project.
 231:.\Generated_Source\PSoC4/cyfitter_cfg.c **** *
 232:.\Generated_Source\PSoC4/cyfitter_cfg.c **** * Parameters:
 233:.\Generated_Source\PSoC4/cyfitter_cfg.c **** *  void
 234:.\Generated_Source\PSoC4/cyfitter_cfg.c **** *
 235:.\Generated_Source\PSoC4/cyfitter_cfg.c **** * Return:
 236:.\Generated_Source\PSoC4/cyfitter_cfg.c **** *  void
 237:.\Generated_Source\PSoC4/cyfitter_cfg.c **** *
 238:.\Generated_Source\PSoC4/cyfitter_cfg.c **** *******************************************************************************/
 239:.\Generated_Source\PSoC4/cyfitter_cfg.c **** static void AnalogSetDefault(void);
 240:.\Generated_Source\PSoC4/cyfitter_cfg.c **** static void AnalogSetDefault(void)
 241:.\Generated_Source\PSoC4/cyfitter_cfg.c **** {
 318              		.loc 1 241 0
 319              		.cfi_startproc
 320 0000 80B5     		push	{r7, lr}
 321              		.cfi_def_cfa_offset 8
 322              		.cfi_offset 7, -8
 323              		.cfi_offset 14, -4
 324 0002 00AF     		add	r7, sp, #0
 325              		.cfi_def_cfa_register 7
 242:.\Generated_Source\PSoC4/cyfitter_cfg.c **** }
ARM GAS  C:\Users\Matty\AppData\Local\Temp\ccT2lCWN.s 			page 11


 326              		.loc 1 242 0
 327 0004 BD46     		mov	sp, r7
 328              		@ sp needed
 329 0006 80BD     		pop	{r7, pc}
 330              		.cfi_endproc
 331              	.LFE5:
 332              		.size	AnalogSetDefault, .-AnalogSetDefault
 333              		.section	.psocinit
 334              		.align	2
 335              		.global	cyfitter_cfg
 336              		.code	16
 337              		.thumb_func
 338              		.type	cyfitter_cfg, %function
 339              	cyfitter_cfg:
 340              	.LFB6:
 243:.\Generated_Source\PSoC4/cyfitter_cfg.c **** 
 244:.\Generated_Source\PSoC4/cyfitter_cfg.c **** #define CY_AMUX_UNUSED CYREG_CM0_ROM_DWT
 245:.\Generated_Source\PSoC4/cyfitter_cfg.c **** 
 246:.\Generated_Source\PSoC4/cyfitter_cfg.c **** 
 247:.\Generated_Source\PSoC4/cyfitter_cfg.c **** /*******************************************************************************
 248:.\Generated_Source\PSoC4/cyfitter_cfg.c **** * Function Name: cyfitter_cfg
 249:.\Generated_Source\PSoC4/cyfitter_cfg.c **** ********************************************************************************
 250:.\Generated_Source\PSoC4/cyfitter_cfg.c **** * Summary:
 251:.\Generated_Source\PSoC4/cyfitter_cfg.c **** *  This function is called by the start-up code for the selected device. It
 252:.\Generated_Source\PSoC4/cyfitter_cfg.c **** *  performs all of the necessary device configuration based on the design
 253:.\Generated_Source\PSoC4/cyfitter_cfg.c **** *  settings.  This includes settings from the Design Wide Resources (DWR) such
 254:.\Generated_Source\PSoC4/cyfitter_cfg.c **** *  as Clocks and Pins as well as any component configuration that is necessary.
 255:.\Generated_Source\PSoC4/cyfitter_cfg.c **** *
 256:.\Generated_Source\PSoC4/cyfitter_cfg.c **** * Parameters:  
 257:.\Generated_Source\PSoC4/cyfitter_cfg.c **** *   void
 258:.\Generated_Source\PSoC4/cyfitter_cfg.c **** *
 259:.\Generated_Source\PSoC4/cyfitter_cfg.c **** * Return:
 260:.\Generated_Source\PSoC4/cyfitter_cfg.c **** *   void
 261:.\Generated_Source\PSoC4/cyfitter_cfg.c **** *
 262:.\Generated_Source\PSoC4/cyfitter_cfg.c **** *******************************************************************************/
 263:.\Generated_Source\PSoC4/cyfitter_cfg.c **** CY_CFG_SECTION
 264:.\Generated_Source\PSoC4/cyfitter_cfg.c **** void cyfitter_cfg(void)
 265:.\Generated_Source\PSoC4/cyfitter_cfg.c **** {
 341              		.loc 1 265 0
 342              		.cfi_startproc
 343 0118 80B5     		push	{r7, lr}
 344              		.cfi_def_cfa_offset 8
 345              		.cfi_offset 7, -8
 346              		.cfi_offset 14, -4
 347 011a 82B0     		sub	sp, sp, #8
 348              		.cfi_def_cfa_offset 16
 349 011c 00AF     		add	r7, sp, #0
 350              		.cfi_def_cfa_register 7
 266:.\Generated_Source\PSoC4/cyfitter_cfg.c **** 	/* Disable interrupts by default. Let user enable if/when they want. */
 267:.\Generated_Source\PSoC4/cyfitter_cfg.c **** 	CyGlobalIntDisable;
 351              		.loc 1 267 0
 352              	@ 267 ".\Generated_Source\PSoC4\cyfitter_cfg.c" 1
 353 011e 72B6     		CPSID   i
 354              	@ 0 "" 2
 355              		.code	16
 356              	.LBB2:
 268:.\Generated_Source\PSoC4/cyfitter_cfg.c **** 
ARM GAS  C:\Users\Matty\AppData\Local\Temp\ccT2lCWN.s 			page 12


 269:.\Generated_Source\PSoC4/cyfitter_cfg.c **** 	{
 270:.\Generated_Source\PSoC4/cyfitter_cfg.c **** 
 271:.\Generated_Source\PSoC4/cyfitter_cfg.c **** 		CYPACKED typedef struct {
 272:.\Generated_Source\PSoC4/cyfitter_cfg.c **** 			void CYFAR *address;
 273:.\Generated_Source\PSoC4/cyfitter_cfg.c **** 			uint16 size;
 274:.\Generated_Source\PSoC4/cyfitter_cfg.c **** 		} CYPACKED_ATTR cfg_memset_t;
 275:.\Generated_Source\PSoC4/cyfitter_cfg.c **** 
 276:.\Generated_Source\PSoC4/cyfitter_cfg.c **** 		static const cfg_memset_t CYCODE cfg_memset_list [] = {
 277:.\Generated_Source\PSoC4/cyfitter_cfg.c **** 			/* address, size */
 278:.\Generated_Source\PSoC4/cyfitter_cfg.c **** 			{(void CYFAR *)(CYDEV_UDB_P0_U0_BASE), 1024u},
 279:.\Generated_Source\PSoC4/cyfitter_cfg.c **** 			{(void CYFAR *)(CYDEV_UDB_DSI0_BASE), 1024u},
 280:.\Generated_Source\PSoC4/cyfitter_cfg.c **** 		};
 281:.\Generated_Source\PSoC4/cyfitter_cfg.c **** 
 282:.\Generated_Source\PSoC4/cyfitter_cfg.c **** 		uint8 CYDATA i;
 283:.\Generated_Source\PSoC4/cyfitter_cfg.c **** 
 284:.\Generated_Source\PSoC4/cyfitter_cfg.c **** 		/* Zero out critical memory blocks before beginning configuration */
 285:.\Generated_Source\PSoC4/cyfitter_cfg.c **** 		for (i = 0u; i < (sizeof(cfg_memset_list)/sizeof(cfg_memset_list[0])); i++)
 357              		.loc 1 285 0
 358 0120 FB1D     		add	r3, r7, #7
 359 0122 0022     		mov	r2, #0
 360 0124 1A70     		strb	r2, [r3]
 361 0126 23E0     		b	.L15
 362              	.L16:
 363              	.LBB3:
 286:.\Generated_Source\PSoC4/cyfitter_cfg.c **** 		{
 287:.\Generated_Source\PSoC4/cyfitter_cfg.c **** 			const cfg_memset_t CYCODE * CYDATA ms = &cfg_memset_list[i];
 364              		.loc 1 287 0 discriminator 2
 365 0128 FB1D     		add	r3, r7, #7
 366 012a 1A78     		ldrb	r2, [r3]
 367 012c 131C     		mov	r3, r2
 368 012e 5B00     		lsl	r3, r3, #1
 369 0130 9B18     		add	r3, r3, r2
 370 0132 5B00     		lsl	r3, r3, #1
 371 0134 274A     		ldr	r2, .L17
 372 0136 9B18     		add	r3, r3, r2
 373 0138 3B60     		str	r3, [r7]
 288:.\Generated_Source\PSoC4/cyfitter_cfg.c **** 			CYMEMZERO(ms->address, (size_t)(uint32)(ms->size));
 374              		.loc 1 288 0 discriminator 2
 375 013a 3B68     		ldr	r3, [r7]
 376 013c 1A78     		ldrb	r2, [r3]
 377 013e 5978     		ldrb	r1, [r3, #1]
 378 0140 0902     		lsl	r1, r1, #8
 379 0142 0A43     		orr	r2, r1
 380 0144 9978     		ldrb	r1, [r3, #2]
 381 0146 0904     		lsl	r1, r1, #16
 382 0148 0A43     		orr	r2, r1
 383 014a DB78     		ldrb	r3, [r3, #3]
 384 014c 1B06     		lsl	r3, r3, #24
 385 014e 1343     		orr	r3, r2
 386 0150 1A1C     		mov	r2, r3
 387 0152 3B68     		ldr	r3, [r7]
 388 0154 1979     		ldrb	r1, [r3, #4]
 389 0156 5B79     		ldrb	r3, [r3, #5]
 390 0158 1B02     		lsl	r3, r3, #8
 391 015a 0B43     		orr	r3, r1
 392 015c 9BB2     		uxth	r3, r3
 393 015e 101C     		mov	r0, r2
ARM GAS  C:\Users\Matty\AppData\Local\Temp\ccT2lCWN.s 			page 13


 394 0160 191C     		mov	r1, r3
 395 0162 FFF7FEFF 		bl	CYMEMZERO
 396              	.LBE3:
 285:.\Generated_Source\PSoC4/cyfitter_cfg.c **** 		for (i = 0u; i < (sizeof(cfg_memset_list)/sizeof(cfg_memset_list[0])); i++)
 397              		.loc 1 285 0 discriminator 2
 398 0166 FB1D     		add	r3, r7, #7
 399 0168 1A78     		ldrb	r2, [r3]
 400 016a FB1D     		add	r3, r7, #7
 401 016c 0132     		add	r2, r2, #1
 402 016e 1A70     		strb	r2, [r3]
 403              	.L15:
 285:.\Generated_Source\PSoC4/cyfitter_cfg.c **** 		for (i = 0u; i < (sizeof(cfg_memset_list)/sizeof(cfg_memset_list[0])); i++)
 404              		.loc 1 285 0 is_stmt 0 discriminator 1
 405 0170 FB1D     		add	r3, r7, #7
 406 0172 1B78     		ldrb	r3, [r3]
 407 0174 012B     		cmp	r3, #1
 408 0176 D7D9     		bls	.L16
 289:.\Generated_Source\PSoC4/cyfitter_cfg.c **** 		}
 290:.\Generated_Source\PSoC4/cyfitter_cfg.c **** 
 291:.\Generated_Source\PSoC4/cyfitter_cfg.c **** 		/* HSIOM Starting address: CYDEV_HSIOM_BASE */
 292:.\Generated_Source\PSoC4/cyfitter_cfg.c **** 		CY_SET_XTND_REG32((void CYFAR *)(CYREG_HSIOM_PORT_SEL3), 0x0000EE00u);
 409              		.loc 1 292 0 is_stmt 1
 410 0178 174B     		ldr	r3, .L17+4
 411 017a EE22     		mov	r2, #238
 412 017c 1202     		lsl	r2, r2, #8
 413 017e 1A60     		str	r2, [r3]
 293:.\Generated_Source\PSoC4/cyfitter_cfg.c **** 
 294:.\Generated_Source\PSoC4/cyfitter_cfg.c **** 		/* IOPINS0_3 Starting address: CYDEV_PRT3_DR */
 295:.\Generated_Source\PSoC4/cyfitter_cfg.c **** 		CY_SET_XTND_REG32((void CYFAR *)(CYREG_PRT3_PC), 0x00000D80u);
 414              		.loc 1 295 0
 415 0180 164B     		ldr	r3, .L17+8
 416 0182 D822     		mov	r2, #216
 417 0184 1201     		lsl	r2, r2, #4
 418 0186 1A60     		str	r2, [r3]
 296:.\Generated_Source\PSoC4/cyfitter_cfg.c **** 
 297:.\Generated_Source\PSoC4/cyfitter_cfg.c **** 		/* UDB_PA_3 Starting address: CYDEV_UDB_PA3_BASE */
 298:.\Generated_Source\PSoC4/cyfitter_cfg.c **** 		CY_SET_XTND_REG32((void CYFAR *)(CYDEV_UDB_PA3_BASE), 0x00990000u);
 419              		.loc 1 298 0
 420 0188 154B     		ldr	r3, .L17+12
 421 018a 9922     		mov	r2, #153
 422 018c 1204     		lsl	r2, r2, #16
 423 018e 1A60     		str	r2, [r3]
 299:.\Generated_Source\PSoC4/cyfitter_cfg.c **** 
 300:.\Generated_Source\PSoC4/cyfitter_cfg.c **** 		/* Enable digital routing */
 301:.\Generated_Source\PSoC4/cyfitter_cfg.c **** 		CY_SET_XTND_REG8((void *)CYREG_UDB_UDBIF_BANK_CTL, CY_GET_XTND_REG8((void *)CYREG_UDB_UDBIF_BANK_
 424              		.loc 1 301 0
 425 0190 144B     		ldr	r3, .L17+16
 426 0192 144A     		ldr	r2, .L17+16
 427 0194 1278     		ldrb	r2, [r2]
 428 0196 D2B2     		uxtb	r2, r2
 429 0198 0221     		mov	r1, #2
 430 019a 0A43     		orr	r2, r1
 431 019c D2B2     		uxtb	r2, r2
 432 019e 1A70     		strb	r2, [r3]
 302:.\Generated_Source\PSoC4/cyfitter_cfg.c **** 
 303:.\Generated_Source\PSoC4/cyfitter_cfg.c **** 		/* Enable UDB array */
 304:.\Generated_Source\PSoC4/cyfitter_cfg.c **** 		CY_SET_XTND_REG8((void *)CYREG_UDB_UDBIF_WAIT_CFG, (uint8)((CY_GET_XTND_REG8((void *)CYREG_UDB_UD
ARM GAS  C:\Users\Matty\AppData\Local\Temp\ccT2lCWN.s 			page 14


 433              		.loc 1 304 0
 434 01a0 114B     		ldr	r3, .L17+20
 435 01a2 114A     		ldr	r2, .L17+20
 436 01a4 1278     		ldrb	r2, [r2]
 437 01a6 D2B2     		uxtb	r2, r2
 438 01a8 3C21     		mov	r1, #60
 439 01aa 8A43     		bic	r2, r1
 440 01ac D2B2     		uxtb	r2, r2
 441 01ae 1421     		mov	r1, #20
 442 01b0 0A43     		orr	r2, r1
 443 01b2 D2B2     		uxtb	r2, r2
 444 01b4 1A70     		strb	r2, [r3]
 305:.\Generated_Source\PSoC4/cyfitter_cfg.c **** 		CY_SET_XTND_REG8((void *)CYREG_UDB_UDBIF_BANK_CTL, (uint8)(CY_GET_XTND_REG8((void *)CYREG_UDB_UDB
 445              		.loc 1 305 0
 446 01b6 0B4B     		ldr	r3, .L17+16
 447 01b8 0A4A     		ldr	r2, .L17+16
 448 01ba 1278     		ldrb	r2, [r2]
 449 01bc D2B2     		uxtb	r2, r2
 450 01be 1621     		mov	r1, #22
 451 01c0 0A43     		orr	r2, r1
 452 01c2 D2B2     		uxtb	r2, r2
 453 01c4 1A70     		strb	r2, [r3]
 454              	.LBE2:
 306:.\Generated_Source\PSoC4/cyfitter_cfg.c **** 	}
 307:.\Generated_Source\PSoC4/cyfitter_cfg.c **** 
 308:.\Generated_Source\PSoC4/cyfitter_cfg.c **** 	/* Setup clocks based on selections from Clock DWR */
 309:.\Generated_Source\PSoC4/cyfitter_cfg.c **** 	ClockSetup();
 455              		.loc 1 309 0
 456 01c6 FFF76DFF 		bl	ClockSetup
 310:.\Generated_Source\PSoC4/cyfitter_cfg.c **** 
 311:.\Generated_Source\PSoC4/cyfitter_cfg.c **** 	/* Perform basic analog initialization to defaults */
 312:.\Generated_Source\PSoC4/cyfitter_cfg.c **** 	AnalogSetDefault();
 457              		.loc 1 312 0
 458 01ca FFF7FEFF 		bl	AnalogSetDefault
 313:.\Generated_Source\PSoC4/cyfitter_cfg.c **** 
 314:.\Generated_Source\PSoC4/cyfitter_cfg.c **** }
 459              		.loc 1 314 0
 460 01ce BD46     		mov	sp, r7
 461 01d0 02B0     		add	sp, sp, #8
 462              		@ sp needed
 463 01d2 80BD     		pop	{r7, pc}
 464              	.L18:
 465              		.align	2
 466              	.L17:
 467 01d4 04000000 		.word	cfg_memset_list.4712
 468 01d8 0C000140 		.word	1073807372
 469 01dc 08030440 		.word	1074004744
 470 01e0 30500F40 		.word	1074745392
 471 01e4 00700F40 		.word	1074753536
 472 01e8 01700F40 		.word	1074753537
 473              		.cfi_endproc
 474              	.LFE6:
 475              		.size	cyfitter_cfg, .-cyfitter_cfg
 476              		.data
 477              		.align	2
 478              		.type	imo_trim_table.4687, %object
 479              		.size	imo_trim_table.4687, 4
ARM GAS  C:\Users\Matty\AppData\Local\Temp\ccT2lCWN.s 			page 15


 480              	imo_trim_table.4687:
 481 0000 C0F1FF0F 		.word	268431808
 482              		.section	.rodata
 483              		.align	2
 484              		.type	IMO_TRIM_FREQ_TABLE_ENTRIES.4688, %object
 485              		.size	IMO_TRIM_FREQ_TABLE_ENTRIES.4688, 4
 486              	IMO_TRIM_FREQ_TABLE_ENTRIES.4688:
 487 0000 04000000 		.word	4
 488              		.align	2
 489              		.type	cfg_memset_list.4712, %object
 490              		.size	cfg_memset_list.4712, 12
 491              	cfg_memset_list.4712:
 492 0004 00300F40 		.word	1074737152
 493 0008 0004     		.short	1024
 494 000a 00400F40 		.4byte	1074741248
 495 000e 0004     		.short	1024
 496              		.text
 497              	.Letext0:
 498              		.file 2 "c:\\program files (x86)\\cypress\\psoc creator\\3.1\\psoc creator\\import\\gnu_cs\\arm\\4
 499              		.file 3 ".\\Generated_Source\\PSoC4/cytypes.h"
 500              		.section	.debug_info,"",%progbits
 501              	.Ldebug_info0:
 502 0000 3E030000 		.4byte	0x33e
 503 0004 0400     		.2byte	0x4
 504 0006 00000000 		.4byte	.Ldebug_abbrev0
 505 000a 04       		.byte	0x4
 506 000b 01       		.uleb128 0x1
 507 000c 0D020000 		.4byte	.LASF43
 508 0010 01       		.byte	0x1
 509 0011 69010000 		.4byte	.LASF44
 510 0015 89020000 		.4byte	.LASF45
 511 0019 00000000 		.4byte	.Ldebug_ranges0+0
 512 001d 00000000 		.4byte	0
 513 0021 00000000 		.4byte	.Ldebug_line0
 514 0025 02       		.uleb128 0x2
 515 0026 04       		.byte	0x4
 516 0027 05       		.byte	0x5
 517 0028 696E7400 		.ascii	"int\000"
 518 002c 03       		.uleb128 0x3
 519 002d 06000000 		.4byte	.LASF11
 520 0031 02       		.byte	0x2
 521 0032 D4       		.byte	0xd4
 522 0033 37000000 		.4byte	0x37
 523 0037 04       		.uleb128 0x4
 524 0038 04       		.byte	0x4
 525 0039 07       		.byte	0x7
 526 003a 12010000 		.4byte	.LASF0
 527 003e 04       		.uleb128 0x4
 528 003f 01       		.byte	0x1
 529 0040 06       		.byte	0x6
 530 0041 F1010000 		.4byte	.LASF1
 531 0045 04       		.uleb128 0x4
 532 0046 01       		.byte	0x1
 533 0047 08       		.byte	0x8
 534 0048 BF000000 		.4byte	.LASF2
 535 004c 04       		.uleb128 0x4
 536 004d 02       		.byte	0x2
ARM GAS  C:\Users\Matty\AppData\Local\Temp\ccT2lCWN.s 			page 16


 537 004e 05       		.byte	0x5
 538 004f 63000000 		.4byte	.LASF3
 539 0053 04       		.uleb128 0x4
 540 0054 02       		.byte	0x2
 541 0055 07       		.byte	0x7
 542 0056 50000000 		.4byte	.LASF4
 543 005a 04       		.uleb128 0x4
 544 005b 04       		.byte	0x4
 545 005c 05       		.byte	0x5
 546 005d D9010000 		.4byte	.LASF5
 547 0061 04       		.uleb128 0x4
 548 0062 04       		.byte	0x4
 549 0063 07       		.byte	0x7
 550 0064 9D000000 		.4byte	.LASF6
 551 0068 04       		.uleb128 0x4
 552 0069 08       		.byte	0x8
 553 006a 05       		.byte	0x5
 554 006b A3010000 		.4byte	.LASF7
 555 006f 04       		.uleb128 0x4
 556 0070 08       		.byte	0x8
 557 0071 07       		.byte	0x7
 558 0072 34010000 		.4byte	.LASF8
 559 0076 04       		.uleb128 0x4
 560 0077 04       		.byte	0x4
 561 0078 07       		.byte	0x7
 562 0079 91010000 		.4byte	.LASF9
 563 007d 05       		.uleb128 0x5
 564 007e 04       		.byte	0x4
 565 007f 04       		.uleb128 0x4
 566 0080 01       		.byte	0x1
 567 0081 08       		.byte	0x8
 568 0082 B1010000 		.4byte	.LASF10
 569 0086 03       		.uleb128 0x3
 570 0087 C4010000 		.4byte	.LASF12
 571 008b 03       		.byte	0x3
 572 008c A1       		.byte	0xa1
 573 008d 45000000 		.4byte	0x45
 574 0091 03       		.uleb128 0x3
 575 0092 04010000 		.4byte	.LASF13
 576 0096 03       		.byte	0x3
 577 0097 A2       		.byte	0xa2
 578 0098 53000000 		.4byte	0x53
 579 009c 03       		.uleb128 0x3
 580 009d 0B010000 		.4byte	.LASF14
 581 00a1 03       		.byte	0x3
 582 00a2 A3       		.byte	0xa3
 583 00a3 61000000 		.4byte	0x61
 584 00a7 03       		.uleb128 0x3
 585 00a8 AF000000 		.4byte	.LASF15
 586 00ac 03       		.byte	0x3
 587 00ad A6       		.byte	0xa6
 588 00ae 5A000000 		.4byte	0x5a
 589 00b2 04       		.uleb128 0x4
 590 00b3 04       		.byte	0x4
 591 00b4 04       		.byte	0x4
 592 00b5 7B000000 		.4byte	.LASF16
 593 00b9 04       		.uleb128 0x4
ARM GAS  C:\Users\Matty\AppData\Local\Temp\ccT2lCWN.s 			page 17


 594 00ba 08       		.byte	0x8
 595 00bb 04       		.byte	0x4
 596 00bc CD000000 		.4byte	.LASF17
 597 00c0 06       		.uleb128 0x6
 598 00c1 98000000 		.4byte	.LASF18
 599 00c5 03       		.byte	0x3
 600 00c6 4B01     		.2byte	0x14b
 601 00c8 CC000000 		.4byte	0xcc
 602 00cc 07       		.uleb128 0x7
 603 00cd 86000000 		.4byte	0x86
 604 00d1 06       		.uleb128 0x6
 605 00d2 00000000 		.4byte	.LASF19
 606 00d6 03       		.byte	0x3
 607 00d7 4D01     		.2byte	0x14d
 608 00d9 DD000000 		.4byte	0xdd
 609 00dd 07       		.uleb128 0x7
 610 00de 9C000000 		.4byte	0x9c
 611 00e2 08       		.uleb128 0x8
 612 00e3 B5000000 		.4byte	.LASF20
 613 00e7 01       		.byte	0x1
 614 00e8 39       		.byte	0x39
 615 00e9 00000000 		.4byte	.LFB0
 616 00ed 1E000000 		.4byte	.LFE0-.LFB0
 617 00f1 01       		.uleb128 0x1
 618 00f2 9C       		.byte	0x9c
 619 00f3 10010000 		.4byte	0x110
 620 00f7 09       		.uleb128 0x9
 621 00f8 7300     		.ascii	"s\000"
 622 00fa 01       		.byte	0x1
 623 00fb 39       		.byte	0x39
 624 00fc 7D000000 		.4byte	0x7d
 625 0100 02       		.uleb128 0x2
 626 0101 91       		.byte	0x91
 627 0102 74       		.sleb128 -12
 628 0103 09       		.uleb128 0x9
 629 0104 6E00     		.ascii	"n\000"
 630 0106 01       		.byte	0x1
 631 0107 39       		.byte	0x39
 632 0108 2C000000 		.4byte	0x2c
 633 010c 02       		.uleb128 0x2
 634 010d 91       		.byte	0x91
 635 010e 70       		.sleb128 -16
 636 010f 00       		.byte	0
 637 0110 08       		.uleb128 0x8
 638 0111 DC000000 		.4byte	.LASF21
 639 0115 01       		.byte	0x1
 640 0116 40       		.byte	0x40
 641 0117 00000000 		.4byte	.LFB1
 642 011b 22000000 		.4byte	.LFE1-.LFB1
 643 011f 01       		.uleb128 0x1
 644 0120 9C       		.byte	0x9c
 645 0121 4E010000 		.4byte	0x14e
 646 0125 0A       		.uleb128 0xa
 647 0126 8E000000 		.4byte	.LASF22
 648 012a 01       		.byte	0x1
 649 012b 40       		.byte	0x40
 650 012c 7D000000 		.4byte	0x7d
ARM GAS  C:\Users\Matty\AppData\Local\Temp\ccT2lCWN.s 			page 18


 651 0130 02       		.uleb128 0x2
 652 0131 91       		.byte	0x91
 653 0132 74       		.sleb128 -12
 654 0133 09       		.uleb128 0x9
 655 0134 73726300 		.ascii	"src\000"
 656 0138 01       		.byte	0x1
 657 0139 40       		.byte	0x40
 658 013a 4E010000 		.4byte	0x14e
 659 013e 02       		.uleb128 0x2
 660 013f 91       		.byte	0x91
 661 0140 70       		.sleb128 -16
 662 0141 09       		.uleb128 0x9
 663 0142 6E00     		.ascii	"n\000"
 664 0144 01       		.byte	0x1
 665 0145 40       		.byte	0x40
 666 0146 2C000000 		.4byte	0x2c
 667 014a 02       		.uleb128 0x2
 668 014b 91       		.byte	0x91
 669 014c 6C       		.sleb128 -20
 670 014d 00       		.byte	0
 671 014e 0B       		.uleb128 0xb
 672 014f 04       		.byte	0x4
 673 0150 54010000 		.4byte	0x154
 674 0154 0C       		.uleb128 0xc
 675 0155 08       		.uleb128 0x8
 676 0156 FD010000 		.4byte	.LASF23
 677 015a 01       		.byte	0x1
 678 015b 47       		.byte	0x47
 679 015c 00000000 		.4byte	.LFB2
 680 0160 22000000 		.4byte	.LFE2-.LFB2
 681 0164 01       		.uleb128 0x1
 682 0165 9C       		.byte	0x9c
 683 0166 93010000 		.4byte	0x193
 684 016a 0A       		.uleb128 0xa
 685 016b 8E000000 		.4byte	.LASF22
 686 016f 01       		.byte	0x1
 687 0170 47       		.byte	0x47
 688 0171 7D000000 		.4byte	0x7d
 689 0175 02       		.uleb128 0x2
 690 0176 91       		.byte	0x91
 691 0177 74       		.sleb128 -12
 692 0178 09       		.uleb128 0x9
 693 0179 73726300 		.ascii	"src\000"
 694 017d 01       		.byte	0x1
 695 017e 47       		.byte	0x47
 696 017f 4E010000 		.4byte	0x14e
 697 0183 02       		.uleb128 0x2
 698 0184 91       		.byte	0x91
 699 0185 70       		.sleb128 -16
 700 0186 09       		.uleb128 0x9
 701 0187 6E00     		.ascii	"n\000"
 702 0189 01       		.byte	0x1
 703 018a 47       		.byte	0x47
 704 018b 2C000000 		.4byte	0x2c
 705 018f 02       		.uleb128 0x2
 706 0190 91       		.byte	0x91
 707 0191 6C       		.sleb128 -20
ARM GAS  C:\Users\Matty\AppData\Local\Temp\ccT2lCWN.s 			page 19


 708 0192 00       		.byte	0
 709 0193 0D       		.uleb128 0xd
 710 0194 6D000000 		.4byte	.LASF24
 711 0198 01       		.byte	0x1
 712 0199 8C       		.byte	0x8c
 713 019a 00000000 		.4byte	.LFB3
 714 019e A4000000 		.4byte	.LFE3-.LFB3
 715 01a2 01       		.uleb128 0x1
 716 01a3 9C       		.byte	0x9c
 717 01a4 76020000 		.4byte	0x276
 718 01a8 0A       		.uleb128 0xa
 719 01a9 D4000000 		.4byte	.LASF25
 720 01ad 01       		.byte	0x1
 721 01ae 8C       		.byte	0x8c
 722 01af 86000000 		.4byte	0x86
 723 01b3 02       		.uleb128 0x2
 724 01b4 91       		.byte	0x91
 725 01b5 6F       		.sleb128 -17
 726 01b6 0E       		.uleb128 0xe
 727 01b7 03       		.byte	0x3
 728 01b8 01       		.byte	0x1
 729 01b9 8E       		.byte	0x8e
 730 01ba E3010000 		.4byte	0x1e3
 731 01be 0F       		.uleb128 0xf
 732 01bf BF010000 		.4byte	.LASF26
 733 01c3 01       		.byte	0x1
 734 01c4 8F       		.byte	0x8f
 735 01c5 86000000 		.4byte	0x86
 736 01c9 00       		.byte	0
 737 01ca 0F       		.uleb128 0xf
 738 01cb B6010000 		.4byte	.LASF27
 739 01cf 01       		.byte	0x1
 740 01d0 90       		.byte	0x90
 741 01d1 86000000 		.4byte	0x86
 742 01d5 01       		.byte	0x1
 743 01d6 0F       		.uleb128 0xf
 744 01d7 4A000000 		.4byte	.LASF28
 745 01db 01       		.byte	0x1
 746 01dc 91       		.byte	0x91
 747 01dd 86000000 		.4byte	0x86
 748 01e1 02       		.byte	0x2
 749 01e2 00       		.byte	0
 750 01e3 03       		.uleb128 0x3
 751 01e4 1E000000 		.4byte	.LASF29
 752 01e8 01       		.byte	0x1
 753 01e9 92       		.byte	0x92
 754 01ea B6010000 		.4byte	0x1b6
 755 01ee 0E       		.uleb128 0xe
 756 01ef 0C       		.byte	0xc
 757 01f0 01       		.byte	0x1
 758 01f1 94       		.byte	0x94
 759 01f2 13020000 		.4byte	0x213
 760 01f6 10       		.uleb128 0x10
 761 01f7 E3010000 		.4byte	0x1e3
 762 01fb 06020000 		.4byte	0x206
 763 01ff 11       		.uleb128 0x11
 764 0200 76000000 		.4byte	0x76
ARM GAS  C:\Users\Matty\AppData\Local\Temp\ccT2lCWN.s 			page 20


 765 0204 03       		.byte	0x3
 766 0205 00       		.byte	0
 767 0206 0F       		.uleb128 0xf
 768 0207 E2010000 		.4byte	.LASF30
 769 020b 01       		.byte	0x1
 770 020c 95       		.byte	0x95
 771 020d F6010000 		.4byte	0x1f6
 772 0211 00       		.byte	0
 773 0212 00       		.byte	0
 774 0213 03       		.uleb128 0x3
 775 0214 4B010000 		.4byte	.LASF31
 776 0218 01       		.byte	0x1
 777 0219 96       		.byte	0x96
 778 021a EE010000 		.4byte	0x1ee
 779 021e 12       		.uleb128 0x12
 780 021f CA010000 		.4byte	.LASF32
 781 0223 01       		.byte	0x1
 782 0224 98       		.byte	0x98
 783 0225 2F020000 		.4byte	0x22f
 784 0229 05       		.uleb128 0x5
 785 022a 03       		.byte	0x3
 786 022b 00000000 		.4byte	imo_trim_table.4687
 787 022f 0B       		.uleb128 0xb
 788 0230 04       		.byte	0x4
 789 0231 35020000 		.4byte	0x235
 790 0235 13       		.uleb128 0x13
 791 0236 13020000 		.4byte	0x213
 792 023a 12       		.uleb128 0x12
 793 023b E8000000 		.4byte	.LASF33
 794 023f 01       		.byte	0x1
 795 0240 99       		.byte	0x99
 796 0241 76020000 		.4byte	0x276
 797 0245 05       		.uleb128 0x5
 798 0246 03       		.byte	0x3
 799 0247 00000000 		.4byte	IMO_TRIM_FREQ_TABLE_ENTRIES.4688
 800 024b 12       		.uleb128 0x12
 801 024c 81000000 		.4byte	.LASF34
 802 0250 01       		.byte	0x1
 803 0251 9B       		.byte	0x9b
 804 0252 A7000000 		.4byte	0xa7
 805 0256 02       		.uleb128 0x2
 806 0257 91       		.byte	0x91
 807 0258 74       		.sleb128 -12
 808 0259 12       		.uleb128 0x12
 809 025a EA010000 		.4byte	.LASF35
 810 025e 01       		.byte	0x1
 811 025f 9C       		.byte	0x9c
 812 0260 86000000 		.4byte	0x86
 813 0264 02       		.uleb128 0x2
 814 0265 91       		.byte	0x91
 815 0266 73       		.sleb128 -13
 816 0267 12       		.uleb128 0x12
 817 0268 9A010000 		.4byte	.LASF36
 818 026c 01       		.byte	0x1
 819 026d 9D       		.byte	0x9d
 820 026e 86000000 		.4byte	0x86
 821 0272 02       		.uleb128 0x2
ARM GAS  C:\Users\Matty\AppData\Local\Temp\ccT2lCWN.s 			page 21


 822 0273 91       		.byte	0x91
 823 0274 72       		.sleb128 -14
 824 0275 00       		.byte	0
 825 0276 13       		.uleb128 0x13
 826 0277 9C000000 		.4byte	0x9c
 827 027b 14       		.uleb128 0x14
 828 027c 3F000000 		.4byte	.LASF37
 829 0280 01       		.byte	0x1
 830 0281 C3       		.byte	0xc3
 831 0282 A4000000 		.4byte	.LFB4
 832 0286 74000000 		.4byte	.LFE4-.LFB4
 833 028a 01       		.uleb128 0x1
 834 028b 9C       		.byte	0x9c
 835 028c 15       		.uleb128 0x15
 836 028d 0D000000 		.4byte	.LASF38
 837 0291 01       		.byte	0x1
 838 0292 F0       		.byte	0xf0
 839 0293 00000000 		.4byte	.LFB5
 840 0297 08000000 		.4byte	.LFE5-.LFB5
 841 029b 01       		.uleb128 0x1
 842 029c 9C       		.byte	0x9c
 843 029d 16       		.uleb128 0x16
 844 029e 1F010000 		.4byte	.LASF46
 845 02a2 01       		.byte	0x1
 846 02a3 0801     		.2byte	0x108
 847 02a5 18010000 		.4byte	.LFB6
 848 02a9 D4000000 		.4byte	.LFE6-.LFB6
 849 02ad 01       		.uleb128 0x1
 850 02ae 9C       		.byte	0x9c
 851 02af 17       		.uleb128 0x17
 852 02b0 20010000 		.4byte	.LBB2
 853 02b4 A6000000 		.4byte	.LBE2-.LBB2
 854 02b8 18       		.uleb128 0x18
 855 02b9 06       		.byte	0x6
 856 02ba 01       		.byte	0x1
 857 02bb 0F01     		.2byte	0x10f
 858 02bd DC020000 		.4byte	0x2dc
 859 02c1 19       		.uleb128 0x19
 860 02c2 2C010000 		.4byte	.LASF39
 861 02c6 01       		.byte	0x1
 862 02c7 1001     		.2byte	0x110
 863 02c9 7D000000 		.4byte	0x7d
 864 02cd 00       		.byte	0
 865 02ce 19       		.uleb128 0x19
 866 02cf 93000000 		.4byte	.LASF40
 867 02d3 01       		.byte	0x1
 868 02d4 1101     		.2byte	0x111
 869 02d6 91000000 		.4byte	0x91
 870 02da 04       		.byte	0x4
 871 02db 00       		.byte	0
 872 02dc 06       		.uleb128 0x6
 873 02dd 5C010000 		.4byte	.LASF41
 874 02e1 01       		.byte	0x1
 875 02e2 1201     		.2byte	0x112
 876 02e4 B8020000 		.4byte	0x2b8
 877 02e8 10       		.uleb128 0x10
 878 02e9 DC020000 		.4byte	0x2dc
ARM GAS  C:\Users\Matty\AppData\Local\Temp\ccT2lCWN.s 			page 22


 879 02ed F8020000 		.4byte	0x2f8
 880 02f1 11       		.uleb128 0x11
 881 02f2 76000000 		.4byte	0x76
 882 02f6 01       		.byte	0x1
 883 02f7 00       		.byte	0
 884 02f8 1A       		.uleb128 0x1a
 885 02f9 2F000000 		.4byte	.LASF42
 886 02fd 01       		.byte	0x1
 887 02fe 1401     		.2byte	0x114
 888 0300 0A030000 		.4byte	0x30a
 889 0304 05       		.uleb128 0x5
 890 0305 03       		.byte	0x3
 891 0306 04000000 		.4byte	cfg_memset_list.4712
 892 030a 13       		.uleb128 0x13
 893 030b E8020000 		.4byte	0x2e8
 894 030f 1B       		.uleb128 0x1b
 895 0310 6900     		.ascii	"i\000"
 896 0312 01       		.byte	0x1
 897 0313 1A01     		.2byte	0x11a
 898 0315 86000000 		.4byte	0x86
 899 0319 02       		.uleb128 0x2
 900 031a 91       		.byte	0x91
 901 031b 77       		.sleb128 -9
 902 031c 17       		.uleb128 0x17
 903 031d 28010000 		.4byte	.LBB3
 904 0321 3E000000 		.4byte	.LBE3-.LBB3
 905 0325 1B       		.uleb128 0x1b
 906 0326 6D7300   		.ascii	"ms\000"
 907 0329 01       		.byte	0x1
 908 032a 1F01     		.2byte	0x11f
 909 032c 33030000 		.4byte	0x333
 910 0330 02       		.uleb128 0x2
 911 0331 91       		.byte	0x91
 912 0332 70       		.sleb128 -16
 913 0333 0B       		.uleb128 0xb
 914 0334 04       		.byte	0x4
 915 0335 39030000 		.4byte	0x339
 916 0339 13       		.uleb128 0x13
 917 033a DC020000 		.4byte	0x2dc
 918 033e 00       		.byte	0
 919 033f 00       		.byte	0
 920 0340 00       		.byte	0
 921 0341 00       		.byte	0
 922              		.section	.debug_abbrev,"",%progbits
 923              	.Ldebug_abbrev0:
 924 0000 01       		.uleb128 0x1
 925 0001 11       		.uleb128 0x11
 926 0002 01       		.byte	0x1
 927 0003 25       		.uleb128 0x25
 928 0004 0E       		.uleb128 0xe
 929 0005 13       		.uleb128 0x13
 930 0006 0B       		.uleb128 0xb
 931 0007 03       		.uleb128 0x3
 932 0008 0E       		.uleb128 0xe
 933 0009 1B       		.uleb128 0x1b
 934 000a 0E       		.uleb128 0xe
 935 000b 55       		.uleb128 0x55
ARM GAS  C:\Users\Matty\AppData\Local\Temp\ccT2lCWN.s 			page 23


 936 000c 17       		.uleb128 0x17
 937 000d 11       		.uleb128 0x11
 938 000e 01       		.uleb128 0x1
 939 000f 10       		.uleb128 0x10
 940 0010 17       		.uleb128 0x17
 941 0011 00       		.byte	0
 942 0012 00       		.byte	0
 943 0013 02       		.uleb128 0x2
 944 0014 24       		.uleb128 0x24
 945 0015 00       		.byte	0
 946 0016 0B       		.uleb128 0xb
 947 0017 0B       		.uleb128 0xb
 948 0018 3E       		.uleb128 0x3e
 949 0019 0B       		.uleb128 0xb
 950 001a 03       		.uleb128 0x3
 951 001b 08       		.uleb128 0x8
 952 001c 00       		.byte	0
 953 001d 00       		.byte	0
 954 001e 03       		.uleb128 0x3
 955 001f 16       		.uleb128 0x16
 956 0020 00       		.byte	0
 957 0021 03       		.uleb128 0x3
 958 0022 0E       		.uleb128 0xe
 959 0023 3A       		.uleb128 0x3a
 960 0024 0B       		.uleb128 0xb
 961 0025 3B       		.uleb128 0x3b
 962 0026 0B       		.uleb128 0xb
 963 0027 49       		.uleb128 0x49
 964 0028 13       		.uleb128 0x13
 965 0029 00       		.byte	0
 966 002a 00       		.byte	0
 967 002b 04       		.uleb128 0x4
 968 002c 24       		.uleb128 0x24
 969 002d 00       		.byte	0
 970 002e 0B       		.uleb128 0xb
 971 002f 0B       		.uleb128 0xb
 972 0030 3E       		.uleb128 0x3e
 973 0031 0B       		.uleb128 0xb
 974 0032 03       		.uleb128 0x3
 975 0033 0E       		.uleb128 0xe
 976 0034 00       		.byte	0
 977 0035 00       		.byte	0
 978 0036 05       		.uleb128 0x5
 979 0037 0F       		.uleb128 0xf
 980 0038 00       		.byte	0
 981 0039 0B       		.uleb128 0xb
 982 003a 0B       		.uleb128 0xb
 983 003b 00       		.byte	0
 984 003c 00       		.byte	0
 985 003d 06       		.uleb128 0x6
 986 003e 16       		.uleb128 0x16
 987 003f 00       		.byte	0
 988 0040 03       		.uleb128 0x3
 989 0041 0E       		.uleb128 0xe
 990 0042 3A       		.uleb128 0x3a
 991 0043 0B       		.uleb128 0xb
 992 0044 3B       		.uleb128 0x3b
ARM GAS  C:\Users\Matty\AppData\Local\Temp\ccT2lCWN.s 			page 24


 993 0045 05       		.uleb128 0x5
 994 0046 49       		.uleb128 0x49
 995 0047 13       		.uleb128 0x13
 996 0048 00       		.byte	0
 997 0049 00       		.byte	0
 998 004a 07       		.uleb128 0x7
 999 004b 35       		.uleb128 0x35
 1000 004c 00       		.byte	0
 1001 004d 49       		.uleb128 0x49
 1002 004e 13       		.uleb128 0x13
 1003 004f 00       		.byte	0
 1004 0050 00       		.byte	0
 1005 0051 08       		.uleb128 0x8
 1006 0052 2E       		.uleb128 0x2e
 1007 0053 01       		.byte	0x1
 1008 0054 03       		.uleb128 0x3
 1009 0055 0E       		.uleb128 0xe
 1010 0056 3A       		.uleb128 0x3a
 1011 0057 0B       		.uleb128 0xb
 1012 0058 3B       		.uleb128 0x3b
 1013 0059 0B       		.uleb128 0xb
 1014 005a 27       		.uleb128 0x27
 1015 005b 19       		.uleb128 0x19
 1016 005c 11       		.uleb128 0x11
 1017 005d 01       		.uleb128 0x1
 1018 005e 12       		.uleb128 0x12
 1019 005f 06       		.uleb128 0x6
 1020 0060 40       		.uleb128 0x40
 1021 0061 18       		.uleb128 0x18
 1022 0062 9642     		.uleb128 0x2116
 1023 0064 19       		.uleb128 0x19
 1024 0065 01       		.uleb128 0x1
 1025 0066 13       		.uleb128 0x13
 1026 0067 00       		.byte	0
 1027 0068 00       		.byte	0
 1028 0069 09       		.uleb128 0x9
 1029 006a 05       		.uleb128 0x5
 1030 006b 00       		.byte	0
 1031 006c 03       		.uleb128 0x3
 1032 006d 08       		.uleb128 0x8
 1033 006e 3A       		.uleb128 0x3a
 1034 006f 0B       		.uleb128 0xb
 1035 0070 3B       		.uleb128 0x3b
 1036 0071 0B       		.uleb128 0xb
 1037 0072 49       		.uleb128 0x49
 1038 0073 13       		.uleb128 0x13
 1039 0074 02       		.uleb128 0x2
 1040 0075 18       		.uleb128 0x18
 1041 0076 00       		.byte	0
 1042 0077 00       		.byte	0
 1043 0078 0A       		.uleb128 0xa
 1044 0079 05       		.uleb128 0x5
 1045 007a 00       		.byte	0
 1046 007b 03       		.uleb128 0x3
 1047 007c 0E       		.uleb128 0xe
 1048 007d 3A       		.uleb128 0x3a
 1049 007e 0B       		.uleb128 0xb
ARM GAS  C:\Users\Matty\AppData\Local\Temp\ccT2lCWN.s 			page 25


 1050 007f 3B       		.uleb128 0x3b
 1051 0080 0B       		.uleb128 0xb
 1052 0081 49       		.uleb128 0x49
 1053 0082 13       		.uleb128 0x13
 1054 0083 02       		.uleb128 0x2
 1055 0084 18       		.uleb128 0x18
 1056 0085 00       		.byte	0
 1057 0086 00       		.byte	0
 1058 0087 0B       		.uleb128 0xb
 1059 0088 0F       		.uleb128 0xf
 1060 0089 00       		.byte	0
 1061 008a 0B       		.uleb128 0xb
 1062 008b 0B       		.uleb128 0xb
 1063 008c 49       		.uleb128 0x49
 1064 008d 13       		.uleb128 0x13
 1065 008e 00       		.byte	0
 1066 008f 00       		.byte	0
 1067 0090 0C       		.uleb128 0xc
 1068 0091 26       		.uleb128 0x26
 1069 0092 00       		.byte	0
 1070 0093 00       		.byte	0
 1071 0094 00       		.byte	0
 1072 0095 0D       		.uleb128 0xd
 1073 0096 2E       		.uleb128 0x2e
 1074 0097 01       		.byte	0x1
 1075 0098 03       		.uleb128 0x3
 1076 0099 0E       		.uleb128 0xe
 1077 009a 3A       		.uleb128 0x3a
 1078 009b 0B       		.uleb128 0xb
 1079 009c 3B       		.uleb128 0x3b
 1080 009d 0B       		.uleb128 0xb
 1081 009e 27       		.uleb128 0x27
 1082 009f 19       		.uleb128 0x19
 1083 00a0 11       		.uleb128 0x11
 1084 00a1 01       		.uleb128 0x1
 1085 00a2 12       		.uleb128 0x12
 1086 00a3 06       		.uleb128 0x6
 1087 00a4 40       		.uleb128 0x40
 1088 00a5 18       		.uleb128 0x18
 1089 00a6 9742     		.uleb128 0x2117
 1090 00a8 19       		.uleb128 0x19
 1091 00a9 01       		.uleb128 0x1
 1092 00aa 13       		.uleb128 0x13
 1093 00ab 00       		.byte	0
 1094 00ac 00       		.byte	0
 1095 00ad 0E       		.uleb128 0xe
 1096 00ae 13       		.uleb128 0x13
 1097 00af 01       		.byte	0x1
 1098 00b0 0B       		.uleb128 0xb
 1099 00b1 0B       		.uleb128 0xb
 1100 00b2 3A       		.uleb128 0x3a
 1101 00b3 0B       		.uleb128 0xb
 1102 00b4 3B       		.uleb128 0x3b
 1103 00b5 0B       		.uleb128 0xb
 1104 00b6 01       		.uleb128 0x1
 1105 00b7 13       		.uleb128 0x13
 1106 00b8 00       		.byte	0
ARM GAS  C:\Users\Matty\AppData\Local\Temp\ccT2lCWN.s 			page 26


 1107 00b9 00       		.byte	0
 1108 00ba 0F       		.uleb128 0xf
 1109 00bb 0D       		.uleb128 0xd
 1110 00bc 00       		.byte	0
 1111 00bd 03       		.uleb128 0x3
 1112 00be 0E       		.uleb128 0xe
 1113 00bf 3A       		.uleb128 0x3a
 1114 00c0 0B       		.uleb128 0xb
 1115 00c1 3B       		.uleb128 0x3b
 1116 00c2 0B       		.uleb128 0xb
 1117 00c3 49       		.uleb128 0x49
 1118 00c4 13       		.uleb128 0x13
 1119 00c5 38       		.uleb128 0x38
 1120 00c6 0B       		.uleb128 0xb
 1121 00c7 00       		.byte	0
 1122 00c8 00       		.byte	0
 1123 00c9 10       		.uleb128 0x10
 1124 00ca 01       		.uleb128 0x1
 1125 00cb 01       		.byte	0x1
 1126 00cc 49       		.uleb128 0x49
 1127 00cd 13       		.uleb128 0x13
 1128 00ce 01       		.uleb128 0x1
 1129 00cf 13       		.uleb128 0x13
 1130 00d0 00       		.byte	0
 1131 00d1 00       		.byte	0
 1132 00d2 11       		.uleb128 0x11
 1133 00d3 21       		.uleb128 0x21
 1134 00d4 00       		.byte	0
 1135 00d5 49       		.uleb128 0x49
 1136 00d6 13       		.uleb128 0x13
 1137 00d7 2F       		.uleb128 0x2f
 1138 00d8 0B       		.uleb128 0xb
 1139 00d9 00       		.byte	0
 1140 00da 00       		.byte	0
 1141 00db 12       		.uleb128 0x12
 1142 00dc 34       		.uleb128 0x34
 1143 00dd 00       		.byte	0
 1144 00de 03       		.uleb128 0x3
 1145 00df 0E       		.uleb128 0xe
 1146 00e0 3A       		.uleb128 0x3a
 1147 00e1 0B       		.uleb128 0xb
 1148 00e2 3B       		.uleb128 0x3b
 1149 00e3 0B       		.uleb128 0xb
 1150 00e4 49       		.uleb128 0x49
 1151 00e5 13       		.uleb128 0x13
 1152 00e6 02       		.uleb128 0x2
 1153 00e7 18       		.uleb128 0x18
 1154 00e8 00       		.byte	0
 1155 00e9 00       		.byte	0
 1156 00ea 13       		.uleb128 0x13
 1157 00eb 26       		.uleb128 0x26
 1158 00ec 00       		.byte	0
 1159 00ed 49       		.uleb128 0x49
 1160 00ee 13       		.uleb128 0x13
 1161 00ef 00       		.byte	0
 1162 00f0 00       		.byte	0
 1163 00f1 14       		.uleb128 0x14
ARM GAS  C:\Users\Matty\AppData\Local\Temp\ccT2lCWN.s 			page 27


 1164 00f2 2E       		.uleb128 0x2e
 1165 00f3 00       		.byte	0
 1166 00f4 03       		.uleb128 0x3
 1167 00f5 0E       		.uleb128 0xe
 1168 00f6 3A       		.uleb128 0x3a
 1169 00f7 0B       		.uleb128 0xb
 1170 00f8 3B       		.uleb128 0x3b
 1171 00f9 0B       		.uleb128 0xb
 1172 00fa 27       		.uleb128 0x27
 1173 00fb 19       		.uleb128 0x19
 1174 00fc 11       		.uleb128 0x11
 1175 00fd 01       		.uleb128 0x1
 1176 00fe 12       		.uleb128 0x12
 1177 00ff 06       		.uleb128 0x6
 1178 0100 40       		.uleb128 0x40
 1179 0101 18       		.uleb128 0x18
 1180 0102 9642     		.uleb128 0x2116
 1181 0104 19       		.uleb128 0x19
 1182 0105 00       		.byte	0
 1183 0106 00       		.byte	0
 1184 0107 15       		.uleb128 0x15
 1185 0108 2E       		.uleb128 0x2e
 1186 0109 00       		.byte	0
 1187 010a 03       		.uleb128 0x3
 1188 010b 0E       		.uleb128 0xe
 1189 010c 3A       		.uleb128 0x3a
 1190 010d 0B       		.uleb128 0xb
 1191 010e 3B       		.uleb128 0x3b
 1192 010f 0B       		.uleb128 0xb
 1193 0110 27       		.uleb128 0x27
 1194 0111 19       		.uleb128 0x19
 1195 0112 11       		.uleb128 0x11
 1196 0113 01       		.uleb128 0x1
 1197 0114 12       		.uleb128 0x12
 1198 0115 06       		.uleb128 0x6
 1199 0116 40       		.uleb128 0x40
 1200 0117 18       		.uleb128 0x18
 1201 0118 9742     		.uleb128 0x2117
 1202 011a 19       		.uleb128 0x19
 1203 011b 00       		.byte	0
 1204 011c 00       		.byte	0
 1205 011d 16       		.uleb128 0x16
 1206 011e 2E       		.uleb128 0x2e
 1207 011f 01       		.byte	0x1
 1208 0120 3F       		.uleb128 0x3f
 1209 0121 19       		.uleb128 0x19
 1210 0122 03       		.uleb128 0x3
 1211 0123 0E       		.uleb128 0xe
 1212 0124 3A       		.uleb128 0x3a
 1213 0125 0B       		.uleb128 0xb
 1214 0126 3B       		.uleb128 0x3b
 1215 0127 05       		.uleb128 0x5
 1216 0128 27       		.uleb128 0x27
 1217 0129 19       		.uleb128 0x19
 1218 012a 11       		.uleb128 0x11
 1219 012b 01       		.uleb128 0x1
 1220 012c 12       		.uleb128 0x12
ARM GAS  C:\Users\Matty\AppData\Local\Temp\ccT2lCWN.s 			page 28


 1221 012d 06       		.uleb128 0x6
 1222 012e 40       		.uleb128 0x40
 1223 012f 18       		.uleb128 0x18
 1224 0130 9642     		.uleb128 0x2116
 1225 0132 19       		.uleb128 0x19
 1226 0133 00       		.byte	0
 1227 0134 00       		.byte	0
 1228 0135 17       		.uleb128 0x17
 1229 0136 0B       		.uleb128 0xb
 1230 0137 01       		.byte	0x1
 1231 0138 11       		.uleb128 0x11
 1232 0139 01       		.uleb128 0x1
 1233 013a 12       		.uleb128 0x12
 1234 013b 06       		.uleb128 0x6
 1235 013c 00       		.byte	0
 1236 013d 00       		.byte	0
 1237 013e 18       		.uleb128 0x18
 1238 013f 13       		.uleb128 0x13
 1239 0140 01       		.byte	0x1
 1240 0141 0B       		.uleb128 0xb
 1241 0142 0B       		.uleb128 0xb
 1242 0143 3A       		.uleb128 0x3a
 1243 0144 0B       		.uleb128 0xb
 1244 0145 3B       		.uleb128 0x3b
 1245 0146 05       		.uleb128 0x5
 1246 0147 01       		.uleb128 0x1
 1247 0148 13       		.uleb128 0x13
 1248 0149 00       		.byte	0
 1249 014a 00       		.byte	0
 1250 014b 19       		.uleb128 0x19
 1251 014c 0D       		.uleb128 0xd
 1252 014d 00       		.byte	0
 1253 014e 03       		.uleb128 0x3
 1254 014f 0E       		.uleb128 0xe
 1255 0150 3A       		.uleb128 0x3a
 1256 0151 0B       		.uleb128 0xb
 1257 0152 3B       		.uleb128 0x3b
 1258 0153 05       		.uleb128 0x5
 1259 0154 49       		.uleb128 0x49
 1260 0155 13       		.uleb128 0x13
 1261 0156 38       		.uleb128 0x38
 1262 0157 0B       		.uleb128 0xb
 1263 0158 00       		.byte	0
 1264 0159 00       		.byte	0
 1265 015a 1A       		.uleb128 0x1a
 1266 015b 34       		.uleb128 0x34
 1267 015c 00       		.byte	0
 1268 015d 03       		.uleb128 0x3
 1269 015e 0E       		.uleb128 0xe
 1270 015f 3A       		.uleb128 0x3a
 1271 0160 0B       		.uleb128 0xb
 1272 0161 3B       		.uleb128 0x3b
 1273 0162 05       		.uleb128 0x5
 1274 0163 49       		.uleb128 0x49
 1275 0164 13       		.uleb128 0x13
 1276 0165 02       		.uleb128 0x2
 1277 0166 18       		.uleb128 0x18
ARM GAS  C:\Users\Matty\AppData\Local\Temp\ccT2lCWN.s 			page 29


 1278 0167 00       		.byte	0
 1279 0168 00       		.byte	0
 1280 0169 1B       		.uleb128 0x1b
 1281 016a 34       		.uleb128 0x34
 1282 016b 00       		.byte	0
 1283 016c 03       		.uleb128 0x3
 1284 016d 08       		.uleb128 0x8
 1285 016e 3A       		.uleb128 0x3a
 1286 016f 0B       		.uleb128 0xb
 1287 0170 3B       		.uleb128 0x3b
 1288 0171 05       		.uleb128 0x5
 1289 0172 49       		.uleb128 0x49
 1290 0173 13       		.uleb128 0x13
 1291 0174 02       		.uleb128 0x2
 1292 0175 18       		.uleb128 0x18
 1293 0176 00       		.byte	0
 1294 0177 00       		.byte	0
 1295 0178 00       		.byte	0
 1296              		.section	.debug_aranges,"",%progbits
 1297 0000 4C000000 		.4byte	0x4c
 1298 0004 0200     		.2byte	0x2
 1299 0006 00000000 		.4byte	.Ldebug_info0
 1300 000a 04       		.byte	0x4
 1301 000b 00       		.byte	0
 1302 000c 0000     		.2byte	0
 1303 000e 0000     		.2byte	0
 1304 0010 00000000 		.4byte	.LFB0
 1305 0014 1E000000 		.4byte	.LFE0-.LFB0
 1306 0018 00000000 		.4byte	.LFB1
 1307 001c 22000000 		.4byte	.LFE1-.LFB1
 1308 0020 00000000 		.4byte	.LFB2
 1309 0024 22000000 		.4byte	.LFE2-.LFB2
 1310 0028 00000000 		.4byte	.LFB3
 1311 002c A4000000 		.4byte	.LFE3-.LFB3
 1312 0030 A4000000 		.4byte	.LFB4
 1313 0034 74000000 		.4byte	.LFE4-.LFB4
 1314 0038 00000000 		.4byte	.LFB5
 1315 003c 08000000 		.4byte	.LFE5-.LFB5
 1316 0040 18010000 		.4byte	.LFB6
 1317 0044 D4000000 		.4byte	.LFE6-.LFB6
 1318 0048 00000000 		.4byte	0
 1319 004c 00000000 		.4byte	0
 1320              		.section	.debug_ranges,"",%progbits
 1321              	.Ldebug_ranges0:
 1322 0000 00000000 		.4byte	.LFB0
 1323 0004 1E000000 		.4byte	.LFE0
 1324 0008 00000000 		.4byte	.LFB1
 1325 000c 22000000 		.4byte	.LFE1
 1326 0010 00000000 		.4byte	.LFB2
 1327 0014 22000000 		.4byte	.LFE2
 1328 0018 00000000 		.4byte	.LFB3
 1329 001c A4000000 		.4byte	.LFE3
 1330 0020 A4000000 		.4byte	.LFB4
 1331 0024 18010000 		.4byte	.LFE4
 1332 0028 00000000 		.4byte	.LFB5
 1333 002c 08000000 		.4byte	.LFE5
 1334 0030 18010000 		.4byte	.LFB6
ARM GAS  C:\Users\Matty\AppData\Local\Temp\ccT2lCWN.s 			page 30


 1335 0034 EC010000 		.4byte	.LFE6
 1336 0038 00000000 		.4byte	0
 1337 003c 00000000 		.4byte	0
 1338              		.section	.debug_line,"",%progbits
 1339              	.Ldebug_line0:
 1340 0000 72010000 		.section	.debug_str,"MS",%progbits,1
 1340      0200D000 
 1340      00000201 
 1340      FB0E0D00 
 1340      01010101 
 1341              	.LASF19:
 1342 0000 72656733 		.ascii	"reg32\000"
 1342      3200
 1343              	.LASF11:
 1344 0006 73697A65 		.ascii	"size_t\000"
 1344      5F7400
 1345              	.LASF38:
 1346 000d 416E616C 		.ascii	"AnalogSetDefault\000"
 1346      6F675365 
 1346      74446566 
 1346      61756C74 
 1346      00
 1347              	.LASF29:
 1348 001e 696D6F5F 		.ascii	"imo_trim_entry_t\000"
 1348      7472696D 
 1348      5F656E74 
 1348      72795F74 
 1348      00
 1349              	.LASF42:
 1350 002f 6366675F 		.ascii	"cfg_memset_list\000"
 1350      6D656D73 
 1350      65745F6C 
 1350      69737400 
 1351              	.LASF37:
 1352 003f 436C6F63 		.ascii	"ClockSetup\000"
 1352      6B536574 
 1352      757000
 1353              	.LASF28:
 1354 004a 746D7063 		.ascii	"tmpco\000"
 1354      6F00
 1355              	.LASF4:
 1356 0050 73686F72 		.ascii	"short unsigned int\000"
 1356      7420756E 
 1356      7369676E 
 1356      65642069 
 1356      6E7400
 1357              	.LASF3:
 1358 0063 73686F72 		.ascii	"short int\000"
 1358      7420696E 
 1358      7400
 1359              	.LASF24:
 1360 006d 53657449 		.ascii	"SetIMOBGTrims\000"
 1360      4D4F4247 
 1360      5472696D 
 1360      7300
 1361              	.LASF16:
 1362 007b 666C6F61 		.ascii	"float\000"
ARM GAS  C:\Users\Matty\AppData\Local\Temp\ccT2lCWN.s 			page 31


 1362      7400
 1363              	.LASF34:
 1364 0081 696D6F54 		.ascii	"imoTrimIndex\000"
 1364      72696D49 
 1364      6E646578 
 1364      00
 1365              	.LASF22:
 1366 008e 64657374 		.ascii	"dest\000"
 1366      00
 1367              	.LASF40:
 1368 0093 73697A65 		.ascii	"size\000"
 1368      00
 1369              	.LASF18:
 1370 0098 72656738 		.ascii	"reg8\000"
 1370      00
 1371              	.LASF6:
 1372 009d 6C6F6E67 		.ascii	"long unsigned int\000"
 1372      20756E73 
 1372      69676E65 
 1372      6420696E 
 1372      7400
 1373              	.LASF15:
 1374 00af 696E7433 		.ascii	"int32\000"
 1374      3200
 1375              	.LASF20:
 1376 00b5 43594D45 		.ascii	"CYMEMZERO\000"
 1376      4D5A4552 
 1376      4F00
 1377              	.LASF2:
 1378 00bf 756E7369 		.ascii	"unsigned char\000"
 1378      676E6564 
 1378      20636861 
 1378      7200
 1379              	.LASF17:
 1380 00cd 646F7562 		.ascii	"double\000"
 1380      6C6500
 1381              	.LASF25:
 1382 00d4 696D6F46 		.ascii	"imoFreq\000"
 1382      72657100 
 1383              	.LASF21:
 1384 00dc 4359434F 		.ascii	"CYCONFIGCPY\000"
 1384      4E464947 
 1384      43505900 
 1385              	.LASF33:
 1386 00e8 494D4F5F 		.ascii	"IMO_TRIM_FREQ_TABLE_ENTRIES\000"
 1386      5452494D 
 1386      5F465245 
 1386      515F5441 
 1386      424C455F 
 1387              	.LASF13:
 1388 0104 75696E74 		.ascii	"uint16\000"
 1388      313600
 1389              	.LASF14:
 1390 010b 75696E74 		.ascii	"uint32\000"
 1390      333200
 1391              	.LASF0:
 1392 0112 756E7369 		.ascii	"unsigned int\000"
ARM GAS  C:\Users\Matty\AppData\Local\Temp\ccT2lCWN.s 			page 32


 1392      676E6564 
 1392      20696E74 
 1392      00
 1393              	.LASF46:
 1394 011f 63796669 		.ascii	"cyfitter_cfg\000"
 1394      74746572 
 1394      5F636667 
 1394      00
 1395              	.LASF39:
 1396 012c 61646472 		.ascii	"address\000"
 1396      65737300 
 1397              	.LASF8:
 1398 0134 6C6F6E67 		.ascii	"long long unsigned int\000"
 1398      206C6F6E 
 1398      6720756E 
 1398      7369676E 
 1398      65642069 
 1399              	.LASF31:
 1400 014b 696D6F5F 		.ascii	"imo_trim_table_t\000"
 1400      7472696D 
 1400      5F746162 
 1400      6C655F74 
 1400      00
 1401              	.LASF41:
 1402 015c 6366675F 		.ascii	"cfg_memset_t\000"
 1402      6D656D73 
 1402      65745F74 
 1402      00
 1403              	.LASF44:
 1404 0169 2E5C4765 		.ascii	".\\Generated_Source\\PSoC4\\cyfitter_cfg.c\000"
 1404      6E657261 
 1404      7465645F 
 1404      536F7572 
 1404      63655C50 
 1405              	.LASF9:
 1406 0191 73697A65 		.ascii	"sizetype\000"
 1406      74797065 
 1406      00
 1407              	.LASF36:
 1408 019a 73657454 		.ascii	"setTmpCo\000"
 1408      6D70436F 
 1408      00
 1409              	.LASF7:
 1410 01a3 6C6F6E67 		.ascii	"long long int\000"
 1410      206C6F6E 
 1410      6720696E 
 1410      7400
 1411              	.LASF10:
 1412 01b1 63686172 		.ascii	"char\000"
 1412      00
 1413              	.LASF27:
 1414 01b6 6162736F 		.ascii	"absolute\000"
 1414      6C757465 
 1414      00
 1415              	.LASF26:
 1416 01bf 66726571 		.ascii	"freq\000"
 1416      00
ARM GAS  C:\Users\Matty\AppData\Local\Temp\ccT2lCWN.s 			page 33


 1417              	.LASF12:
 1418 01c4 75696E74 		.ascii	"uint8\000"
 1418      3800
 1419              	.LASF32:
 1420 01ca 696D6F5F 		.ascii	"imo_trim_table\000"
 1420      7472696D 
 1420      5F746162 
 1420      6C6500
 1421              	.LASF5:
 1422 01d9 6C6F6E67 		.ascii	"long int\000"
 1422      20696E74 
 1422      00
 1423              	.LASF30:
 1424 01e2 656E7472 		.ascii	"entries\000"
 1424      69657300 
 1425              	.LASF35:
 1426 01ea 73657441 		.ascii	"setAbs\000"
 1426      627300
 1427              	.LASF1:
 1428 01f1 7369676E 		.ascii	"signed char\000"
 1428      65642063 
 1428      68617200 
 1429              	.LASF23:
 1430 01fd 4359434F 		.ascii	"CYCONFIGCPYCODE\000"
 1430      4E464947 
 1430      43505943 
 1430      4F444500 
 1431              	.LASF43:
 1432 020d 474E5520 		.ascii	"GNU C 4.8.4 20140526 (release) [ARM/embedded-4_8-br"
 1432      4320342E 
 1432      382E3420 
 1432      32303134 
 1432      30353236 
 1433 0240 616E6368 		.ascii	"anch revision 211358] -mcpu=cortex-m0 -mthumb -g -O"
 1433      20726576 
 1433      6973696F 
 1433      6E203231 
 1433      31333538 
 1434 0273 30202D66 		.ascii	"0 -ffunction-sections\000"
 1434      66756E63 
 1434      74696F6E 
 1434      2D736563 
 1434      74696F6E 
 1435              	.LASF45:
 1436 0289 433A5C55 		.ascii	"C:\\Users\\Matty\\Documents\\PSoC Creator\\RF_Switc"
 1436      73657273 
 1436      5C4D6174 
 1436      74795C44 
 1436      6F63756D 
 1437 02b7 685F4D61 		.ascii	"h_Matrix\\RF_Switch_Matrix-2.cydsn\000"
 1437      74726978 
 1437      5C52465F 
 1437      53776974 
 1437      63685F4D 
 1438              		.ident	"GCC: (GNU Tools for ARM Embedded Processors) 4.8.4 20140526 (release) [ARM/embedded-4_8-br
