#***************************************************************************

#sjplacer

#Version:            1.1

#Build Date:         May  8 2015 09:27:37

#File Generated:     Sep 9 2016 22:59:29

#Purpose:            

#Copyright (C) 2010-2011 by Softjin Technologies Pvt Ltd. All rights reserved.

#***************************************************************************

Executing : C:\Program Files (x86)\Cypress\PSoC Creator\3.2\PSoC Creator\bin/sjplacer.exe --proj-name RF_Switch_Matrix --netlist-vh2 RF_Switch_Matrix_p.vh2 --arch-file C:\Program Files (x86)\Cypress\PSoC Creator\3.2\PSoC Creator\dev/arch/p4_udb2x2.ark --rrg-file C:\Program Files (x86)\Cypress\PSoC Creator\3.2\PSoC Creator\dev/psoc4/4/route_arch-rrg.cydata --irq-file C:\Program Files (x86)\Cypress\PSoC Creator\3.2\PSoC Creator\dev/psoc4/4/irqconn.cydata --drq-file C:\Program Files (x86)\Cypress\PSoC Creator\3.2\PSoC Creator\dev/psoc4/4/dmaconn.cydata --dsi-conn-file C:\Program Files (x86)\Cypress\PSoC Creator\3.2\PSoC Creator\dev/psoc4/4/dsiconn.cydata --pins-file pins_64-TQFP.xml --lib-file RF_Switch_Matrix_p.lib --sdc-file RF_Switch_Matrix.sdc --io-pcf RF_Switch_Matrix.pci --outdir .

		Softjin Techologies Placer, Version 1.1

Build Date : May  8 2015	08:51:53

D2004: Option and Settings Summary
=============================================================
Netlist vh2 file          - RF_Switch_Matrix_p.vh2
Architecture file         - C:\Program Files (x86)\Cypress\PSoC Creator\3.2\PSoC Creator\dev/arch/p4_udb2x2.ark
Package                   - 
Defparam file             - 
SDC file                  - RF_Switch_Matrix.sdc
Output directory          - .
Timing library            - RF_Switch_Matrix_p.lib
IO Placement file         - RF_Switch_Matrix.pci

D2050: Starting reading inputs for placer
=============================================================
D2065: Reading netlist file : "RF_Switch_Matrix_p.vh2"
D2065: Reading arch file : "C:\Program Files (x86)\Cypress\PSoC Creator\3.2\PSoC Creator\dev/arch/p4_udb2x2.ark"
D2051: Reading of inputs for placer completed successfully

D2053: Starting placement of the design
=============================================================

Phase 2
Phase 3

Design Statistics after Packing
    Number of Combinational MCs 	:	13
    Number of Sequential MCs    	:	16
    Number of DPs               	:	3
    Number of Controls          	:	2
    Number of Status            	:	2
    Number of SyncCells         	:	0
    Number of count7cells       	:	1

Device Utilization Summary after Packing
    Macrocells                  :	29/32
    UDBS                        :	4/4
    IOs                         :	7/51


D2088: Phase 3, elapsed time : 0.0 (sec)

Phase 4
D2088: Phase 4, elapsed time : 0.0 (sec)

Phase 6

######################################################################
Placement Timing Summary

The timing summary is based on estimated routing delays after
placement. For final timing report, please carry out the timing
analysis after routing.
======================================================================

######################################################################
                     Clock Summary 
======================================================================
Number of clocks: 8
Clock: CyHFCLK              | Frequency:  39.4 MHz | Target:  48.0 MHz
Clock: CyILO                | Frequency: N/A       | Target:   0.0 MHz
Clock: CyIMO                | Frequency: N/A       | Target:  48.0 MHz
Clock: CyLFCLK              | Frequency: N/A       | Target:   0.0 MHz
Clock: CyRouted1            | Frequency: N/A       | Target:  48.0 MHz
Clock: CySYSCLK             | Frequency: N/A       | Target:   1.5 MHz
Clock: CyWCO                | Frequency: N/A       | Target:   0.0 MHz
Clock: UART_IntClock        | Frequency:  39.4 MHz | Target:   0.9 MHz

======================================================================
                     End of Clock Summary
######################################################################

D2088: Phase 6, elapsed time : 0.0 (sec)

Phase 7
######################################################################
                     Clock Summary 
======================================================================
Number of clocks: 8
Clock: CyHFCLK              | Frequency:  40.2 MHz | Target:  48.0 MHz
Clock: CyILO                | Frequency: N/A       | Target:   0.0 MHz
Clock: CyIMO                | Frequency: N/A       | Target:  48.0 MHz
Clock: CyLFCLK              | Frequency: N/A       | Target:   0.0 MHz
Clock: CyRouted1            | Frequency: N/A       | Target:  48.0 MHz
Clock: CySYSCLK             | Frequency: N/A       | Target:   1.5 MHz
Clock: CyWCO                | Frequency: N/A       | Target:   0.0 MHz
Clock: UART_IntClock        | Frequency:  40.2 MHz | Target:   0.9 MHz

======================================================================
                     End of Clock Summary
######################################################################
D2088: Phase 7, elapsed time : 0.1 (sec)

Final Design Statistics
    Number of Combinational MCs 	:	13
    Number of Sequential MCs    	:	16
    Number of DPs               	:	3
    Number of Controls          	:	2
    Number of Status            	:	2
    Number of SyncCells         	:	0
    Number of count7cells       	:	1
    Number of IOs       	:	7

Device Utilization Summary
    Macrocells                  :	29/32
    IOs                         :	7/51



######################################################################
Placement Timing Summary

The timing summary is based on estimated routing delays after
placement. For final timing report, please carry out the timing
analysis after routing.
======================================================================


######################################################################
                     Clock Summary 
======================================================================
Number of clocks: 8
Clock: CyHFCLK              | Frequency:  40.2 MHz | Target:  48.0 MHz
Clock: CyILO                | Frequency: N/A       | Target:   0.0 MHz
Clock: CyIMO                | Frequency: N/A       | Target:  48.0 MHz
Clock: CyLFCLK              | Frequency: N/A       | Target:   0.0 MHz
Clock: CyRouted1            | Frequency: N/A       | Target:  48.0 MHz
Clock: CySYSCLK             | Frequency: N/A       | Target:   1.5 MHz
Clock: CyWCO                | Frequency: N/A       | Target:   0.0 MHz
Clock: UART_IntClock        | Frequency:  40.2 MHz | Target:   0.9 MHz

======================================================================
                     End of Clock Summary
######################################################################

Phase 8
D2088: Phase 8, elapsed time : 0.0 (sec)

D2054: Placement of the design completed successfully

I2076: Total run-time: 0.5 sec.

