--------------- Build Started: 08/25/2016 23:07:48 Project: RF_Switch_Matrix, Configuration: ARM GCC 4.8.4 Debug ---------------
cydsfit.exe -.appdatapath "C:\Users\Matty\AppData\Local\Cypress Semiconductor\PSoC Creator\3.1" -.fdsnotice -.fdswarpdepfile=warp_dependencies.txt -.fdselabdepfile=elab_dependencies.txt -.fdsbldfile=generated_files.txt -p "C:\Users\Matty\Documents\PSoC Creator\RF_Switch_Matrix\RF_Switch_Matrix.cydsn\RF_Switch_Matrix.cyprj" -d CY8C4247LQI-BL483 -s "C:\Users\Matty\Documents\PSoC Creator\RF_Switch_Matrix\RF_Switch_Matrix.cydsn\Generated_Source\PSoC4" -- -yv2 -q10 -ygs -o2 -v3 -.fftcfgtype=LE
Elaborating Design...
HDL Generation ...
Synthesis ...
Place and Route ...
Tech mapping ...
ADD: pft.M0040: information: The following 2 pin(s) will be assigned a location by the fitter: Rx_1(0), Tx_1(0)
Analog Placement ...
Analog Routing ...
Analog Code Generation ...
Digital Placement ...
Digital Routing ...
Bitstream Generation ...
Static timing analysis ...
API Generation ...
Dependency Generation ...
Clean Temporary Files ...
arm-none-eabi-gcc.exe -mcpu=cortex-m0 -mthumb -Wno-main -I. -I.\Generated_Source\PSoC4 -Wa,-alh=.\CortexM0\ARM_GCC_484\Debug/main.lst -g -D DEBUG -Wall -ffunction-sections -O0 -c .\main.c -o .\CortexM0\ARM_GCC_484\Debug\main.o
arm-none-eabi-gcc.exe -mcpu=cortex-m0 -mthumb -Wno-main -I. -I.\Generated_Source\PSoC4 -Wa,-alh=.\CortexM0\ARM_GCC_484\Debug/cyfitter_cfg.lst -g -D DEBUG -Wall -ffunction-sections -O0 -c .\Generated_Source\PSoC4\cyfitter_cfg.c -o .\CortexM0\ARM_GCC_484\Debug\cyfitter_cfg.o
arm-none-eabi-gcc.exe -mcpu=cortex-m0 -mthumb -Wno-main -I. -I.\Generated_Source\PSoC4 -Wa,-alh=.\CortexM0\ARM_GCC_484\Debug/cymetadata.lst -g -D DEBUG -Wall -ffunction-sections -O0 -c .\Generated_Source\PSoC4\cymetadata.c -o .\CortexM0\ARM_GCC_484\Debug\cymetadata.o
arm-none-eabi-gcc.exe -mcpu=cortex-m0 -mthumb -Wno-main -I. -I.\Generated_Source\PSoC4 -Wa,-alh=.\CortexM0\ARM_GCC_484\Debug/UART_1.lst -g -D DEBUG -Wall -ffunction-sections -O0 -c .\Generated_Source\PSoC4\UART_1.c -o .\CortexM0\ARM_GCC_484\Debug\UART_1.o
arm-none-eabi-gcc.exe -mcpu=cortex-m0 -mthumb -Wno-main -I. -I.\Generated_Source\PSoC4 -Wa,-alh=.\CortexM0\ARM_GCC_484\Debug/UART_1_PM.lst -g -D DEBUG -Wall -ffunction-sections -O0 -c .\Generated_Source\PSoC4\UART_1_PM.c -o .\CortexM0\ARM_GCC_484\Debug\UART_1_PM.o
arm-none-eabi-gcc.exe -mcpu=cortex-m0 -mthumb -Wno-main -I. -I.\Generated_Source\PSoC4 -Wa,-alh=.\CortexM0\ARM_GCC_484\Debug/UART_1_INT.lst -g -D DEBUG -Wall -ffunction-sections -O0 -c .\Generated_Source\PSoC4\UART_1_INT.c -o .\CortexM0\ARM_GCC_484\Debug\UART_1_INT.o
arm-none-eabi-gcc.exe -mcpu=cortex-m0 -mthumb -Wno-main -I. -I.\Generated_Source\PSoC4 -Wa,-alh=.\CortexM0\ARM_GCC_484\Debug/UART_1_BOOT.lst -g -D DEBUG -Wall -ffunction-sections -O0 -c .\Generated_Source\PSoC4\UART_1_BOOT.c -o .\CortexM0\ARM_GCC_484\Debug\UART_1_BOOT.o
arm-none-eabi-gcc.exe -mcpu=cortex-m0 -mthumb -Wno-main -I. -I.\Generated_Source\PSoC4 -Wa,-alh=.\CortexM0\ARM_GCC_484\Debug/uart_rx_isr.lst -g -D DEBUG -Wall -ffunction-sections -O0 -c .\Generated_Source\PSoC4\uart_rx_isr.c -o .\CortexM0\ARM_GCC_484\Debug\uart_rx_isr.o
arm-none-eabi-gcc.exe -mcpu=cortex-m0 -mthumb -Wno-main -I. -I.\Generated_Source\PSoC4 -Wa,-alh=.\CortexM0\ARM_GCC_484\Debug/Cm0Start.lst -g -D DEBUG -Wall -ffunction-sections -O0 -c .\Generated_Source\PSoC4\Cm0Start.c -o .\CortexM0\ARM_GCC_484\Debug\Cm0Start.o
arm-none-eabi-as.exe -mcpu=cortex-m0 -mthumb -I. -I.\Generated_Source\PSoC4 -alh=.\CortexM0\ARM_GCC_484\Debug/CyBootAsmGnu.lst -g -W -o .\CortexM0\ARM_GCC_484\Debug\CyBootAsmGnu.o .\Generated_Source\PSoC4\CyBootAsmGnu.s
arm-none-eabi-gcc.exe -mcpu=cortex-m0 -mthumb -Wno-main -I. -I.\Generated_Source\PSoC4 -Wa,-alh=.\CortexM0\ARM_GCC_484\Debug/CyFlash.lst -g -D DEBUG -Wall -ffunction-sections -O0 -c .\Generated_Source\PSoC4\CyFlash.c -o .\CortexM0\ARM_GCC_484\Debug\CyFlash.o
arm-none-eabi-gcc.exe -mcpu=cortex-m0 -mthumb -Wno-main -I. -I.\Generated_Source\PSoC4 -Wa,-alh=.\CortexM0\ARM_GCC_484\Debug/CyLib.lst -g -D DEBUG -Wall -ffunction-sections -O0 -c .\Generated_Source\PSoC4\CyLib.c -o .\CortexM0\ARM_GCC_484\Debug\CyLib.o
arm-none-eabi-gcc.exe -mcpu=cortex-m0 -mthumb -Wno-main -I. -I.\Generated_Source\PSoC4 -Wa,-alh=.\CortexM0\ARM_GCC_484\Debug/cyPm.lst -g -D DEBUG -Wall -ffunction-sections -O0 -c .\Generated_Source\PSoC4\cyPm.c -o .\CortexM0\ARM_GCC_484\Debug\cyPm.o
arm-none-eabi-gcc.exe -mcpu=cortex-m0 -mthumb -Wno-main -I. -I.\Generated_Source\PSoC4 -Wa,-alh=.\CortexM0\ARM_GCC_484\Debug/cyutils.lst -g -D DEBUG -Wall -ffunction-sections -O0 -c .\Generated_Source\PSoC4\cyutils.c -o .\CortexM0\ARM_GCC_484\Debug\cyutils.o
arm-none-eabi-gcc.exe -mcpu=cortex-m0 -mthumb -Wno-main -I. -I.\Generated_Source\PSoC4 -Wa,-alh=.\CortexM0\ARM_GCC_484\Debug/Clock_1.lst -g -D DEBUG -Wall -ffunction-sections -O0 -c .\Generated_Source\PSoC4\Clock_1.c -o .\CortexM0\ARM_GCC_484\Debug\Clock_1.o
arm-none-eabi-gcc.exe -mcpu=cortex-m0 -mthumb -Wno-main -I. -I.\Generated_Source\PSoC4 -Wa,-alh=.\CortexM0\ARM_GCC_484\Debug/CydwClock_1.lst -g -D DEBUG -Wall -ffunction-sections -O0 -c .\Generated_Source\PSoC4\CydwClock_1.c -o .\CortexM0\ARM_GCC_484\Debug\CydwClock_1.o
arm-none-eabi-ar.exe -rs .\CortexM0\ARM_GCC_484\Debug\RF_Switch_Matrix.a .\CortexM0\ARM_GCC_484\Debug\cyfitter_cfg.o .\CortexM0\ARM_GCC_484\Debug\UART_1.o .\CortexM0\ARM_GCC_484\Debug\UART_1_PM.o .\CortexM0\ARM_GCC_484\Debug\UART_1_INT.o .\CortexM0\ARM_GCC_484\Debug\UART_1_BOOT.o .\CortexM0\ARM_GCC_484\Debug\uart_rx_isr.o .\CortexM0\ARM_GCC_484\Debug\CyBootAsmGnu.o .\CortexM0\ARM_GCC_484\Debug\CyFlash.o .\CortexM0\ARM_GCC_484\Debug\CyLib.o .\CortexM0\ARM_GCC_484\Debug\cyPm.o .\CortexM0\ARM_GCC_484\Debug\cyutils.o .\CortexM0\ARM_GCC_484\Debug\Clock_1.o .\CortexM0\ARM_GCC_484\Debug\CydwClock_1.o
arm-none-eabi-ar.exe: creating .\CortexM0\ARM_GCC_484\Debug\RF_Switch_Matrix.a
arm-none-eabi-gcc.exe -Wl,--start-group -o .\CortexM0\ARM_GCC_484\Debug\RF_Switch_Matrix.elf .\CortexM0\ARM_GCC_484\Debug\main.o .\CortexM0\ARM_GCC_484\Debug\cymetadata.o .\CortexM0\ARM_GCC_484\Debug\Cm0Start.o .\CortexM0\ARM_GCC_484\Debug\RF_Switch_Matrix.a "C:\Program Files (x86)\Cypress\PSoC Creator\3.1\PSoC Creator\psoc\content\cycomponentlibrary\CyComponentLibrary.cylib\CortexM0\ARM_GCC_484\Debug\CyComponentLibrary.a" -mthumb -march=armv6-m -Wl,-Map,.\CortexM0\ARM_GCC_484\Debug/RF_Switch_Matrix.map -T .\Generated_Source\PSoC4\cm0gcc.ld -g -specs=nano.specs "-u _printf_float" "" -Wl,--gc-sections -Wl,--end-group
cyelftool.exe -C "C:\Users\Matty\Documents\PSoC Creator\RF_Switch_Matrix\RF_Switch_Matrix.cydsn\CortexM0\ARM_GCC_484\Debug\RF_Switch_Matrix.elf" --flash_size 131072 --flash_row_size 128
cyelftool.exe -S "C:\Users\Matty\Documents\PSoC Creator\RF_Switch_Matrix\RF_Switch_Matrix.cydsn\CortexM0\ARM_GCC_484\Debug\RF_Switch_Matrix.elf"
Flash used: 3022 of 131072 bytes (2.3 %).
SRAM used: 2436 of 16384 bytes (14.9 %). Stack: 2048 bytes. Heap: 128 bytes.
--------------- Build Succeeded: 08/25/2016 23:08:03 ---------------
