ARM GAS  C:\Users\Matty\AppData\Local\Temp\ccuUDgif.s 			page 1


   1              		.cpu cortex-m0
   2              		.fpu softvfp
   3              		.eabi_attribute 20, 1
   4              		.eabi_attribute 21, 1
   5              		.eabi_attribute 23, 3
   6              		.eabi_attribute 24, 1
   7              		.eabi_attribute 25, 1
   8              		.eabi_attribute 26, 1
   9              		.eabi_attribute 30, 6
  10              		.eabi_attribute 34, 0
  11              		.eabi_attribute 18, 4
  12              		.code	16
  13              		.file	"UART_1.c"
  14              		.text
  15              	.Ltext0:
  16              		.cfi_sections	.debug_frame
  17              		.global	UART_1_initVar
  18              		.bss
  19              		.type	UART_1_initVar, %object
  20              		.size	UART_1_initVar, 1
  21              	UART_1_initVar:
  22 0000 00       		.space	1
  23              		.section	.text.UART_1_Init,"ax",%progbits
  24              		.align	2
  25              		.global	UART_1_Init
  26              		.code	16
  27              		.thumb_func
  28              		.type	UART_1_Init, %function
  29              	UART_1_Init:
  30              	.LFB1:
  31              		.file 1 ".\\Generated_Source\\PSoC4\\UART_1.c"
   1:.\Generated_Source\PSoC4/UART_1.c **** /*******************************************************************************
   2:.\Generated_Source\PSoC4/UART_1.c **** * File Name: UART_1.c
   3:.\Generated_Source\PSoC4/UART_1.c **** * Version 3.0
   4:.\Generated_Source\PSoC4/UART_1.c **** *
   5:.\Generated_Source\PSoC4/UART_1.c **** * Description:
   6:.\Generated_Source\PSoC4/UART_1.c **** *  This file provides the source code to the API for the SCB Component.
   7:.\Generated_Source\PSoC4/UART_1.c **** *
   8:.\Generated_Source\PSoC4/UART_1.c **** * Note:
   9:.\Generated_Source\PSoC4/UART_1.c **** *
  10:.\Generated_Source\PSoC4/UART_1.c **** *******************************************************************************
  11:.\Generated_Source\PSoC4/UART_1.c **** * Copyright 2013-2015, Cypress Semiconductor Corporation.  All rights reserved.
  12:.\Generated_Source\PSoC4/UART_1.c **** * You may use this file only in accordance with the license, terms, conditions,
  13:.\Generated_Source\PSoC4/UART_1.c **** * disclaimers, and limitations in the end user license agreement accompanying
  14:.\Generated_Source\PSoC4/UART_1.c **** * the software package with which this file was provided.
  15:.\Generated_Source\PSoC4/UART_1.c **** *******************************************************************************/
  16:.\Generated_Source\PSoC4/UART_1.c **** 
  17:.\Generated_Source\PSoC4/UART_1.c **** #include "UART_1_PVT.h"
  18:.\Generated_Source\PSoC4/UART_1.c **** 
  19:.\Generated_Source\PSoC4/UART_1.c **** #if (UART_1_SCB_MODE_I2C_INC)
  20:.\Generated_Source\PSoC4/UART_1.c ****     #include "UART_1_I2C_PVT.h"
  21:.\Generated_Source\PSoC4/UART_1.c **** #endif /* (UART_1_SCB_MODE_I2C_INC) */
  22:.\Generated_Source\PSoC4/UART_1.c **** 
  23:.\Generated_Source\PSoC4/UART_1.c **** #if (UART_1_SCB_MODE_EZI2C_INC)
  24:.\Generated_Source\PSoC4/UART_1.c ****     #include "UART_1_EZI2C_PVT.h"
  25:.\Generated_Source\PSoC4/UART_1.c **** #endif /* (UART_1_SCB_MODE_EZI2C_INC) */
  26:.\Generated_Source\PSoC4/UART_1.c **** 
ARM GAS  C:\Users\Matty\AppData\Local\Temp\ccuUDgif.s 			page 2


  27:.\Generated_Source\PSoC4/UART_1.c **** #if (UART_1_SCB_MODE_SPI_INC || UART_1_SCB_MODE_UART_INC)
  28:.\Generated_Source\PSoC4/UART_1.c ****     #include "UART_1_SPI_UART_PVT.h"
  29:.\Generated_Source\PSoC4/UART_1.c **** #endif /* (UART_1_SCB_MODE_SPI_INC || UART_1_SCB_MODE_UART_INC) */
  30:.\Generated_Source\PSoC4/UART_1.c **** 
  31:.\Generated_Source\PSoC4/UART_1.c **** 
  32:.\Generated_Source\PSoC4/UART_1.c **** /***************************************
  33:.\Generated_Source\PSoC4/UART_1.c **** *    Run Time Configuration Vars
  34:.\Generated_Source\PSoC4/UART_1.c **** ***************************************/
  35:.\Generated_Source\PSoC4/UART_1.c **** 
  36:.\Generated_Source\PSoC4/UART_1.c **** /* Stores internal component configuration for Unconfigured mode */
  37:.\Generated_Source\PSoC4/UART_1.c **** #if (UART_1_SCB_MODE_UNCONFIG_CONST_CFG)
  38:.\Generated_Source\PSoC4/UART_1.c ****     /* Common configuration variables */
  39:.\Generated_Source\PSoC4/UART_1.c ****     uint8 UART_1_scbMode = UART_1_SCB_MODE_UNCONFIG;
  40:.\Generated_Source\PSoC4/UART_1.c ****     uint8 UART_1_scbEnableWake;
  41:.\Generated_Source\PSoC4/UART_1.c ****     uint8 UART_1_scbEnableIntr;
  42:.\Generated_Source\PSoC4/UART_1.c **** 
  43:.\Generated_Source\PSoC4/UART_1.c ****     /* I2C configuration variables */
  44:.\Generated_Source\PSoC4/UART_1.c ****     uint8 UART_1_mode;
  45:.\Generated_Source\PSoC4/UART_1.c ****     uint8 UART_1_acceptAddr;
  46:.\Generated_Source\PSoC4/UART_1.c **** 
  47:.\Generated_Source\PSoC4/UART_1.c ****     /* SPI/UART configuration variables */
  48:.\Generated_Source\PSoC4/UART_1.c ****     volatile uint8 * UART_1_rxBuffer;
  49:.\Generated_Source\PSoC4/UART_1.c ****     uint8  UART_1_rxDataBits;
  50:.\Generated_Source\PSoC4/UART_1.c ****     uint32 UART_1_rxBufferSize;
  51:.\Generated_Source\PSoC4/UART_1.c **** 
  52:.\Generated_Source\PSoC4/UART_1.c ****     volatile uint8 * UART_1_txBuffer;
  53:.\Generated_Source\PSoC4/UART_1.c ****     uint8  UART_1_txDataBits;
  54:.\Generated_Source\PSoC4/UART_1.c ****     uint32 UART_1_txBufferSize;
  55:.\Generated_Source\PSoC4/UART_1.c **** 
  56:.\Generated_Source\PSoC4/UART_1.c ****     /* EZI2C configuration variables */
  57:.\Generated_Source\PSoC4/UART_1.c ****     uint8 UART_1_numberOfAddr;
  58:.\Generated_Source\PSoC4/UART_1.c ****     uint8 UART_1_subAddrSize;
  59:.\Generated_Source\PSoC4/UART_1.c **** #endif /* (UART_1_SCB_MODE_UNCONFIG_CONST_CFG) */
  60:.\Generated_Source\PSoC4/UART_1.c **** 
  61:.\Generated_Source\PSoC4/UART_1.c **** 
  62:.\Generated_Source\PSoC4/UART_1.c **** /***************************************
  63:.\Generated_Source\PSoC4/UART_1.c **** *     Common SCB Vars
  64:.\Generated_Source\PSoC4/UART_1.c **** ***************************************/
  65:.\Generated_Source\PSoC4/UART_1.c **** 
  66:.\Generated_Source\PSoC4/UART_1.c **** uint8 UART_1_initVar = 0u;
  67:.\Generated_Source\PSoC4/UART_1.c **** 
  68:.\Generated_Source\PSoC4/UART_1.c **** #if (UART_1_SCB_IRQ_INTERNAL)
  69:.\Generated_Source\PSoC4/UART_1.c **** #if !defined (CY_REMOVE_UART_1_CUSTOM_INTR_HANDLER)
  70:.\Generated_Source\PSoC4/UART_1.c ****     void (*UART_1_customIntrHandler)(void) = NULL;
  71:.\Generated_Source\PSoC4/UART_1.c **** #endif /* !defined (CY_REMOVE_UART_1_CUSTOM_INTR_HANDLER) */
  72:.\Generated_Source\PSoC4/UART_1.c **** #endif /* (UART_1_SCB_IRQ_INTERNAL) */
  73:.\Generated_Source\PSoC4/UART_1.c **** 
  74:.\Generated_Source\PSoC4/UART_1.c **** 
  75:.\Generated_Source\PSoC4/UART_1.c **** /***************************************
  76:.\Generated_Source\PSoC4/UART_1.c **** *    Private Function Prototypes
  77:.\Generated_Source\PSoC4/UART_1.c **** ***************************************/
  78:.\Generated_Source\PSoC4/UART_1.c **** 
  79:.\Generated_Source\PSoC4/UART_1.c **** static void UART_1_ScbEnableIntr(void);
  80:.\Generated_Source\PSoC4/UART_1.c **** static void UART_1_ScbModeStop(void);
  81:.\Generated_Source\PSoC4/UART_1.c **** static void UART_1_ScbModePostEnable(void);
  82:.\Generated_Source\PSoC4/UART_1.c **** 
  83:.\Generated_Source\PSoC4/UART_1.c **** 
ARM GAS  C:\Users\Matty\AppData\Local\Temp\ccuUDgif.s 			page 3


  84:.\Generated_Source\PSoC4/UART_1.c **** /*******************************************************************************
  85:.\Generated_Source\PSoC4/UART_1.c **** * Function Name: UART_1_Init
  86:.\Generated_Source\PSoC4/UART_1.c **** ********************************************************************************
  87:.\Generated_Source\PSoC4/UART_1.c **** *
  88:.\Generated_Source\PSoC4/UART_1.c **** * Summary:
  89:.\Generated_Source\PSoC4/UART_1.c **** *  Initializes the SCB component to operate in one of the selected
  90:.\Generated_Source\PSoC4/UART_1.c **** *  configurations: I2C, SPI, UART or EZI2C.
  91:.\Generated_Source\PSoC4/UART_1.c **** *  When the configuration is set to "Unconfigured SCB", this function does
  92:.\Generated_Source\PSoC4/UART_1.c **** *  not do any initialization. Use mode-specific initialization APIs instead:
  93:.\Generated_Source\PSoC4/UART_1.c **** *  SCB_I2CInit, SCB_SpiInit, SCB_UartInit or SCB_EzI2CInit.
  94:.\Generated_Source\PSoC4/UART_1.c **** *
  95:.\Generated_Source\PSoC4/UART_1.c **** * Parameters:
  96:.\Generated_Source\PSoC4/UART_1.c **** *  None
  97:.\Generated_Source\PSoC4/UART_1.c **** *
  98:.\Generated_Source\PSoC4/UART_1.c **** * Return:
  99:.\Generated_Source\PSoC4/UART_1.c **** *  None
 100:.\Generated_Source\PSoC4/UART_1.c **** *
 101:.\Generated_Source\PSoC4/UART_1.c **** *******************************************************************************/
 102:.\Generated_Source\PSoC4/UART_1.c **** void UART_1_Init(void)
 103:.\Generated_Source\PSoC4/UART_1.c **** {
  32              		.loc 1 103 0
  33              		.cfi_startproc
  34 0000 80B5     		push	{r7, lr}
  35              		.cfi_def_cfa_offset 8
  36              		.cfi_offset 7, -8
  37              		.cfi_offset 14, -4
  38 0002 00AF     		add	r7, sp, #0
  39              		.cfi_def_cfa_register 7
 104:.\Generated_Source\PSoC4/UART_1.c **** #if (UART_1_SCB_MODE_UNCONFIG_CONST_CFG)
 105:.\Generated_Source\PSoC4/UART_1.c ****     if (UART_1_SCB_MODE_UNCONFIG_RUNTM_CFG)
 106:.\Generated_Source\PSoC4/UART_1.c ****     {
 107:.\Generated_Source\PSoC4/UART_1.c ****         UART_1_initVar = 0u;
 108:.\Generated_Source\PSoC4/UART_1.c ****     }
 109:.\Generated_Source\PSoC4/UART_1.c ****     else
 110:.\Generated_Source\PSoC4/UART_1.c ****     {
 111:.\Generated_Source\PSoC4/UART_1.c ****         /* Initialization was done before this function call */
 112:.\Generated_Source\PSoC4/UART_1.c ****     }
 113:.\Generated_Source\PSoC4/UART_1.c **** 
 114:.\Generated_Source\PSoC4/UART_1.c **** #elif (UART_1_SCB_MODE_I2C_CONST_CFG)
 115:.\Generated_Source\PSoC4/UART_1.c ****     UART_1_I2CInit();
 116:.\Generated_Source\PSoC4/UART_1.c **** 
 117:.\Generated_Source\PSoC4/UART_1.c **** #elif (UART_1_SCB_MODE_SPI_CONST_CFG)
 118:.\Generated_Source\PSoC4/UART_1.c ****     UART_1_SpiInit();
 119:.\Generated_Source\PSoC4/UART_1.c **** 
 120:.\Generated_Source\PSoC4/UART_1.c **** #elif (UART_1_SCB_MODE_UART_CONST_CFG)
 121:.\Generated_Source\PSoC4/UART_1.c ****     UART_1_UartInit();
  40              		.loc 1 121 0
  41 0004 FFF7FEFF 		bl	UART_1_UartInit
 122:.\Generated_Source\PSoC4/UART_1.c **** 
 123:.\Generated_Source\PSoC4/UART_1.c **** #elif (UART_1_SCB_MODE_EZI2C_CONST_CFG)
 124:.\Generated_Source\PSoC4/UART_1.c ****     UART_1_EzI2CInit();
 125:.\Generated_Source\PSoC4/UART_1.c **** 
 126:.\Generated_Source\PSoC4/UART_1.c **** #endif /* (UART_1_SCB_MODE_UNCONFIG_CONST_CFG) */
 127:.\Generated_Source\PSoC4/UART_1.c **** }
  42              		.loc 1 127 0
  43 0008 BD46     		mov	sp, r7
  44              		@ sp needed
ARM GAS  C:\Users\Matty\AppData\Local\Temp\ccuUDgif.s 			page 4


  45 000a 80BD     		pop	{r7, pc}
  46              		.cfi_endproc
  47              	.LFE1:
  48              		.size	UART_1_Init, .-UART_1_Init
  49              		.section	.text.UART_1_Enable,"ax",%progbits
  50              		.align	2
  51              		.global	UART_1_Enable
  52              		.code	16
  53              		.thumb_func
  54              		.type	UART_1_Enable, %function
  55              	UART_1_Enable:
  56              	.LFB2:
 128:.\Generated_Source\PSoC4/UART_1.c **** 
 129:.\Generated_Source\PSoC4/UART_1.c **** 
 130:.\Generated_Source\PSoC4/UART_1.c **** /*******************************************************************************
 131:.\Generated_Source\PSoC4/UART_1.c **** * Function Name: UART_1_Enable
 132:.\Generated_Source\PSoC4/UART_1.c **** ********************************************************************************
 133:.\Generated_Source\PSoC4/UART_1.c **** *
 134:.\Generated_Source\PSoC4/UART_1.c **** * Summary:
 135:.\Generated_Source\PSoC4/UART_1.c **** *  Enables the SCB component operation.
 136:.\Generated_Source\PSoC4/UART_1.c **** *  The SCB configuration should be not changed when the component is enabled.
 137:.\Generated_Source\PSoC4/UART_1.c **** *  Any configuration changes should be made after disabling the component.
 138:.\Generated_Source\PSoC4/UART_1.c **** *
 139:.\Generated_Source\PSoC4/UART_1.c **** * Parameters:
 140:.\Generated_Source\PSoC4/UART_1.c **** *  None
 141:.\Generated_Source\PSoC4/UART_1.c **** *
 142:.\Generated_Source\PSoC4/UART_1.c **** * Return:
 143:.\Generated_Source\PSoC4/UART_1.c **** *  None
 144:.\Generated_Source\PSoC4/UART_1.c **** *
 145:.\Generated_Source\PSoC4/UART_1.c **** *******************************************************************************/
 146:.\Generated_Source\PSoC4/UART_1.c **** void UART_1_Enable(void)
 147:.\Generated_Source\PSoC4/UART_1.c **** {
  57              		.loc 1 147 0
  58              		.cfi_startproc
  59 0000 80B5     		push	{r7, lr}
  60              		.cfi_def_cfa_offset 8
  61              		.cfi_offset 7, -8
  62              		.cfi_offset 14, -4
  63 0002 00AF     		add	r7, sp, #0
  64              		.cfi_def_cfa_register 7
 148:.\Generated_Source\PSoC4/UART_1.c **** #if (UART_1_SCB_MODE_UNCONFIG_CONST_CFG)
 149:.\Generated_Source\PSoC4/UART_1.c ****     /* Enable SCB block, only if it is already configured */
 150:.\Generated_Source\PSoC4/UART_1.c ****     if (!UART_1_SCB_MODE_UNCONFIG_RUNTM_CFG)
 151:.\Generated_Source\PSoC4/UART_1.c ****     {
 152:.\Generated_Source\PSoC4/UART_1.c ****         UART_1_CTRL_REG |= UART_1_CTRL_ENABLED;
 153:.\Generated_Source\PSoC4/UART_1.c **** 
 154:.\Generated_Source\PSoC4/UART_1.c ****         UART_1_ScbEnableIntr();
 155:.\Generated_Source\PSoC4/UART_1.c **** 
 156:.\Generated_Source\PSoC4/UART_1.c ****         /* Call PostEnable function specific to current operation mode */
 157:.\Generated_Source\PSoC4/UART_1.c ****         UART_1_ScbModePostEnable();
 158:.\Generated_Source\PSoC4/UART_1.c ****     }
 159:.\Generated_Source\PSoC4/UART_1.c **** #else
 160:.\Generated_Source\PSoC4/UART_1.c ****     UART_1_CTRL_REG |= UART_1_CTRL_ENABLED;
  65              		.loc 1 160 0
  66 0004 064B     		ldr	r3, .L3
  67 0006 064A     		ldr	r2, .L3
  68 0008 1268     		ldr	r2, [r2]
ARM GAS  C:\Users\Matty\AppData\Local\Temp\ccuUDgif.s 			page 5


  69 000a 8021     		mov	r1, #128
  70 000c 0906     		lsl	r1, r1, #24
  71 000e 0A43     		orr	r2, r1
  72 0010 1A60     		str	r2, [r3]
 161:.\Generated_Source\PSoC4/UART_1.c **** 
 162:.\Generated_Source\PSoC4/UART_1.c ****     UART_1_ScbEnableIntr();
  73              		.loc 1 162 0
  74 0012 FFF7FEFF 		bl	UART_1_ScbEnableIntr
 163:.\Generated_Source\PSoC4/UART_1.c **** 
 164:.\Generated_Source\PSoC4/UART_1.c ****     /* Call PostEnable function specific to current operation mode */
 165:.\Generated_Source\PSoC4/UART_1.c ****     UART_1_ScbModePostEnable();
  75              		.loc 1 165 0
  76 0016 FFF7FEFF 		bl	UART_1_ScbModePostEnable
 166:.\Generated_Source\PSoC4/UART_1.c **** #endif /* (UART_1_SCB_MODE_UNCONFIG_CONST_CFG) */
 167:.\Generated_Source\PSoC4/UART_1.c **** }
  77              		.loc 1 167 0
  78 001a BD46     		mov	sp, r7
  79              		@ sp needed
  80 001c 80BD     		pop	{r7, pc}
  81              	.L4:
  82 001e C046     		.align	2
  83              	.L3:
  84 0020 00002440 		.word	1076101120
  85              		.cfi_endproc
  86              	.LFE2:
  87              		.size	UART_1_Enable, .-UART_1_Enable
  88              		.section	.text.UART_1_Start,"ax",%progbits
  89              		.align	2
  90              		.global	UART_1_Start
  91              		.code	16
  92              		.thumb_func
  93              		.type	UART_1_Start, %function
  94              	UART_1_Start:
  95              	.LFB3:
 168:.\Generated_Source\PSoC4/UART_1.c **** 
 169:.\Generated_Source\PSoC4/UART_1.c **** 
 170:.\Generated_Source\PSoC4/UART_1.c **** /*******************************************************************************
 171:.\Generated_Source\PSoC4/UART_1.c **** * Function Name: UART_1_Start
 172:.\Generated_Source\PSoC4/UART_1.c **** ********************************************************************************
 173:.\Generated_Source\PSoC4/UART_1.c **** *
 174:.\Generated_Source\PSoC4/UART_1.c **** * Summary:
 175:.\Generated_Source\PSoC4/UART_1.c **** *  Invokes SCB_Init() and SCB_Enable().
 176:.\Generated_Source\PSoC4/UART_1.c **** *  After this function call, the component is enabled and ready for operation.
 177:.\Generated_Source\PSoC4/UART_1.c **** *  When configuration is set to "Unconfigured SCB", the component must first be
 178:.\Generated_Source\PSoC4/UART_1.c **** *  initialized to operate in one of the following configurations: I2C, SPI, UART
 179:.\Generated_Source\PSoC4/UART_1.c **** *  or EZ I2C. Otherwise this function does not enable the component.
 180:.\Generated_Source\PSoC4/UART_1.c **** *
 181:.\Generated_Source\PSoC4/UART_1.c **** * Parameters:
 182:.\Generated_Source\PSoC4/UART_1.c **** *  None
 183:.\Generated_Source\PSoC4/UART_1.c **** *
 184:.\Generated_Source\PSoC4/UART_1.c **** * Return:
 185:.\Generated_Source\PSoC4/UART_1.c **** *  None
 186:.\Generated_Source\PSoC4/UART_1.c **** *
 187:.\Generated_Source\PSoC4/UART_1.c **** * Global variables:
 188:.\Generated_Source\PSoC4/UART_1.c **** *  UART_1_initVar - used to check initial configuration, modified
 189:.\Generated_Source\PSoC4/UART_1.c **** *  on first function call.
 190:.\Generated_Source\PSoC4/UART_1.c **** *
ARM GAS  C:\Users\Matty\AppData\Local\Temp\ccuUDgif.s 			page 6


 191:.\Generated_Source\PSoC4/UART_1.c **** *******************************************************************************/
 192:.\Generated_Source\PSoC4/UART_1.c **** void UART_1_Start(void)
 193:.\Generated_Source\PSoC4/UART_1.c **** {
  96              		.loc 1 193 0
  97              		.cfi_startproc
  98 0000 80B5     		push	{r7, lr}
  99              		.cfi_def_cfa_offset 8
 100              		.cfi_offset 7, -8
 101              		.cfi_offset 14, -4
 102 0002 00AF     		add	r7, sp, #0
 103              		.cfi_def_cfa_register 7
 194:.\Generated_Source\PSoC4/UART_1.c ****     if (0u == UART_1_initVar)
 104              		.loc 1 194 0
 105 0004 064B     		ldr	r3, .L7
 106 0006 1B78     		ldrb	r3, [r3]
 107 0008 002B     		cmp	r3, #0
 108 000a 04D1     		bne	.L6
 195:.\Generated_Source\PSoC4/UART_1.c ****     {
 196:.\Generated_Source\PSoC4/UART_1.c ****         UART_1_Init();
 109              		.loc 1 196 0
 110 000c FFF7FEFF 		bl	UART_1_Init
 197:.\Generated_Source\PSoC4/UART_1.c ****         UART_1_initVar = 1u; /* Component was initialized */
 111              		.loc 1 197 0
 112 0010 034B     		ldr	r3, .L7
 113 0012 0122     		mov	r2, #1
 114 0014 1A70     		strb	r2, [r3]
 115              	.L6:
 198:.\Generated_Source\PSoC4/UART_1.c ****     }
 199:.\Generated_Source\PSoC4/UART_1.c **** 
 200:.\Generated_Source\PSoC4/UART_1.c ****     UART_1_Enable();
 116              		.loc 1 200 0
 117 0016 FFF7FEFF 		bl	UART_1_Enable
 201:.\Generated_Source\PSoC4/UART_1.c **** }
 118              		.loc 1 201 0
 119 001a BD46     		mov	sp, r7
 120              		@ sp needed
 121 001c 80BD     		pop	{r7, pc}
 122              	.L8:
 123 001e C046     		.align	2
 124              	.L7:
 125 0020 00000000 		.word	UART_1_initVar
 126              		.cfi_endproc
 127              	.LFE3:
 128              		.size	UART_1_Start, .-UART_1_Start
 129              		.section	.text.UART_1_Stop,"ax",%progbits
 130              		.align	2
 131              		.global	UART_1_Stop
 132              		.code	16
 133              		.thumb_func
 134              		.type	UART_1_Stop, %function
 135              	UART_1_Stop:
 136              	.LFB4:
 202:.\Generated_Source\PSoC4/UART_1.c **** 
 203:.\Generated_Source\PSoC4/UART_1.c **** 
 204:.\Generated_Source\PSoC4/UART_1.c **** /*******************************************************************************
 205:.\Generated_Source\PSoC4/UART_1.c **** * Function Name: UART_1_Stop
 206:.\Generated_Source\PSoC4/UART_1.c **** ********************************************************************************
ARM GAS  C:\Users\Matty\AppData\Local\Temp\ccuUDgif.s 			page 7


 207:.\Generated_Source\PSoC4/UART_1.c **** *
 208:.\Generated_Source\PSoC4/UART_1.c **** * Summary:
 209:.\Generated_Source\PSoC4/UART_1.c **** *  Disables the SCB component and its interrupt.
 210:.\Generated_Source\PSoC4/UART_1.c **** *  It also disables all TX interrupt sources so as not to cause an unexpected
 211:.\Generated_Source\PSoC4/UART_1.c **** *  interrupt trigger because after the component is enabled, the TX FIFO 
 212:.\Generated_Source\PSoC4/UART_1.c **** *  is empty.
 213:.\Generated_Source\PSoC4/UART_1.c **** *
 214:.\Generated_Source\PSoC4/UART_1.c **** * Parameters:
 215:.\Generated_Source\PSoC4/UART_1.c **** *  None
 216:.\Generated_Source\PSoC4/UART_1.c **** *
 217:.\Generated_Source\PSoC4/UART_1.c **** * Return:
 218:.\Generated_Source\PSoC4/UART_1.c **** *  None
 219:.\Generated_Source\PSoC4/UART_1.c **** * 
 220:.\Generated_Source\PSoC4/UART_1.c **** *******************************************************************************/
 221:.\Generated_Source\PSoC4/UART_1.c **** void UART_1_Stop(void)
 222:.\Generated_Source\PSoC4/UART_1.c **** {
 137              		.loc 1 222 0
 138              		.cfi_startproc
 139 0000 80B5     		push	{r7, lr}
 140              		.cfi_def_cfa_offset 8
 141              		.cfi_offset 7, -8
 142              		.cfi_offset 14, -4
 143 0002 00AF     		add	r7, sp, #0
 144              		.cfi_def_cfa_register 7
 223:.\Generated_Source\PSoC4/UART_1.c **** #if (UART_1_SCB_IRQ_INTERNAL)
 224:.\Generated_Source\PSoC4/UART_1.c ****     UART_1_DisableInt();
 225:.\Generated_Source\PSoC4/UART_1.c **** #endif /* (UART_1_SCB_IRQ_INTERNAL) */
 226:.\Generated_Source\PSoC4/UART_1.c **** 
 227:.\Generated_Source\PSoC4/UART_1.c ****     /* Call Stop function specific to current operation mode */
 228:.\Generated_Source\PSoC4/UART_1.c ****     UART_1_ScbModeStop();
 145              		.loc 1 228 0
 146 0004 FFF7FEFF 		bl	UART_1_ScbModeStop
 229:.\Generated_Source\PSoC4/UART_1.c **** 
 230:.\Generated_Source\PSoC4/UART_1.c ****     /* Disable SCB IP */
 231:.\Generated_Source\PSoC4/UART_1.c ****     UART_1_CTRL_REG &= (uint32) ~UART_1_CTRL_ENABLED;
 147              		.loc 1 231 0
 148 0008 054B     		ldr	r3, .L10
 149 000a 054A     		ldr	r2, .L10
 150 000c 1268     		ldr	r2, [r2]
 151 000e 5200     		lsl	r2, r2, #1
 152 0010 5208     		lsr	r2, r2, #1
 153 0012 1A60     		str	r2, [r3]
 232:.\Generated_Source\PSoC4/UART_1.c **** 
 233:.\Generated_Source\PSoC4/UART_1.c ****     /* Disable all TX interrupt sources so as not to cause an unexpected
 234:.\Generated_Source\PSoC4/UART_1.c ****     * interrupt trigger because after the component is enabled, the TX FIFO
 235:.\Generated_Source\PSoC4/UART_1.c ****     * is empty.
 236:.\Generated_Source\PSoC4/UART_1.c ****     * For SCB IP v0, it is critical as it does not mask-out interrupt
 237:.\Generated_Source\PSoC4/UART_1.c ****     * sources when they are disabled. This can cause a code lock-up in the
 238:.\Generated_Source\PSoC4/UART_1.c ****     * interrupt handler because TX FIFO cannot be loaded after the block
 239:.\Generated_Source\PSoC4/UART_1.c ****     * is disabled.
 240:.\Generated_Source\PSoC4/UART_1.c ****     */
 241:.\Generated_Source\PSoC4/UART_1.c ****     UART_1_SetTxInterruptMode(UART_1_NO_INTR_SOURCES);
 154              		.loc 1 241 0
 155 0014 034B     		ldr	r3, .L10+4
 156 0016 0022     		mov	r2, #0
 157 0018 1A60     		str	r2, [r3]
 242:.\Generated_Source\PSoC4/UART_1.c **** 
ARM GAS  C:\Users\Matty\AppData\Local\Temp\ccuUDgif.s 			page 8


 243:.\Generated_Source\PSoC4/UART_1.c **** #if (UART_1_SCB_IRQ_INTERNAL)
 244:.\Generated_Source\PSoC4/UART_1.c ****     UART_1_ClearPendingInt();
 245:.\Generated_Source\PSoC4/UART_1.c **** #endif /* (UART_1_SCB_IRQ_INTERNAL) */
 246:.\Generated_Source\PSoC4/UART_1.c **** }
 158              		.loc 1 246 0
 159 001a BD46     		mov	sp, r7
 160              		@ sp needed
 161 001c 80BD     		pop	{r7, pc}
 162              	.L11:
 163 001e C046     		.align	2
 164              	.L10:
 165 0020 00002440 		.word	1076101120
 166 0024 880F2440 		.word	1076105096
 167              		.cfi_endproc
 168              	.LFE4:
 169              		.size	UART_1_Stop, .-UART_1_Stop
 170              		.section	.text.UART_1_SetRxFifoLevel,"ax",%progbits
 171              		.align	2
 172              		.global	UART_1_SetRxFifoLevel
 173              		.code	16
 174              		.thumb_func
 175              		.type	UART_1_SetRxFifoLevel, %function
 176              	UART_1_SetRxFifoLevel:
 177              	.LFB5:
 247:.\Generated_Source\PSoC4/UART_1.c **** 
 248:.\Generated_Source\PSoC4/UART_1.c **** 
 249:.\Generated_Source\PSoC4/UART_1.c **** /*******************************************************************************
 250:.\Generated_Source\PSoC4/UART_1.c **** * Function Name: UART_1_SetRxFifoLevel
 251:.\Generated_Source\PSoC4/UART_1.c **** ********************************************************************************
 252:.\Generated_Source\PSoC4/UART_1.c **** *
 253:.\Generated_Source\PSoC4/UART_1.c **** * Summary:
 254:.\Generated_Source\PSoC4/UART_1.c **** *  Sets level in the RX FIFO to generate a RX level interrupt.
 255:.\Generated_Source\PSoC4/UART_1.c **** *  When the RX FIFO has more entries than the RX FIFO level an RX level
 256:.\Generated_Source\PSoC4/UART_1.c **** *  interrupt request is generated.
 257:.\Generated_Source\PSoC4/UART_1.c **** *
 258:.\Generated_Source\PSoC4/UART_1.c **** * Parameters:
 259:.\Generated_Source\PSoC4/UART_1.c **** *  level: Level in the RX FIFO to generate RX level interrupt.
 260:.\Generated_Source\PSoC4/UART_1.c **** *         The range of valid level values is between 0 and RX FIFO depth - 1.
 261:.\Generated_Source\PSoC4/UART_1.c **** *
 262:.\Generated_Source\PSoC4/UART_1.c **** * Return:
 263:.\Generated_Source\PSoC4/UART_1.c **** *  None
 264:.\Generated_Source\PSoC4/UART_1.c **** *
 265:.\Generated_Source\PSoC4/UART_1.c **** *******************************************************************************/
 266:.\Generated_Source\PSoC4/UART_1.c **** void UART_1_SetRxFifoLevel(uint32 level)
 267:.\Generated_Source\PSoC4/UART_1.c **** {
 178              		.loc 1 267 0
 179              		.cfi_startproc
 180 0000 80B5     		push	{r7, lr}
 181              		.cfi_def_cfa_offset 8
 182              		.cfi_offset 7, -8
 183              		.cfi_offset 14, -4
 184 0002 84B0     		sub	sp, sp, #16
 185              		.cfi_def_cfa_offset 24
 186 0004 00AF     		add	r7, sp, #0
 187              		.cfi_def_cfa_register 7
 188 0006 7860     		str	r0, [r7, #4]
 268:.\Generated_Source\PSoC4/UART_1.c ****     uint32 rxFifoCtrl;
ARM GAS  C:\Users\Matty\AppData\Local\Temp\ccuUDgif.s 			page 9


 269:.\Generated_Source\PSoC4/UART_1.c **** 
 270:.\Generated_Source\PSoC4/UART_1.c ****     rxFifoCtrl = UART_1_RX_FIFO_CTRL_REG;
 189              		.loc 1 270 0
 190 0008 094B     		ldr	r3, .L13
 191 000a 1B68     		ldr	r3, [r3]
 192 000c FB60     		str	r3, [r7, #12]
 271:.\Generated_Source\PSoC4/UART_1.c **** 
 272:.\Generated_Source\PSoC4/UART_1.c ****     rxFifoCtrl &= ((uint32) ~UART_1_RX_FIFO_CTRL_TRIGGER_LEVEL_MASK); /* Clear level mask bits */
 193              		.loc 1 272 0
 194 000e FB68     		ldr	r3, [r7, #12]
 195 0010 0F22     		mov	r2, #15
 196 0012 9343     		bic	r3, r2
 197 0014 FB60     		str	r3, [r7, #12]
 273:.\Generated_Source\PSoC4/UART_1.c ****     rxFifoCtrl |= ((uint32) (UART_1_RX_FIFO_CTRL_TRIGGER_LEVEL_MASK & level));
 198              		.loc 1 273 0
 199 0016 7A68     		ldr	r2, [r7, #4]
 200 0018 0F23     		mov	r3, #15
 201 001a 1340     		and	r3, r2
 202 001c FA68     		ldr	r2, [r7, #12]
 203 001e 1343     		orr	r3, r2
 204 0020 FB60     		str	r3, [r7, #12]
 274:.\Generated_Source\PSoC4/UART_1.c **** 
 275:.\Generated_Source\PSoC4/UART_1.c ****     UART_1_RX_FIFO_CTRL_REG = rxFifoCtrl;
 205              		.loc 1 275 0
 206 0022 034B     		ldr	r3, .L13
 207 0024 FA68     		ldr	r2, [r7, #12]
 208 0026 1A60     		str	r2, [r3]
 276:.\Generated_Source\PSoC4/UART_1.c **** }
 209              		.loc 1 276 0
 210 0028 BD46     		mov	sp, r7
 211 002a 04B0     		add	sp, sp, #16
 212              		@ sp needed
 213 002c 80BD     		pop	{r7, pc}
 214              	.L14:
 215 002e C046     		.align	2
 216              	.L13:
 217 0030 04032440 		.word	1076101892
 218              		.cfi_endproc
 219              	.LFE5:
 220              		.size	UART_1_SetRxFifoLevel, .-UART_1_SetRxFifoLevel
 221              		.section	.text.UART_1_SetTxFifoLevel,"ax",%progbits
 222              		.align	2
 223              		.global	UART_1_SetTxFifoLevel
 224              		.code	16
 225              		.thumb_func
 226              		.type	UART_1_SetTxFifoLevel, %function
 227              	UART_1_SetTxFifoLevel:
 228              	.LFB6:
 277:.\Generated_Source\PSoC4/UART_1.c **** 
 278:.\Generated_Source\PSoC4/UART_1.c **** 
 279:.\Generated_Source\PSoC4/UART_1.c **** /*******************************************************************************
 280:.\Generated_Source\PSoC4/UART_1.c **** * Function Name: UART_1_SetTxFifoLevel
 281:.\Generated_Source\PSoC4/UART_1.c **** ********************************************************************************
 282:.\Generated_Source\PSoC4/UART_1.c **** *
 283:.\Generated_Source\PSoC4/UART_1.c **** * Summary:
 284:.\Generated_Source\PSoC4/UART_1.c **** *  Sets level in the TX FIFO to generate a TX level interrupt.
 285:.\Generated_Source\PSoC4/UART_1.c **** *  When the TX FIFO has more entries than the TX FIFO level an TX level
ARM GAS  C:\Users\Matty\AppData\Local\Temp\ccuUDgif.s 			page 10


 286:.\Generated_Source\PSoC4/UART_1.c **** *  interrupt request is generated.
 287:.\Generated_Source\PSoC4/UART_1.c **** *
 288:.\Generated_Source\PSoC4/UART_1.c **** * Parameters:
 289:.\Generated_Source\PSoC4/UART_1.c **** *  level: Level in the TX FIFO to generate TX level interrupt.
 290:.\Generated_Source\PSoC4/UART_1.c **** *         The range of valid level values is between 0 and TX FIFO depth - 1.
 291:.\Generated_Source\PSoC4/UART_1.c **** *
 292:.\Generated_Source\PSoC4/UART_1.c **** * Return:
 293:.\Generated_Source\PSoC4/UART_1.c **** *  None
 294:.\Generated_Source\PSoC4/UART_1.c **** *
 295:.\Generated_Source\PSoC4/UART_1.c **** *******************************************************************************/
 296:.\Generated_Source\PSoC4/UART_1.c **** void UART_1_SetTxFifoLevel(uint32 level)
 297:.\Generated_Source\PSoC4/UART_1.c **** {
 229              		.loc 1 297 0
 230              		.cfi_startproc
 231 0000 80B5     		push	{r7, lr}
 232              		.cfi_def_cfa_offset 8
 233              		.cfi_offset 7, -8
 234              		.cfi_offset 14, -4
 235 0002 84B0     		sub	sp, sp, #16
 236              		.cfi_def_cfa_offset 24
 237 0004 00AF     		add	r7, sp, #0
 238              		.cfi_def_cfa_register 7
 239 0006 7860     		str	r0, [r7, #4]
 298:.\Generated_Source\PSoC4/UART_1.c ****     uint32 txFifoCtrl;
 299:.\Generated_Source\PSoC4/UART_1.c **** 
 300:.\Generated_Source\PSoC4/UART_1.c ****     txFifoCtrl = UART_1_TX_FIFO_CTRL_REG;
 240              		.loc 1 300 0
 241 0008 094B     		ldr	r3, .L16
 242 000a 1B68     		ldr	r3, [r3]
 243 000c FB60     		str	r3, [r7, #12]
 301:.\Generated_Source\PSoC4/UART_1.c **** 
 302:.\Generated_Source\PSoC4/UART_1.c ****     txFifoCtrl &= ((uint32) ~UART_1_TX_FIFO_CTRL_TRIGGER_LEVEL_MASK); /* Clear level mask bits */
 244              		.loc 1 302 0
 245 000e FB68     		ldr	r3, [r7, #12]
 246 0010 0F22     		mov	r2, #15
 247 0012 9343     		bic	r3, r2
 248 0014 FB60     		str	r3, [r7, #12]
 303:.\Generated_Source\PSoC4/UART_1.c ****     txFifoCtrl |= ((uint32) (UART_1_TX_FIFO_CTRL_TRIGGER_LEVEL_MASK & level));
 249              		.loc 1 303 0
 250 0016 7A68     		ldr	r2, [r7, #4]
 251 0018 0F23     		mov	r3, #15
 252 001a 1340     		and	r3, r2
 253 001c FA68     		ldr	r2, [r7, #12]
 254 001e 1343     		orr	r3, r2
 255 0020 FB60     		str	r3, [r7, #12]
 304:.\Generated_Source\PSoC4/UART_1.c **** 
 305:.\Generated_Source\PSoC4/UART_1.c ****     UART_1_TX_FIFO_CTRL_REG = txFifoCtrl;
 256              		.loc 1 305 0
 257 0022 034B     		ldr	r3, .L16
 258 0024 FA68     		ldr	r2, [r7, #12]
 259 0026 1A60     		str	r2, [r3]
 306:.\Generated_Source\PSoC4/UART_1.c **** }
 260              		.loc 1 306 0
 261 0028 BD46     		mov	sp, r7
 262 002a 04B0     		add	sp, sp, #16
 263              		@ sp needed
 264 002c 80BD     		pop	{r7, pc}
ARM GAS  C:\Users\Matty\AppData\Local\Temp\ccuUDgif.s 			page 11


 265              	.L17:
 266 002e C046     		.align	2
 267              	.L16:
 268 0030 04022440 		.word	1076101636
 269              		.cfi_endproc
 270              	.LFE6:
 271              		.size	UART_1_SetTxFifoLevel, .-UART_1_SetTxFifoLevel
 272              		.section	.text.UART_1_ScbEnableIntr,"ax",%progbits
 273              		.align	2
 274              		.code	16
 275              		.thumb_func
 276              		.type	UART_1_ScbEnableIntr, %function
 277              	UART_1_ScbEnableIntr:
 278              	.LFB7:
 307:.\Generated_Source\PSoC4/UART_1.c **** 
 308:.\Generated_Source\PSoC4/UART_1.c **** 
 309:.\Generated_Source\PSoC4/UART_1.c **** #if (UART_1_SCB_IRQ_INTERNAL)
 310:.\Generated_Source\PSoC4/UART_1.c ****     /*******************************************************************************
 311:.\Generated_Source\PSoC4/UART_1.c ****     * Function Name: UART_1_SetCustomInterruptHandler
 312:.\Generated_Source\PSoC4/UART_1.c ****     ********************************************************************************
 313:.\Generated_Source\PSoC4/UART_1.c ****     *
 314:.\Generated_Source\PSoC4/UART_1.c ****     * Summary:
 315:.\Generated_Source\PSoC4/UART_1.c ****     *  Registers a function to be called by the internal interrupt handler.
 316:.\Generated_Source\PSoC4/UART_1.c ****     *  First the function that is registered is called, then the internal interrupt
 317:.\Generated_Source\PSoC4/UART_1.c ****     *  handler performs any operation such as software buffer management functions
 318:.\Generated_Source\PSoC4/UART_1.c ****     *  before the interrupt returns.  It is the user's responsibility not to break
 319:.\Generated_Source\PSoC4/UART_1.c ****     *  the software buffer operations. Only one custom handler is supported, which
 320:.\Generated_Source\PSoC4/UART_1.c ****     *  is the function provided by the most recent call.
 321:.\Generated_Source\PSoC4/UART_1.c ****     *  At the initialization time no custom handler is registered.
 322:.\Generated_Source\PSoC4/UART_1.c ****     *
 323:.\Generated_Source\PSoC4/UART_1.c ****     * Parameters:
 324:.\Generated_Source\PSoC4/UART_1.c ****     *  func: Pointer to the function to register.
 325:.\Generated_Source\PSoC4/UART_1.c ****     *        The value NULL indicates to remove the current custom interrupt
 326:.\Generated_Source\PSoC4/UART_1.c ****     *        handler.
 327:.\Generated_Source\PSoC4/UART_1.c ****     *
 328:.\Generated_Source\PSoC4/UART_1.c ****     * Return:
 329:.\Generated_Source\PSoC4/UART_1.c ****     *  None
 330:.\Generated_Source\PSoC4/UART_1.c ****     *
 331:.\Generated_Source\PSoC4/UART_1.c ****     *******************************************************************************/
 332:.\Generated_Source\PSoC4/UART_1.c ****     void UART_1_SetCustomInterruptHandler(void (*func)(void))
 333:.\Generated_Source\PSoC4/UART_1.c ****     {
 334:.\Generated_Source\PSoC4/UART_1.c ****     #if !defined (CY_REMOVE_UART_1_CUSTOM_INTR_HANDLER)
 335:.\Generated_Source\PSoC4/UART_1.c ****         UART_1_customIntrHandler = func; /* Register interrupt handler */
 336:.\Generated_Source\PSoC4/UART_1.c ****     #else
 337:.\Generated_Source\PSoC4/UART_1.c ****         if (NULL != func)
 338:.\Generated_Source\PSoC4/UART_1.c ****         {
 339:.\Generated_Source\PSoC4/UART_1.c ****             /* Suppress compiler warning */
 340:.\Generated_Source\PSoC4/UART_1.c ****         }
 341:.\Generated_Source\PSoC4/UART_1.c ****     #endif /* !defined (CY_REMOVE_UART_1_CUSTOM_INTR_HANDLER) */
 342:.\Generated_Source\PSoC4/UART_1.c ****     }
 343:.\Generated_Source\PSoC4/UART_1.c **** #endif /* (UART_1_SCB_IRQ_INTERNAL) */
 344:.\Generated_Source\PSoC4/UART_1.c **** 
 345:.\Generated_Source\PSoC4/UART_1.c **** 
 346:.\Generated_Source\PSoC4/UART_1.c **** /*******************************************************************************
 347:.\Generated_Source\PSoC4/UART_1.c **** * Function Name: UART_1_ScbModeEnableIntr
 348:.\Generated_Source\PSoC4/UART_1.c **** ********************************************************************************
 349:.\Generated_Source\PSoC4/UART_1.c **** *
ARM GAS  C:\Users\Matty\AppData\Local\Temp\ccuUDgif.s 			page 12


 350:.\Generated_Source\PSoC4/UART_1.c **** * Summary:
 351:.\Generated_Source\PSoC4/UART_1.c **** *  Enables an interrupt for a specific mode.
 352:.\Generated_Source\PSoC4/UART_1.c **** *
 353:.\Generated_Source\PSoC4/UART_1.c **** * Parameters:
 354:.\Generated_Source\PSoC4/UART_1.c **** *  None
 355:.\Generated_Source\PSoC4/UART_1.c **** *
 356:.\Generated_Source\PSoC4/UART_1.c **** * Return:
 357:.\Generated_Source\PSoC4/UART_1.c **** *  None
 358:.\Generated_Source\PSoC4/UART_1.c **** *
 359:.\Generated_Source\PSoC4/UART_1.c **** *******************************************************************************/
 360:.\Generated_Source\PSoC4/UART_1.c **** static void UART_1_ScbEnableIntr(void)
 361:.\Generated_Source\PSoC4/UART_1.c **** {
 279              		.loc 1 361 0
 280              		.cfi_startproc
 281 0000 80B5     		push	{r7, lr}
 282              		.cfi_def_cfa_offset 8
 283              		.cfi_offset 7, -8
 284              		.cfi_offset 14, -4
 285 0002 00AF     		add	r7, sp, #0
 286              		.cfi_def_cfa_register 7
 362:.\Generated_Source\PSoC4/UART_1.c **** #if (UART_1_SCB_IRQ_INTERNAL)
 363:.\Generated_Source\PSoC4/UART_1.c ****     /* Enable interrupt in NVIC */
 364:.\Generated_Source\PSoC4/UART_1.c ****     #if (UART_1_SCB_MODE_UNCONFIG_CONST_CFG)
 365:.\Generated_Source\PSoC4/UART_1.c ****         if (0u != UART_1_scbEnableIntr)
 366:.\Generated_Source\PSoC4/UART_1.c ****         {
 367:.\Generated_Source\PSoC4/UART_1.c ****             UART_1_EnableInt();
 368:.\Generated_Source\PSoC4/UART_1.c ****         }
 369:.\Generated_Source\PSoC4/UART_1.c **** 
 370:.\Generated_Source\PSoC4/UART_1.c ****     #else
 371:.\Generated_Source\PSoC4/UART_1.c ****         UART_1_EnableInt();
 372:.\Generated_Source\PSoC4/UART_1.c **** 
 373:.\Generated_Source\PSoC4/UART_1.c ****     #endif /* (UART_1_SCB_MODE_UNCONFIG_CONST_CFG) */
 374:.\Generated_Source\PSoC4/UART_1.c **** #endif /* (UART_1_SCB_IRQ_INTERNAL) */
 375:.\Generated_Source\PSoC4/UART_1.c **** }
 287              		.loc 1 375 0
 288 0004 BD46     		mov	sp, r7
 289              		@ sp needed
 290 0006 80BD     		pop	{r7, pc}
 291              		.cfi_endproc
 292              	.LFE7:
 293              		.size	UART_1_ScbEnableIntr, .-UART_1_ScbEnableIntr
 294              		.section	.text.UART_1_ScbModePostEnable,"ax",%progbits
 295              		.align	2
 296              		.code	16
 297              		.thumb_func
 298              		.type	UART_1_ScbModePostEnable, %function
 299              	UART_1_ScbModePostEnable:
 300              	.LFB8:
 376:.\Generated_Source\PSoC4/UART_1.c **** 
 377:.\Generated_Source\PSoC4/UART_1.c **** 
 378:.\Generated_Source\PSoC4/UART_1.c **** /*******************************************************************************
 379:.\Generated_Source\PSoC4/UART_1.c **** * Function Name: UART_1_ScbModePostEnable
 380:.\Generated_Source\PSoC4/UART_1.c **** ********************************************************************************
 381:.\Generated_Source\PSoC4/UART_1.c **** *
 382:.\Generated_Source\PSoC4/UART_1.c **** * Summary:
 383:.\Generated_Source\PSoC4/UART_1.c **** *  Calls the PostEnable function for a specific operation mode.
 384:.\Generated_Source\PSoC4/UART_1.c **** *
ARM GAS  C:\Users\Matty\AppData\Local\Temp\ccuUDgif.s 			page 13


 385:.\Generated_Source\PSoC4/UART_1.c **** * Parameters:
 386:.\Generated_Source\PSoC4/UART_1.c **** *  None
 387:.\Generated_Source\PSoC4/UART_1.c **** *
 388:.\Generated_Source\PSoC4/UART_1.c **** * Return:
 389:.\Generated_Source\PSoC4/UART_1.c **** *  None
 390:.\Generated_Source\PSoC4/UART_1.c **** *
 391:.\Generated_Source\PSoC4/UART_1.c **** *******************************************************************************/
 392:.\Generated_Source\PSoC4/UART_1.c **** static void UART_1_ScbModePostEnable(void)
 393:.\Generated_Source\PSoC4/UART_1.c **** {
 301              		.loc 1 393 0
 302              		.cfi_startproc
 303 0000 80B5     		push	{r7, lr}
 304              		.cfi_def_cfa_offset 8
 305              		.cfi_offset 7, -8
 306              		.cfi_offset 14, -4
 307 0002 00AF     		add	r7, sp, #0
 308              		.cfi_def_cfa_register 7
 394:.\Generated_Source\PSoC4/UART_1.c **** #if (UART_1_SCB_MODE_UNCONFIG_CONST_CFG)
 395:.\Generated_Source\PSoC4/UART_1.c **** #if (!UART_1_CY_SCBIP_V1)
 396:.\Generated_Source\PSoC4/UART_1.c ****     if (UART_1_SCB_MODE_SPI_RUNTM_CFG)
 397:.\Generated_Source\PSoC4/UART_1.c ****     {
 398:.\Generated_Source\PSoC4/UART_1.c ****         UART_1_SpiPostEnable();
 399:.\Generated_Source\PSoC4/UART_1.c ****     }
 400:.\Generated_Source\PSoC4/UART_1.c ****     else if (UART_1_SCB_MODE_UART_RUNTM_CFG)
 401:.\Generated_Source\PSoC4/UART_1.c ****     {
 402:.\Generated_Source\PSoC4/UART_1.c ****         UART_1_UartPostEnable();
 403:.\Generated_Source\PSoC4/UART_1.c ****     }
 404:.\Generated_Source\PSoC4/UART_1.c ****     else
 405:.\Generated_Source\PSoC4/UART_1.c ****     {
 406:.\Generated_Source\PSoC4/UART_1.c ****         /* Unknown mode: do nothing */
 407:.\Generated_Source\PSoC4/UART_1.c ****     }
 408:.\Generated_Source\PSoC4/UART_1.c **** #endif /* (!UART_1_CY_SCBIP_V1) */
 409:.\Generated_Source\PSoC4/UART_1.c **** 
 410:.\Generated_Source\PSoC4/UART_1.c **** #elif (UART_1_SCB_MODE_SPI_CONST_CFG)
 411:.\Generated_Source\PSoC4/UART_1.c ****     UART_1_SpiPostEnable();
 412:.\Generated_Source\PSoC4/UART_1.c **** 
 413:.\Generated_Source\PSoC4/UART_1.c **** #elif (UART_1_SCB_MODE_UART_CONST_CFG)
 414:.\Generated_Source\PSoC4/UART_1.c ****     UART_1_UartPostEnable();
 309              		.loc 1 414 0
 310 0004 FFF7FEFF 		bl	UART_1_UartPostEnable
 415:.\Generated_Source\PSoC4/UART_1.c **** 
 416:.\Generated_Source\PSoC4/UART_1.c **** #else
 417:.\Generated_Source\PSoC4/UART_1.c ****     /* Unknown mode: do nothing */
 418:.\Generated_Source\PSoC4/UART_1.c **** #endif /* (UART_1_SCB_MODE_UNCONFIG_CONST_CFG) */
 419:.\Generated_Source\PSoC4/UART_1.c **** }
 311              		.loc 1 419 0
 312 0008 BD46     		mov	sp, r7
 313              		@ sp needed
 314 000a 80BD     		pop	{r7, pc}
 315              		.cfi_endproc
 316              	.LFE8:
 317              		.size	UART_1_ScbModePostEnable, .-UART_1_ScbModePostEnable
 318              		.section	.text.UART_1_ScbModeStop,"ax",%progbits
 319              		.align	2
 320              		.code	16
 321              		.thumb_func
 322              		.type	UART_1_ScbModeStop, %function
ARM GAS  C:\Users\Matty\AppData\Local\Temp\ccuUDgif.s 			page 14


 323              	UART_1_ScbModeStop:
 324              	.LFB9:
 420:.\Generated_Source\PSoC4/UART_1.c **** 
 421:.\Generated_Source\PSoC4/UART_1.c **** 
 422:.\Generated_Source\PSoC4/UART_1.c **** /*******************************************************************************
 423:.\Generated_Source\PSoC4/UART_1.c **** * Function Name: UART_1_ScbModeStop
 424:.\Generated_Source\PSoC4/UART_1.c **** ********************************************************************************
 425:.\Generated_Source\PSoC4/UART_1.c **** *
 426:.\Generated_Source\PSoC4/UART_1.c **** * Summary:
 427:.\Generated_Source\PSoC4/UART_1.c **** *  Calls the Stop function for a specific operation mode.
 428:.\Generated_Source\PSoC4/UART_1.c **** *
 429:.\Generated_Source\PSoC4/UART_1.c **** * Parameters:
 430:.\Generated_Source\PSoC4/UART_1.c **** *  None
 431:.\Generated_Source\PSoC4/UART_1.c **** *
 432:.\Generated_Source\PSoC4/UART_1.c **** * Return:
 433:.\Generated_Source\PSoC4/UART_1.c **** *  None
 434:.\Generated_Source\PSoC4/UART_1.c **** *
 435:.\Generated_Source\PSoC4/UART_1.c **** *******************************************************************************/
 436:.\Generated_Source\PSoC4/UART_1.c **** static void UART_1_ScbModeStop(void)
 437:.\Generated_Source\PSoC4/UART_1.c **** {
 325              		.loc 1 437 0
 326              		.cfi_startproc
 327 0000 80B5     		push	{r7, lr}
 328              		.cfi_def_cfa_offset 8
 329              		.cfi_offset 7, -8
 330              		.cfi_offset 14, -4
 331 0002 00AF     		add	r7, sp, #0
 332              		.cfi_def_cfa_register 7
 438:.\Generated_Source\PSoC4/UART_1.c **** #if (UART_1_SCB_MODE_UNCONFIG_CONST_CFG)
 439:.\Generated_Source\PSoC4/UART_1.c ****     if (UART_1_SCB_MODE_I2C_RUNTM_CFG)
 440:.\Generated_Source\PSoC4/UART_1.c ****     {
 441:.\Generated_Source\PSoC4/UART_1.c ****         UART_1_I2CStop();
 442:.\Generated_Source\PSoC4/UART_1.c ****     }
 443:.\Generated_Source\PSoC4/UART_1.c ****     else if (UART_1_SCB_MODE_EZI2C_RUNTM_CFG)
 444:.\Generated_Source\PSoC4/UART_1.c ****     {
 445:.\Generated_Source\PSoC4/UART_1.c ****         UART_1_EzI2CStop();
 446:.\Generated_Source\PSoC4/UART_1.c ****     }
 447:.\Generated_Source\PSoC4/UART_1.c **** #if (!UART_1_CY_SCBIP_V1)
 448:.\Generated_Source\PSoC4/UART_1.c ****     else if (UART_1_SCB_MODE_SPI_RUNTM_CFG)
 449:.\Generated_Source\PSoC4/UART_1.c ****     {
 450:.\Generated_Source\PSoC4/UART_1.c ****         UART_1_SpiStop();
 451:.\Generated_Source\PSoC4/UART_1.c ****     }
 452:.\Generated_Source\PSoC4/UART_1.c ****     else if (UART_1_SCB_MODE_UART_RUNTM_CFG)
 453:.\Generated_Source\PSoC4/UART_1.c ****     {
 454:.\Generated_Source\PSoC4/UART_1.c ****         UART_1_UartStop();
 455:.\Generated_Source\PSoC4/UART_1.c ****     }
 456:.\Generated_Source\PSoC4/UART_1.c **** #endif /* (!UART_1_CY_SCBIP_V1) */
 457:.\Generated_Source\PSoC4/UART_1.c ****     else
 458:.\Generated_Source\PSoC4/UART_1.c ****     {
 459:.\Generated_Source\PSoC4/UART_1.c ****         /* Unknown mode: do nothing */
 460:.\Generated_Source\PSoC4/UART_1.c ****     }
 461:.\Generated_Source\PSoC4/UART_1.c **** #elif (UART_1_SCB_MODE_I2C_CONST_CFG)
 462:.\Generated_Source\PSoC4/UART_1.c ****     UART_1_I2CStop();
 463:.\Generated_Source\PSoC4/UART_1.c **** 
 464:.\Generated_Source\PSoC4/UART_1.c **** #elif (UART_1_SCB_MODE_EZI2C_CONST_CFG)
 465:.\Generated_Source\PSoC4/UART_1.c ****     UART_1_EzI2CStop();
 466:.\Generated_Source\PSoC4/UART_1.c **** 
ARM GAS  C:\Users\Matty\AppData\Local\Temp\ccuUDgif.s 			page 15


 467:.\Generated_Source\PSoC4/UART_1.c **** #elif (UART_1_SCB_MODE_SPI_CONST_CFG)
 468:.\Generated_Source\PSoC4/UART_1.c ****     UART_1_SpiStop();
 469:.\Generated_Source\PSoC4/UART_1.c **** 
 470:.\Generated_Source\PSoC4/UART_1.c **** #elif (UART_1_SCB_MODE_UART_CONST_CFG)
 471:.\Generated_Source\PSoC4/UART_1.c ****     UART_1_UartStop();
 333              		.loc 1 471 0
 334 0004 FFF7FEFF 		bl	UART_1_UartStop
 472:.\Generated_Source\PSoC4/UART_1.c **** 
 473:.\Generated_Source\PSoC4/UART_1.c **** #else
 474:.\Generated_Source\PSoC4/UART_1.c ****     /* Unknown mode: do nothing */
 475:.\Generated_Source\PSoC4/UART_1.c **** #endif /* (UART_1_SCB_MODE_UNCONFIG_CONST_CFG) */
 476:.\Generated_Source\PSoC4/UART_1.c **** }
 335              		.loc 1 476 0
 336 0008 BD46     		mov	sp, r7
 337              		@ sp needed
 338 000a 80BD     		pop	{r7, pc}
 339              		.cfi_endproc
 340              	.LFE9:
 341              		.size	UART_1_ScbModeStop, .-UART_1_ScbModeStop
 342              		.text
 343              	.Letext0:
 344              		.file 2 "Generated_Source\\PSoC4/cytypes.h"
 345              		.section	.debug_info,"",%progbits
 346              	.Ldebug_info0:
 347 0000 A0010000 		.4byte	0x1a0
 348 0004 0400     		.2byte	0x4
 349 0006 00000000 		.4byte	.Ldebug_abbrev0
 350 000a 04       		.byte	0x4
 351 000b 01       		.uleb128 0x1
 352 000c D7010000 		.4byte	.LASF28
 353 0010 01       		.byte	0x1
 354 0011 A9010000 		.4byte	.LASF29
 355 0015 33010000 		.4byte	.LASF30
 356 0019 00000000 		.4byte	.Ldebug_ranges0+0
 357 001d 00000000 		.4byte	0
 358 0021 00000000 		.4byte	.Ldebug_line0
 359 0025 02       		.uleb128 0x2
 360 0026 01       		.byte	0x1
 361 0027 06       		.byte	0x6
 362 0028 CB010000 		.4byte	.LASF0
 363 002c 02       		.uleb128 0x2
 364 002d 01       		.byte	0x1
 365 002e 08       		.byte	0x8
 366 002f 94000000 		.4byte	.LASF1
 367 0033 02       		.uleb128 0x2
 368 0034 02       		.byte	0x2
 369 0035 05       		.byte	0x5
 370 0036 29010000 		.4byte	.LASF2
 371 003a 02       		.uleb128 0x2
 372 003b 02       		.byte	0x2
 373 003c 07       		.byte	0x7
 374 003d 52000000 		.4byte	.LASF3
 375 0041 02       		.uleb128 0x2
 376 0042 04       		.byte	0x4
 377 0043 05       		.byte	0x5
 378 0044 8C010000 		.4byte	.LASF4
 379 0048 02       		.uleb128 0x2
ARM GAS  C:\Users\Matty\AppData\Local\Temp\ccuUDgif.s 			page 16


 380 0049 04       		.byte	0x4
 381 004a 07       		.byte	0x7
 382 004b AE000000 		.4byte	.LASF5
 383 004f 02       		.uleb128 0x2
 384 0050 08       		.byte	0x8
 385 0051 05       		.byte	0x5
 386 0052 16010000 		.4byte	.LASF6
 387 0056 02       		.uleb128 0x2
 388 0057 08       		.byte	0x8
 389 0058 07       		.byte	0x7
 390 0059 F6000000 		.4byte	.LASF7
 391 005d 03       		.uleb128 0x3
 392 005e 04       		.byte	0x4
 393 005f 05       		.byte	0x5
 394 0060 696E7400 		.ascii	"int\000"
 395 0064 02       		.uleb128 0x2
 396 0065 04       		.byte	0x4
 397 0066 07       		.byte	0x7
 398 0067 E9000000 		.4byte	.LASF8
 399 006b 04       		.uleb128 0x4
 400 006c C0000000 		.4byte	.LASF9
 401 0070 02       		.byte	0x2
 402 0071 B3       		.byte	0xb3
 403 0072 2C000000 		.4byte	0x2c
 404 0076 04       		.uleb128 0x4
 405 0077 E2000000 		.4byte	.LASF10
 406 007b 02       		.byte	0x2
 407 007c B5       		.byte	0xb5
 408 007d 48000000 		.4byte	0x48
 409 0081 02       		.uleb128 0x2
 410 0082 04       		.byte	0x4
 411 0083 04       		.byte	0x4
 412 0084 7B000000 		.4byte	.LASF11
 413 0088 02       		.uleb128 0x2
 414 0089 08       		.byte	0x8
 415 008a 04       		.byte	0x4
 416 008b DB000000 		.4byte	.LASF12
 417 008f 02       		.uleb128 0x2
 418 0090 01       		.byte	0x1
 419 0091 08       		.byte	0x8
 420 0092 24010000 		.4byte	.LASF13
 421 0096 05       		.uleb128 0x5
 422 0097 95010000 		.4byte	.LASF14
 423 009b 02       		.byte	0x2
 424 009c 5F01     		.2byte	0x15f
 425 009e A2000000 		.4byte	0xa2
 426 00a2 06       		.uleb128 0x6
 427 00a3 76000000 		.4byte	0x76
 428 00a7 02       		.uleb128 0x2
 429 00a8 04       		.byte	0x4
 430 00a9 07       		.byte	0x7
 431 00aa 0D010000 		.4byte	.LASF15
 432 00ae 07       		.uleb128 0x7
 433 00af 00000000 		.4byte	.LASF16
 434 00b3 01       		.byte	0x1
 435 00b4 66       		.byte	0x66
 436 00b5 00000000 		.4byte	.LFB1
ARM GAS  C:\Users\Matty\AppData\Local\Temp\ccuUDgif.s 			page 17


 437 00b9 0C000000 		.4byte	.LFE1-.LFB1
 438 00bd 01       		.uleb128 0x1
 439 00be 9C       		.byte	0x9c
 440 00bf 07       		.uleb128 0x7
 441 00c0 9B010000 		.4byte	.LASF17
 442 00c4 01       		.byte	0x1
 443 00c5 92       		.byte	0x92
 444 00c6 00000000 		.4byte	.LFB2
 445 00ca 24000000 		.4byte	.LFE2-.LFB2
 446 00ce 01       		.uleb128 0x1
 447 00cf 9C       		.byte	0x9c
 448 00d0 07       		.uleb128 0x7
 449 00d1 0C000000 		.4byte	.LASF18
 450 00d5 01       		.byte	0x1
 451 00d6 C0       		.byte	0xc0
 452 00d7 00000000 		.4byte	.LFB3
 453 00db 24000000 		.4byte	.LFE3-.LFB3
 454 00df 01       		.uleb128 0x1
 455 00e0 9C       		.byte	0x9c
 456 00e1 07       		.uleb128 0x7
 457 00e2 A2000000 		.4byte	.LASF19
 458 00e6 01       		.byte	0x1
 459 00e7 DD       		.byte	0xdd
 460 00e8 00000000 		.4byte	.LFB4
 461 00ec 28000000 		.4byte	.LFE4-.LFB4
 462 00f0 01       		.uleb128 0x1
 463 00f1 9C       		.byte	0x9c
 464 00f2 08       		.uleb128 0x8
 465 00f3 53020000 		.4byte	.LASF20
 466 00f7 01       		.byte	0x1
 467 00f8 0A01     		.2byte	0x10a
 468 00fa 00000000 		.4byte	.LFB5
 469 00fe 34000000 		.4byte	.LFE5-.LFB5
 470 0102 01       		.uleb128 0x1
 471 0103 9C       		.byte	0x9c
 472 0104 27010000 		.4byte	0x127
 473 0108 09       		.uleb128 0x9
 474 0109 33000000 		.4byte	.LASF22
 475 010d 01       		.byte	0x1
 476 010e 0A01     		.2byte	0x10a
 477 0110 76000000 		.4byte	0x76
 478 0114 02       		.uleb128 0x2
 479 0115 91       		.byte	0x91
 480 0116 6C       		.sleb128 -20
 481 0117 0A       		.uleb128 0xa
 482 0118 81010000 		.4byte	.LASF23
 483 011c 01       		.byte	0x1
 484 011d 0C01     		.2byte	0x10c
 485 011f 76000000 		.4byte	0x76
 486 0123 02       		.uleb128 0x2
 487 0124 91       		.byte	0x91
 488 0125 74       		.sleb128 -12
 489 0126 00       		.byte	0
 490 0127 08       		.uleb128 0x8
 491 0128 65000000 		.4byte	.LASF21
 492 012c 01       		.byte	0x1
 493 012d 2801     		.2byte	0x128
ARM GAS  C:\Users\Matty\AppData\Local\Temp\ccuUDgif.s 			page 18


 494 012f 00000000 		.4byte	.LFB6
 495 0133 34000000 		.4byte	.LFE6-.LFB6
 496 0137 01       		.uleb128 0x1
 497 0138 9C       		.byte	0x9c
 498 0139 5C010000 		.4byte	0x15c
 499 013d 09       		.uleb128 0x9
 500 013e 33000000 		.4byte	.LASF22
 501 0142 01       		.byte	0x1
 502 0143 2801     		.2byte	0x128
 503 0145 76000000 		.4byte	0x76
 504 0149 02       		.uleb128 0x2
 505 014a 91       		.byte	0x91
 506 014b 6C       		.sleb128 -20
 507 014c 0A       		.uleb128 0xa
 508 014d 19000000 		.4byte	.LASF24
 509 0151 01       		.byte	0x1
 510 0152 2A01     		.2byte	0x12a
 511 0154 76000000 		.4byte	0x76
 512 0158 02       		.uleb128 0x2
 513 0159 91       		.byte	0x91
 514 015a 74       		.sleb128 -12
 515 015b 00       		.byte	0
 516 015c 0B       		.uleb128 0xb
 517 015d C6000000 		.4byte	.LASF25
 518 0161 01       		.byte	0x1
 519 0162 6801     		.2byte	0x168
 520 0164 00000000 		.4byte	.LFB7
 521 0168 08000000 		.4byte	.LFE7-.LFB7
 522 016c 01       		.uleb128 0x1
 523 016d 9C       		.byte	0x9c
 524 016e 0C       		.uleb128 0xc
 525 016f 39000000 		.4byte	.LASF26
 526 0173 01       		.byte	0x1
 527 0174 8801     		.2byte	0x188
 528 0176 00000000 		.4byte	.LFB8
 529 017a 0C000000 		.4byte	.LFE8-.LFB8
 530 017e 01       		.uleb128 0x1
 531 017f 9C       		.byte	0x9c
 532 0180 0C       		.uleb128 0xc
 533 0181 81000000 		.4byte	.LASF27
 534 0185 01       		.byte	0x1
 535 0186 B401     		.2byte	0x1b4
 536 0188 00000000 		.4byte	.LFB9
 537 018c 0C000000 		.4byte	.LFE9-.LFB9
 538 0190 01       		.uleb128 0x1
 539 0191 9C       		.byte	0x9c
 540 0192 0D       		.uleb128 0xd
 541 0193 24000000 		.4byte	.LASF31
 542 0197 01       		.byte	0x1
 543 0198 42       		.byte	0x42
 544 0199 6B000000 		.4byte	0x6b
 545 019d 05       		.uleb128 0x5
 546 019e 03       		.byte	0x3
 547 019f 00000000 		.4byte	UART_1_initVar
 548 01a3 00       		.byte	0
 549              		.section	.debug_abbrev,"",%progbits
 550              	.Ldebug_abbrev0:
ARM GAS  C:\Users\Matty\AppData\Local\Temp\ccuUDgif.s 			page 19


 551 0000 01       		.uleb128 0x1
 552 0001 11       		.uleb128 0x11
 553 0002 01       		.byte	0x1
 554 0003 25       		.uleb128 0x25
 555 0004 0E       		.uleb128 0xe
 556 0005 13       		.uleb128 0x13
 557 0006 0B       		.uleb128 0xb
 558 0007 03       		.uleb128 0x3
 559 0008 0E       		.uleb128 0xe
 560 0009 1B       		.uleb128 0x1b
 561 000a 0E       		.uleb128 0xe
 562 000b 55       		.uleb128 0x55
 563 000c 17       		.uleb128 0x17
 564 000d 11       		.uleb128 0x11
 565 000e 01       		.uleb128 0x1
 566 000f 10       		.uleb128 0x10
 567 0010 17       		.uleb128 0x17
 568 0011 00       		.byte	0
 569 0012 00       		.byte	0
 570 0013 02       		.uleb128 0x2
 571 0014 24       		.uleb128 0x24
 572 0015 00       		.byte	0
 573 0016 0B       		.uleb128 0xb
 574 0017 0B       		.uleb128 0xb
 575 0018 3E       		.uleb128 0x3e
 576 0019 0B       		.uleb128 0xb
 577 001a 03       		.uleb128 0x3
 578 001b 0E       		.uleb128 0xe
 579 001c 00       		.byte	0
 580 001d 00       		.byte	0
 581 001e 03       		.uleb128 0x3
 582 001f 24       		.uleb128 0x24
 583 0020 00       		.byte	0
 584 0021 0B       		.uleb128 0xb
 585 0022 0B       		.uleb128 0xb
 586 0023 3E       		.uleb128 0x3e
 587 0024 0B       		.uleb128 0xb
 588 0025 03       		.uleb128 0x3
 589 0026 08       		.uleb128 0x8
 590 0027 00       		.byte	0
 591 0028 00       		.byte	0
 592 0029 04       		.uleb128 0x4
 593 002a 16       		.uleb128 0x16
 594 002b 00       		.byte	0
 595 002c 03       		.uleb128 0x3
 596 002d 0E       		.uleb128 0xe
 597 002e 3A       		.uleb128 0x3a
 598 002f 0B       		.uleb128 0xb
 599 0030 3B       		.uleb128 0x3b
 600 0031 0B       		.uleb128 0xb
 601 0032 49       		.uleb128 0x49
 602 0033 13       		.uleb128 0x13
 603 0034 00       		.byte	0
 604 0035 00       		.byte	0
 605 0036 05       		.uleb128 0x5
 606 0037 16       		.uleb128 0x16
 607 0038 00       		.byte	0
ARM GAS  C:\Users\Matty\AppData\Local\Temp\ccuUDgif.s 			page 20


 608 0039 03       		.uleb128 0x3
 609 003a 0E       		.uleb128 0xe
 610 003b 3A       		.uleb128 0x3a
 611 003c 0B       		.uleb128 0xb
 612 003d 3B       		.uleb128 0x3b
 613 003e 05       		.uleb128 0x5
 614 003f 49       		.uleb128 0x49
 615 0040 13       		.uleb128 0x13
 616 0041 00       		.byte	0
 617 0042 00       		.byte	0
 618 0043 06       		.uleb128 0x6
 619 0044 35       		.uleb128 0x35
 620 0045 00       		.byte	0
 621 0046 49       		.uleb128 0x49
 622 0047 13       		.uleb128 0x13
 623 0048 00       		.byte	0
 624 0049 00       		.byte	0
 625 004a 07       		.uleb128 0x7
 626 004b 2E       		.uleb128 0x2e
 627 004c 00       		.byte	0
 628 004d 3F       		.uleb128 0x3f
 629 004e 19       		.uleb128 0x19
 630 004f 03       		.uleb128 0x3
 631 0050 0E       		.uleb128 0xe
 632 0051 3A       		.uleb128 0x3a
 633 0052 0B       		.uleb128 0xb
 634 0053 3B       		.uleb128 0x3b
 635 0054 0B       		.uleb128 0xb
 636 0055 27       		.uleb128 0x27
 637 0056 19       		.uleb128 0x19
 638 0057 11       		.uleb128 0x11
 639 0058 01       		.uleb128 0x1
 640 0059 12       		.uleb128 0x12
 641 005a 06       		.uleb128 0x6
 642 005b 40       		.uleb128 0x40
 643 005c 18       		.uleb128 0x18
 644 005d 9642     		.uleb128 0x2116
 645 005f 19       		.uleb128 0x19
 646 0060 00       		.byte	0
 647 0061 00       		.byte	0
 648 0062 08       		.uleb128 0x8
 649 0063 2E       		.uleb128 0x2e
 650 0064 01       		.byte	0x1
 651 0065 3F       		.uleb128 0x3f
 652 0066 19       		.uleb128 0x19
 653 0067 03       		.uleb128 0x3
 654 0068 0E       		.uleb128 0xe
 655 0069 3A       		.uleb128 0x3a
 656 006a 0B       		.uleb128 0xb
 657 006b 3B       		.uleb128 0x3b
 658 006c 05       		.uleb128 0x5
 659 006d 27       		.uleb128 0x27
 660 006e 19       		.uleb128 0x19
 661 006f 11       		.uleb128 0x11
 662 0070 01       		.uleb128 0x1
 663 0071 12       		.uleb128 0x12
 664 0072 06       		.uleb128 0x6
ARM GAS  C:\Users\Matty\AppData\Local\Temp\ccuUDgif.s 			page 21


 665 0073 40       		.uleb128 0x40
 666 0074 18       		.uleb128 0x18
 667 0075 9742     		.uleb128 0x2117
 668 0077 19       		.uleb128 0x19
 669 0078 01       		.uleb128 0x1
 670 0079 13       		.uleb128 0x13
 671 007a 00       		.byte	0
 672 007b 00       		.byte	0
 673 007c 09       		.uleb128 0x9
 674 007d 05       		.uleb128 0x5
 675 007e 00       		.byte	0
 676 007f 03       		.uleb128 0x3
 677 0080 0E       		.uleb128 0xe
 678 0081 3A       		.uleb128 0x3a
 679 0082 0B       		.uleb128 0xb
 680 0083 3B       		.uleb128 0x3b
 681 0084 05       		.uleb128 0x5
 682 0085 49       		.uleb128 0x49
 683 0086 13       		.uleb128 0x13
 684 0087 02       		.uleb128 0x2
 685 0088 18       		.uleb128 0x18
 686 0089 00       		.byte	0
 687 008a 00       		.byte	0
 688 008b 0A       		.uleb128 0xa
 689 008c 34       		.uleb128 0x34
 690 008d 00       		.byte	0
 691 008e 03       		.uleb128 0x3
 692 008f 0E       		.uleb128 0xe
 693 0090 3A       		.uleb128 0x3a
 694 0091 0B       		.uleb128 0xb
 695 0092 3B       		.uleb128 0x3b
 696 0093 05       		.uleb128 0x5
 697 0094 49       		.uleb128 0x49
 698 0095 13       		.uleb128 0x13
 699 0096 02       		.uleb128 0x2
 700 0097 18       		.uleb128 0x18
 701 0098 00       		.byte	0
 702 0099 00       		.byte	0
 703 009a 0B       		.uleb128 0xb
 704 009b 2E       		.uleb128 0x2e
 705 009c 00       		.byte	0
 706 009d 03       		.uleb128 0x3
 707 009e 0E       		.uleb128 0xe
 708 009f 3A       		.uleb128 0x3a
 709 00a0 0B       		.uleb128 0xb
 710 00a1 3B       		.uleb128 0x3b
 711 00a2 05       		.uleb128 0x5
 712 00a3 27       		.uleb128 0x27
 713 00a4 19       		.uleb128 0x19
 714 00a5 11       		.uleb128 0x11
 715 00a6 01       		.uleb128 0x1
 716 00a7 12       		.uleb128 0x12
 717 00a8 06       		.uleb128 0x6
 718 00a9 40       		.uleb128 0x40
 719 00aa 18       		.uleb128 0x18
 720 00ab 9742     		.uleb128 0x2117
 721 00ad 19       		.uleb128 0x19
ARM GAS  C:\Users\Matty\AppData\Local\Temp\ccuUDgif.s 			page 22


 722 00ae 00       		.byte	0
 723 00af 00       		.byte	0
 724 00b0 0C       		.uleb128 0xc
 725 00b1 2E       		.uleb128 0x2e
 726 00b2 00       		.byte	0
 727 00b3 03       		.uleb128 0x3
 728 00b4 0E       		.uleb128 0xe
 729 00b5 3A       		.uleb128 0x3a
 730 00b6 0B       		.uleb128 0xb
 731 00b7 3B       		.uleb128 0x3b
 732 00b8 05       		.uleb128 0x5
 733 00b9 27       		.uleb128 0x27
 734 00ba 19       		.uleb128 0x19
 735 00bb 11       		.uleb128 0x11
 736 00bc 01       		.uleb128 0x1
 737 00bd 12       		.uleb128 0x12
 738 00be 06       		.uleb128 0x6
 739 00bf 40       		.uleb128 0x40
 740 00c0 18       		.uleb128 0x18
 741 00c1 9642     		.uleb128 0x2116
 742 00c3 19       		.uleb128 0x19
 743 00c4 00       		.byte	0
 744 00c5 00       		.byte	0
 745 00c6 0D       		.uleb128 0xd
 746 00c7 34       		.uleb128 0x34
 747 00c8 00       		.byte	0
 748 00c9 03       		.uleb128 0x3
 749 00ca 0E       		.uleb128 0xe
 750 00cb 3A       		.uleb128 0x3a
 751 00cc 0B       		.uleb128 0xb
 752 00cd 3B       		.uleb128 0x3b
 753 00ce 0B       		.uleb128 0xb
 754 00cf 49       		.uleb128 0x49
 755 00d0 13       		.uleb128 0x13
 756 00d1 3F       		.uleb128 0x3f
 757 00d2 19       		.uleb128 0x19
 758 00d3 02       		.uleb128 0x2
 759 00d4 18       		.uleb128 0x18
 760 00d5 00       		.byte	0
 761 00d6 00       		.byte	0
 762 00d7 00       		.byte	0
 763              		.section	.debug_aranges,"",%progbits
 764 0000 5C000000 		.4byte	0x5c
 765 0004 0200     		.2byte	0x2
 766 0006 00000000 		.4byte	.Ldebug_info0
 767 000a 04       		.byte	0x4
 768 000b 00       		.byte	0
 769 000c 0000     		.2byte	0
 770 000e 0000     		.2byte	0
 771 0010 00000000 		.4byte	.LFB1
 772 0014 0C000000 		.4byte	.LFE1-.LFB1
 773 0018 00000000 		.4byte	.LFB2
 774 001c 24000000 		.4byte	.LFE2-.LFB2
 775 0020 00000000 		.4byte	.LFB3
 776 0024 24000000 		.4byte	.LFE3-.LFB3
 777 0028 00000000 		.4byte	.LFB4
 778 002c 28000000 		.4byte	.LFE4-.LFB4
ARM GAS  C:\Users\Matty\AppData\Local\Temp\ccuUDgif.s 			page 23


 779 0030 00000000 		.4byte	.LFB5
 780 0034 34000000 		.4byte	.LFE5-.LFB5
 781 0038 00000000 		.4byte	.LFB6
 782 003c 34000000 		.4byte	.LFE6-.LFB6
 783 0040 00000000 		.4byte	.LFB7
 784 0044 08000000 		.4byte	.LFE7-.LFB7
 785 0048 00000000 		.4byte	.LFB8
 786 004c 0C000000 		.4byte	.LFE8-.LFB8
 787 0050 00000000 		.4byte	.LFB9
 788 0054 0C000000 		.4byte	.LFE9-.LFB9
 789 0058 00000000 		.4byte	0
 790 005c 00000000 		.4byte	0
 791              		.section	.debug_ranges,"",%progbits
 792              	.Ldebug_ranges0:
 793 0000 00000000 		.4byte	.LFB1
 794 0004 0C000000 		.4byte	.LFE1
 795 0008 00000000 		.4byte	.LFB2
 796 000c 24000000 		.4byte	.LFE2
 797 0010 00000000 		.4byte	.LFB3
 798 0014 24000000 		.4byte	.LFE3
 799 0018 00000000 		.4byte	.LFB4
 800 001c 28000000 		.4byte	.LFE4
 801 0020 00000000 		.4byte	.LFB5
 802 0024 34000000 		.4byte	.LFE5
 803 0028 00000000 		.4byte	.LFB6
 804 002c 34000000 		.4byte	.LFE6
 805 0030 00000000 		.4byte	.LFB7
 806 0034 08000000 		.4byte	.LFE7
 807 0038 00000000 		.4byte	.LFB8
 808 003c 0C000000 		.4byte	.LFE8
 809 0040 00000000 		.4byte	.LFB9
 810 0044 0C000000 		.4byte	.LFE9
 811 0048 00000000 		.4byte	0
 812 004c 00000000 		.4byte	0
 813              		.section	.debug_line,"",%progbits
 814              	.Ldebug_line0:
 815 0000 1C010000 		.section	.debug_str,"MS",%progbits,1
 815      02005C00 
 815      00000201 
 815      FB0E0D00 
 815      01010101 
 816              	.LASF16:
 817 0000 55415254 		.ascii	"UART_1_Init\000"
 817      5F315F49 
 817      6E697400 
 818              	.LASF18:
 819 000c 55415254 		.ascii	"UART_1_Start\000"
 819      5F315F53 
 819      74617274 
 819      00
 820              	.LASF24:
 821 0019 74784669 		.ascii	"txFifoCtrl\000"
 821      666F4374 
 821      726C00
 822              	.LASF31:
 823 0024 55415254 		.ascii	"UART_1_initVar\000"
 823      5F315F69 
ARM GAS  C:\Users\Matty\AppData\Local\Temp\ccuUDgif.s 			page 24


 823      6E697456 
 823      617200
 824              	.LASF22:
 825 0033 6C657665 		.ascii	"level\000"
 825      6C00
 826              	.LASF26:
 827 0039 55415254 		.ascii	"UART_1_ScbModePostEnable\000"
 827      5F315F53 
 827      63624D6F 
 827      6465506F 
 827      7374456E 
 828              	.LASF3:
 829 0052 73686F72 		.ascii	"short unsigned int\000"
 829      7420756E 
 829      7369676E 
 829      65642069 
 829      6E7400
 830              	.LASF21:
 831 0065 55415254 		.ascii	"UART_1_SetTxFifoLevel\000"
 831      5F315F53 
 831      65745478 
 831      4669666F 
 831      4C657665 
 832              	.LASF11:
 833 007b 666C6F61 		.ascii	"float\000"
 833      7400
 834              	.LASF27:
 835 0081 55415254 		.ascii	"UART_1_ScbModeStop\000"
 835      5F315F53 
 835      63624D6F 
 835      64655374 
 835      6F7000
 836              	.LASF1:
 837 0094 756E7369 		.ascii	"unsigned char\000"
 837      676E6564 
 837      20636861 
 837      7200
 838              	.LASF19:
 839 00a2 55415254 		.ascii	"UART_1_Stop\000"
 839      5F315F53 
 839      746F7000 
 840              	.LASF5:
 841 00ae 6C6F6E67 		.ascii	"long unsigned int\000"
 841      20756E73 
 841      69676E65 
 841      6420696E 
 841      7400
 842              	.LASF9:
 843 00c0 75696E74 		.ascii	"uint8\000"
 843      3800
 844              	.LASF25:
 845 00c6 55415254 		.ascii	"UART_1_ScbEnableIntr\000"
 845      5F315F53 
 845      6362456E 
 845      61626C65 
 845      496E7472 
 846              	.LASF12:
ARM GAS  C:\Users\Matty\AppData\Local\Temp\ccuUDgif.s 			page 25


 847 00db 646F7562 		.ascii	"double\000"
 847      6C6500
 848              	.LASF10:
 849 00e2 75696E74 		.ascii	"uint32\000"
 849      333200
 850              	.LASF8:
 851 00e9 756E7369 		.ascii	"unsigned int\000"
 851      676E6564 
 851      20696E74 
 851      00
 852              	.LASF7:
 853 00f6 6C6F6E67 		.ascii	"long long unsigned int\000"
 853      206C6F6E 
 853      6720756E 
 853      7369676E 
 853      65642069 
 854              	.LASF15:
 855 010d 73697A65 		.ascii	"sizetype\000"
 855      74797065 
 855      00
 856              	.LASF6:
 857 0116 6C6F6E67 		.ascii	"long long int\000"
 857      206C6F6E 
 857      6720696E 
 857      7400
 858              	.LASF13:
 859 0124 63686172 		.ascii	"char\000"
 859      00
 860              	.LASF2:
 861 0129 73686F72 		.ascii	"short int\000"
 861      7420696E 
 861      7400
 862              	.LASF30:
 863 0133 433A5C55 		.ascii	"C:\\Users\\Matty\\Documents\\PSoC Creator\\RF_Switc"
 863      73657273 
 863      5C4D6174 
 863      74795C44 
 863      6F63756D 
 864 0161 685F4D61 		.ascii	"h_Matrix\\RF_Switch_Matrix.cydsn\000"
 864      74726978 
 864      5C52465F 
 864      53776974 
 864      63685F4D 
 865              	.LASF23:
 866 0181 72784669 		.ascii	"rxFifoCtrl\000"
 866      666F4374 
 866      726C00
 867              	.LASF4:
 868 018c 6C6F6E67 		.ascii	"long int\000"
 868      20696E74 
 868      00
 869              	.LASF14:
 870 0195 72656733 		.ascii	"reg32\000"
 870      3200
 871              	.LASF17:
 872 019b 55415254 		.ascii	"UART_1_Enable\000"
 872      5F315F45 
ARM GAS  C:\Users\Matty\AppData\Local\Temp\ccuUDgif.s 			page 26


 872      6E61626C 
 872      6500
 873              	.LASF29:
 874 01a9 2E5C4765 		.ascii	".\\Generated_Source\\PSoC4\\UART_1.c\000"
 874      6E657261 
 874      7465645F 
 874      536F7572 
 874      63655C50 
 875              	.LASF0:
 876 01cb 7369676E 		.ascii	"signed char\000"
 876      65642063 
 876      68617200 
 877              	.LASF28:
 878 01d7 474E5520 		.ascii	"GNU C 4.8.4 20140526 (release) [ARM/embedded-4_8-br"
 878      4320342E 
 878      382E3420 
 878      32303134 
 878      30353236 
 879 020a 616E6368 		.ascii	"anch revision 211358] -mcpu=cortex-m0 -mthumb -g -O"
 879      20726576 
 879      6973696F 
 879      6E203231 
 879      31333538 
 880 023d 30202D66 		.ascii	"0 -ffunction-sections\000"
 880      66756E63 
 880      74696F6E 
 880      2D736563 
 880      74696F6E 
 881              	.LASF20:
 882 0253 55415254 		.ascii	"UART_1_SetRxFifoLevel\000"
 882      5F315F53 
 882      65745278 
 882      4669666F 
 882      4C657665 
 883              		.ident	"GCC: (GNU Tools for ARM Embedded Processors) 4.8.4 20140526 (release) [ARM/embedded-4_8-br
